2024-06-27 07:13:05,969 Watching for file changes with StatReloader
2024-06-27 07:13:38,643 Watching for file changes with StatReloader
2024-06-27 07:34:05,395 [32mHTTP GET /portfolio 302 [0.12, 127.0.0.1:64237][0m
2024-06-27 07:34:05,546 [mHTTP GET /login/?next=/portfolio 200 [0.12, 127.0.0.1:64237][0m
2024-06-27 07:34:05,699 [mHTTP GET /static/libs/simplebar/dist/simplebar.min.css 200 [0.10, 127.0.0.1:64237][0m
2024-06-27 07:34:05,706 [mHTTP GET /static/css/theme.min.css 200 [0.10, 127.0.0.1:64238][0m
2024-06-27 07:34:05,755 [mHTTP GET /static/js/theme.min.js 200 [0.14, 127.0.0.1:64242][0m
2024-06-27 07:34:05,770 [mHTTP GET /static/libs/simplebar/dist/simplebar.min.js 200 [0.16, 127.0.0.1:64241][0m
2024-06-27 07:34:05,780 [mHTTP GET /static/libs/feather-icons/dist/feather.min.js 200 [0.17, 127.0.0.1:64239][0m
2024-06-27 07:34:05,789 [mHTTP GET /static/libs/bootstrap/dist/js/bootstrap.bundle.min.js 200 [0.18, 127.0.0.1:64240][0m
2024-06-27 07:34:06,403 [mHTTP GET /static/images/brand/logo/logo-primary.svg 200 [0.01, 127.0.0.1:64240][0m
2024-06-27 07:34:13,801 [32mHTTP POST /login/?next=/portfolio 302 [0.85, 127.0.0.1:64254][0m
2024-06-27 07:34:13,839 [32mHTTP GET /market 302 [0.03, 127.0.0.1:64254][0m
2024-06-27 07:34:13,915 [mHTTP GET /watchlist 200 [0.07, 127.0.0.1:64254][0m
2024-06-27 07:34:13,973 [mHTTP GET /static/libs/apexcharts/dist/apexcharts.css 200 [0.01, 127.0.0.1:64255][0m
2024-06-27 07:34:13,975 [mHTTP GET /static/css/tailwind.css 200 [0.01, 127.0.0.1:64254][0m
2024-06-27 07:34:14,019 [mHTTP GET /static/libs/apexcharts/dist/apexcharts.min.js 200 [0.05, 127.0.0.1:64256][0m
2024-06-27 07:34:18,961 [mHTTP GET /portfolio 200 [0.09, 127.0.0.1:64256][0m
2024-06-27 07:34:26,294 [mHTTP GET /watchlist 200 [0.02, 127.0.0.1:64262][0m
2024-06-27 07:35:03,612 [mHTTP GET /watchlist 200 [0.17, 127.0.0.1:64275][0m
2024-06-27 07:35:04,189 WebSocket HANDSHAKING /ws/stocks/ [127.0.0.1:64277]
2024-06-27 07:35:04,202 WebSocket CONNECT /ws/stocks/ [127.0.0.1:64277]
2024-06-27 07:35:25,736 [32mHTTP POST /place_order 302 [0.18, 127.0.0.1:64282][0m
2024-06-27 07:35:25,865 [mHTTP GET /orders 200 [0.12, 127.0.0.1:64282][0m
2024-06-27 07:35:26,228 WebSocket DISCONNECT /ws/stocks/ [127.0.0.1:64277]
2024-06-27 07:35:29,474 [mHTTP GET /portfolio 200 [0.03, 127.0.0.1:64282][0m
2024-06-27 07:35:49,536 [mHTTP GET /portfolio 200 [0.09, 127.0.0.1:64293][0m
2024-06-27 07:35:51,718 [mHTTP GET /portfolio 200 [0.03, 127.0.0.1:64299][0m
2024-06-27 07:36:01,898 [mHTTP GET /portfolio 200 [0.08, 127.0.0.1:64310][0m
2024-06-27 07:36:52,618 [mHTTP GET /portfolio 200 [0.09, 127.0.0.1:64325][0m
2024-06-27 07:36:59,003 [32mHTTP POST /place_order 302 [0.10, 127.0.0.1:64330][0m
2024-06-27 07:36:59,064 [mHTTP GET /orders 200 [0.05, 127.0.0.1:64330][0m
2024-06-27 07:37:02,573 [mHTTP GET /portfolio 200 [0.03, 127.0.0.1:64330][0m
2024-06-27 07:37:43,270 [mHTTP GET /portfolio 200 [0.06, 127.0.0.1:64345][0m
2024-06-27 07:37:43,838 WebSocket HANDSHAKING /ws/stocks/ [127.0.0.1:64348]
2024-06-27 07:37:43,847 WebSocket CONNECT /ws/stocks/ [127.0.0.1:64348]
2024-06-27 07:43:35,294 [mHTTP GET /portfolio 200 [0.13, 127.0.0.1:64372][0m
2024-06-27 07:43:35,310 WebSocket DISCONNECT /ws/stocks/ [127.0.0.1:64348]
2024-06-27 07:43:36,488 WebSocket HANDSHAKING /ws/stocks/ [127.0.0.1:64377]
2024-06-27 07:43:36,502 WebSocket CONNECT /ws/stocks/ [127.0.0.1:64377]
2024-06-27 07:44:05,271 [mHTTP GET /portfolio 200 [0.17, 127.0.0.1:64372][0m
2024-06-27 07:44:05,291 WebSocket DISCONNECT /ws/stocks/ [127.0.0.1:64377]
2024-06-27 07:44:05,991 WebSocket HANDSHAKING /ws/stocks/ [127.0.0.1:64382]
2024-06-27 07:44:06,002 WebSocket CONNECT /ws/stocks/ [127.0.0.1:64382]
2024-06-27 07:44:14,170 [mHTTP GET /portfolio 200 [0.11, 127.0.0.1:64372][0m
2024-06-27 07:44:14,179 WebSocket DISCONNECT /ws/stocks/ [127.0.0.1:64382]
2024-06-27 07:44:14,436 WebSocket HANDSHAKING /ws/stocks/ [127.0.0.1:64384]
2024-06-27 07:44:14,444 WebSocket CONNECT /ws/stocks/ [127.0.0.1:64384]
2024-06-27 07:44:42,933 [mHTTP GET /portfolio 200 [0.10, 127.0.0.1:64372][0m
2024-06-27 07:44:42,947 WebSocket DISCONNECT /ws/stocks/ [127.0.0.1:64384]
2024-06-27 07:44:43,538 WebSocket HANDSHAKING /ws/stocks/ [127.0.0.1:64388]
2024-06-27 07:44:43,548 WebSocket CONNECT /ws/stocks/ [127.0.0.1:64388]
2024-06-27 07:44:50,853 [mHTTP GET /portfolio 200 [0.11, 127.0.0.1:64372][0m
2024-06-27 07:44:50,865 WebSocket DISCONNECT /ws/stocks/ [127.0.0.1:64388]
2024-06-27 07:44:51,412 WebSocket HANDSHAKING /ws/stocks/ [127.0.0.1:64389]
2024-06-27 07:44:51,423 WebSocket CONNECT /ws/stocks/ [127.0.0.1:64389]
2024-06-27 07:45:06,670 [mHTTP GET /portfolio 200 [0.08, 127.0.0.1:64372][0m
2024-06-27 07:45:06,683 WebSocket DISCONNECT /ws/stocks/ [127.0.0.1:64389]
2024-06-27 07:45:07,214 WebSocket HANDSHAKING /ws/stocks/ [127.0.0.1:64390]
2024-06-27 07:45:07,228 WebSocket CONNECT /ws/stocks/ [127.0.0.1:64390]
2024-06-27 07:45:16,277 [mHTTP GET /portfolio 200 [0.09, 127.0.0.1:64372][0m
2024-06-27 07:45:16,285 WebSocket DISCONNECT /ws/stocks/ [127.0.0.1:64390]
2024-06-27 07:45:16,544 WebSocket HANDSHAKING /ws/stocks/ [127.0.0.1:64392]
2024-06-27 07:45:16,551 WebSocket CONNECT /ws/stocks/ [127.0.0.1:64392]
2024-06-27 07:45:30,233 [mHTTP GET /portfolio 200 [0.08, 127.0.0.1:64372][0m
2024-06-27 07:45:30,243 WebSocket DISCONNECT /ws/stocks/ [127.0.0.1:64392]
2024-06-27 07:45:30,490 WebSocket HANDSHAKING /ws/stocks/ [127.0.0.1:64394]
2024-06-27 07:45:30,496 WebSocket CONNECT /ws/stocks/ [127.0.0.1:64394]
2024-06-27 07:46:13,821 [mHTTP GET /portfolio 200 [0.07, 127.0.0.1:64372][0m
2024-06-27 07:46:13,829 WebSocket DISCONNECT /ws/stocks/ [127.0.0.1:64394]
2024-06-27 07:46:14,356 WebSocket HANDSHAKING /ws/stocks/ [127.0.0.1:64400]
2024-06-27 07:46:14,366 WebSocket CONNECT /ws/stocks/ [127.0.0.1:64400]
2024-06-27 07:47:14,918 [mHTTP GET /portfolio 200 [0.15, 127.0.0.1:64404][0m
2024-06-27 07:47:14,927 WebSocket DISCONNECT /ws/stocks/ [127.0.0.1:64400]
2024-06-27 07:47:15,495 WebSocket HANDSHAKING /ws/stocks/ [127.0.0.1:64407]
2024-06-27 07:47:15,505 WebSocket CONNECT /ws/stocks/ [127.0.0.1:64407]
2024-06-27 07:48:18,681 [mHTTP GET /portfolio 200 [0.06, 127.0.0.1:64408][0m
2024-06-27 07:48:18,688 WebSocket DISCONNECT /ws/stocks/ [127.0.0.1:64407]
2024-06-27 07:48:19,257 WebSocket HANDSHAKING /ws/stocks/ [127.0.0.1:64411]
2024-06-27 07:48:19,268 WebSocket CONNECT /ws/stocks/ [127.0.0.1:64411]
2024-06-27 07:51:27,575 [mHTTP GET /watchlist 200 [0.07, 127.0.0.1:64433][0m
2024-06-27 07:51:28,044 WebSocket DISCONNECT /ws/stocks/ [127.0.0.1:64411]
2024-06-27 07:51:28,246 WebSocket HANDSHAKING /ws/stocks/ [127.0.0.1:64437]
2024-06-27 07:51:28,255 WebSocket CONNECT /ws/stocks/ [127.0.0.1:64437]
2024-06-27 07:51:29,879 [mHTTP GET /portfolio 200 [0.08, 127.0.0.1:64433][0m
2024-06-27 07:51:30,261 WebSocket HANDSHAKING /ws/stocks/ [127.0.0.1:64438]
2024-06-27 07:51:30,265 WebSocket DISCONNECT /ws/stocks/ [127.0.0.1:64437]
2024-06-27 07:51:30,269 WebSocket CONNECT /ws/stocks/ [127.0.0.1:64438]
2024-06-27 07:51:32,034 [mHTTP GET /orders 200 [0.05, 127.0.0.1:64433][0m
2024-06-27 07:51:32,469 WebSocket DISCONNECT /ws/stocks/ [127.0.0.1:64438]
2024-06-27 07:51:39,315 [mHTTP GET /profile 200 [0.04, 127.0.0.1:64433][0m
2024-06-27 07:52:20,875 [mHTTP GET /profile 200 [0.03, 127.0.0.1:64433][0m
2024-06-27 07:52:38,564 [mHTTP GET /profile 200 [0.04, 127.0.0.1:64433][0m
2024-06-27 07:52:43,926 [32mHTTP GET /logout 301 [0.19, 127.0.0.1:64433][0m
2024-06-27 07:52:43,957 [32mHTTP GET /logout/ 302 [0.02, 127.0.0.1:64433][0m
2024-06-27 07:52:43,975 [mHTTP GET /login/ 200 [0.01, 127.0.0.1:64433][0m
2024-06-27 07:53:09,698 [mHTTP GET /login/ 200 [0.04, 127.0.0.1:64433][0m
2024-06-27 07:53:28,139 [mHTTP GET /login/ 200 [0.03, 127.0.0.1:64433][0m
2024-06-27 07:53:33,947 [mHTTP GET /login/ 200 [0.06, 127.0.0.1:64433][0m
2024-06-27 07:53:54,835 [33mHTTP GET /static/libs/bootstrap/dist/js/bootstrap.bundle.min.js.map 404 [0.01, 127.0.0.1:64453][0m
2024-06-27 07:53:54,836 [33mHTTP GET /static/libs/feather-icons/dist/feather.min.js.map 404 [0.01, 127.0.0.1:64433][0m
2024-06-27 07:53:58,471 [32mHTTP GET /signup 301 [0.02, 127.0.0.1:64433][0m
2024-06-27 07:53:58,560 [mHTTP GET /signup/ 200 [0.08, 127.0.0.1:64433][0m
2024-06-27 07:53:59,450 [33mHTTP GET /static/libs/feather-icons/dist/feather.min.js.map 404 [0.02, 127.0.0.1:64433][0m
2024-06-27 07:53:59,453 [33mHTTP GET /static/libs/bootstrap/dist/js/bootstrap.bundle.min.js.map 404 [0.02, 127.0.0.1:64453][0m
2024-06-27 07:54:35,646 [mHTTP GET /signup/ 200 [0.09, 127.0.0.1:64453][0m
2024-06-27 07:54:37,015 [33mHTTP GET /static/libs/feather-icons/dist/feather.min.js.map 404 [0.01, 127.0.0.1:64453][0m
2024-06-27 07:54:37,043 [33mHTTP GET /static/libs/bootstrap/dist/js/bootstrap.bundle.min.js.map 404 [0.01, 127.0.0.1:64453][0m
2024-06-27 07:55:08,138 [mHTTP GET /signup/ 200 [0.04, 127.0.0.1:64453][0m
2024-06-27 07:55:09,451 [33mHTTP GET /static/libs/feather-icons/dist/feather.min.js.map 404 [0.02, 127.0.0.1:64453][0m
2024-06-27 07:55:09,456 [33mHTTP GET /static/libs/bootstrap/dist/js/bootstrap.bundle.min.js.map 404 [0.02, 127.0.0.1:64491][0m
2024-06-27 07:55:13,477 [mHTTP GET /signup/ 200 [0.04, 127.0.0.1:64491][0m
2024-06-27 07:55:14,794 [33mHTTP GET /static/libs/feather-icons/dist/feather.min.js.map 404 [0.02, 127.0.0.1:64491][0m
2024-06-27 07:55:14,799 [33mHTTP GET /static/libs/bootstrap/dist/js/bootstrap.bundle.min.js.map 404 [0.02, 127.0.0.1:64453][0m
2024-06-27 07:55:33,317 [mHTTP GET /signup/ 200 [0.04, 127.0.0.1:64453][0m
2024-06-27 07:55:34,733 [33mHTTP GET /static/libs/feather-icons/dist/feather.min.js.map 404 [0.02, 127.0.0.1:64453][0m
2024-06-27 07:55:34,806 [33mHTTP GET /static/libs/bootstrap/dist/js/bootstrap.bundle.min.js.map 404 [0.01, 127.0.0.1:64453][0m
2024-06-27 07:56:16,166 [mHTTP GET /signup/ 200 [0.04, 127.0.0.1:64453][0m
2024-06-27 07:56:25,364 [mHTTP GET /signup/ 200 [0.03, 127.0.0.1:64453][0m
2024-06-27 07:56:41,786 [33mHTTP GET /static/libs/bootstrap/dist/js/bootstrap.bundle.min.js.map 404 [0.01, 127.0.0.1:64516][0m
2024-06-27 07:56:41,787 [33mHTTP GET /static/libs/feather-icons/dist/feather.min.js.map 404 [0.01, 127.0.0.1:64453][0m
2024-06-27 07:56:57,017 [mHTTP GET /signup/ 200 [0.02, 127.0.0.1:64453][0m
2024-06-27 07:56:58,122 [33mHTTP GET /static/libs/bootstrap/dist/js/bootstrap.bundle.min.js.map 404 [0.02, 127.0.0.1:64516][0m
2024-06-27 07:56:58,123 [33mHTTP GET /static/libs/feather-icons/dist/feather.min.js.map 404 [0.02, 127.0.0.1:64453][0m
2024-06-27 07:57:59,541 [mHTTP GET /signup/ 200 [0.02, 127.0.0.1:64560][0m
2024-06-27 07:58:00,931 [33mHTTP GET /static/libs/feather-icons/dist/feather.min.js.map 404 [0.01, 127.0.0.1:64560][0m
2024-06-27 07:58:00,957 [33mHTTP GET /static/libs/bootstrap/dist/js/bootstrap.bundle.min.js.map 404 [0.02, 127.0.0.1:64560][0m
2024-06-27 07:58:02,845 [32mHTTP GET /login 301 [0.02, 127.0.0.1:64560][0m
2024-06-27 07:58:02,874 [mHTTP GET /login/ 200 [0.02, 127.0.0.1:64560][0m
2024-06-27 07:58:04,267 [33mHTTP GET /static/libs/feather-icons/dist/feather.min.js.map 404 [0.01, 127.0.0.1:64560][0m
2024-06-27 07:58:04,466 [33mHTTP GET /static/libs/bootstrap/dist/js/bootstrap.bundle.min.js.map 404 [0.01, 127.0.0.1:64560][0m
2024-06-27 07:58:11,821 [32mHTTP POST /login/ 302 [0.96, 127.0.0.1:64560][0m
2024-06-27 07:58:11,844 [32mHTTP GET /market 302 [0.01, 127.0.0.1:64560][0m
2024-06-27 07:58:11,879 [mHTTP GET /watchlist 200 [0.03, 127.0.0.1:64560][0m
2024-06-27 07:58:12,717 WebSocket HANDSHAKING /ws/stocks/ [127.0.0.1:64570]
2024-06-27 07:58:12,727 WebSocket CONNECT /ws/stocks/ [127.0.0.1:64570]
2024-06-27 07:58:13,067 [33mHTTP GET /static/libs/feather-icons/dist/feather.min.js.map 404 [0.01, 127.0.0.1:64560][0m
2024-06-27 07:58:13,069 [33mHTTP GET /static/libs/bootstrap/dist/js/bootstrap.bundle.min.js.map 404 [0.01, 127.0.0.1:64561][0m
2024-06-27 07:58:18,235 [mHTTP GET /profile 200 [0.01, 127.0.0.1:64573][0m
2024-06-27 07:58:18,824 WebSocket DISCONNECT /ws/stocks/ [127.0.0.1:64570]
2024-06-27 07:58:19,234 [33mHTTP GET /static/libs/feather-icons/dist/feather.min.js.map 404 [0.02, 127.0.0.1:64573][0m
2024-06-27 07:58:19,235 [33mHTTP GET /static/libs/bootstrap/dist/js/bootstrap.bundle.min.js.map 404 [0.01, 127.0.0.1:64574][0m
2024-06-27 07:58:24,017 [mHTTP GET /portfolio 200 [0.04, 127.0.0.1:64574][0m
2024-06-27 07:58:24,833 WebSocket HANDSHAKING /ws/stocks/ [127.0.0.1:64579]
2024-06-27 07:58:24,842 WebSocket CONNECT /ws/stocks/ [127.0.0.1:64579]
2024-06-27 07:58:25,169 [33mHTTP GET /static/libs/bootstrap/dist/js/bootstrap.bundle.min.js.map 404 [0.01, 127.0.0.1:64573][0m
2024-06-27 07:58:25,172 [33mHTTP GET /static/libs/feather-icons/dist/feather.min.js.map 404 [0.01, 127.0.0.1:64574][0m
2024-06-27 07:58:25,908 [32mHTTP GET /market 302 [0.01, 127.0.0.1:64574][0m
2024-06-27 07:58:25,928 [mHTTP GET /watchlist 200 [0.01, 127.0.0.1:64574][0m
2024-06-27 07:58:26,627 WebSocket DISCONNECT /ws/stocks/ [127.0.0.1:64579]
2024-06-27 07:58:26,885 WebSocket HANDSHAKING /ws/stocks/ [127.0.0.1:64581]
2024-06-27 07:58:26,892 WebSocket CONNECT /ws/stocks/ [127.0.0.1:64581]
2024-06-27 07:58:27,082 [33mHTTP GET /static/libs/feather-icons/dist/feather.min.js.map 404 [0.02, 127.0.0.1:64574][0m
2024-06-27 07:58:27,085 [33mHTTP GET /static/libs/bootstrap/dist/js/bootstrap.bundle.min.js.map 404 [0.02, 127.0.0.1:64573][0m
2024-06-27 08:01:25,621 D:\stox\app\models.py changed, reloading.
2024-06-27 08:01:30,597 Watching for file changes with StatReloader
2024-06-27 08:01:32,222 Internal Server Error: /watchlist
Traceback (most recent call last):
  File "C:\Users\atulg\AppData\Roaming\Python\Python310\site-packages\django\db\backends\utils.py", line 89, in _execute
    return self.cursor.execute(sql, params)
  File "C:\Users\atulg\AppData\Roaming\Python\Python310\site-packages\django\db\backends\sqlite3\base.py", line 328, in execute
    return super().execute(query, params)
sqlite3.OperationalError: no such column: app_watchlist.is_default

The above exception was the direct cause of the following exception:

Traceback (most recent call last):
  File "C:\Users\atulg\AppData\Roaming\Python\Python310\site-packages\asgiref\sync.py", line 534, in thread_handler
    raise exc_info[1]
  File "C:\Users\atulg\AppData\Roaming\Python\Python310\site-packages\django\core\handlers\exception.py", line 42, in inner
    response = await get_response(request)
  File "C:\Users\atulg\AppData\Roaming\Python\Python310\site-packages\django\core\handlers\base.py", line 253, in _get_response_async
    response = await wrapped_callback(
  File "C:\Users\atulg\AppData\Roaming\Python\Python310\site-packages\asgiref\sync.py", line 479, in __call__
    ret: _R = await loop.run_in_executor(
  File "C:\Program Files\Python310\lib\concurrent\futures\thread.py", line 58, in run
    result = self.fn(*self.args, **self.kwargs)
  File "C:\Users\atulg\AppData\Roaming\Python\Python310\site-packages\asgiref\sync.py", line 538, in thread_handler
    return func(*args, **kwargs)
  File "C:\Users\atulg\AppData\Roaming\Python\Python310\site-packages\django\contrib\auth\decorators.py", line 23, in _wrapper_view
    return view_func(request, *args, **kwargs)
  File "D:\stox\app\views.py", line 271, in watchlist
    for i in watch_list:
  File "C:\Users\atulg\AppData\Roaming\Python\Python310\site-packages\django\db\models\query.py", line 398, in __iter__
    self._fetch_all()
  File "C:\Users\atulg\AppData\Roaming\Python\Python310\site-packages\django\db\models\query.py", line 1881, in _fetch_all
    self._result_cache = list(self._iterable_class(self))
  File "C:\Users\atulg\AppData\Roaming\Python\Python310\site-packages\django\db\models\query.py", line 91, in __iter__
    results = compiler.execute_sql(
  File "C:\Users\atulg\AppData\Roaming\Python\Python310\site-packages\django\db\models\sql\compiler.py", line 1562, in execute_sql
    cursor.execute(sql, params)
  File "C:\Users\atulg\AppData\Roaming\Python\Python310\site-packages\django\db\backends\utils.py", line 102, in execute
    return super().execute(sql, params)
  File "C:\Users\atulg\AppData\Roaming\Python\Python310\site-packages\django\db\backends\utils.py", line 67, in execute
    return self._execute_with_wrappers(
  File "C:\Users\atulg\AppData\Roaming\Python\Python310\site-packages\django\db\backends\utils.py", line 80, in _execute_with_wrappers
    return executor(sql, params, many, context)
  File "C:\Users\atulg\AppData\Roaming\Python\Python310\site-packages\django\db\backends\utils.py", line 84, in _execute
    with self.db.wrap_database_errors:
  File "C:\Users\atulg\AppData\Roaming\Python\Python310\site-packages\django\db\utils.py", line 91, in __exit__
    raise dj_exc_value.with_traceback(traceback) from exc_value
  File "C:\Users\atulg\AppData\Roaming\Python\Python310\site-packages\django\db\backends\utils.py", line 89, in _execute
    return self.cursor.execute(sql, params)
  File "C:\Users\atulg\AppData\Roaming\Python\Python310\site-packages\django\db\backends\sqlite3\base.py", line 328, in execute
    return super().execute(query, params)
django.db.utils.OperationalError: no such column: app_watchlist.is_default
2024-06-27 08:01:32,229 [35;1mHTTP GET /watchlist 500 [0.25, 127.0.0.1:64626][0m
2024-06-27 08:01:33,684 Not Found: /favicon.ico
2024-06-27 08:01:33,685 [33mHTTP GET /favicon.ico 404 [0.02, 127.0.0.1:64630][0m
2024-06-27 08:01:46,015 D:\stox\app\models.py changed, reloading.
2024-06-27 08:01:48,193 Watching for file changes with StatReloader
2024-06-27 08:06:06,288 D:\stox\app\models.py changed, reloading.
2024-06-27 08:06:10,953 Watching for file changes with StatReloader
2024-06-27 08:06:34,182 Watching for file changes with StatReloader
2024-06-27 08:06:51,110 [mHTTP GET /watchlist 200 [0.10, 127.0.0.1:64721][0m
2024-06-27 08:06:51,589 WebSocket HANDSHAKING /ws/stocks/ [127.0.0.1:64725]
2024-06-27 08:06:51,603 WebSocket CONNECT /ws/stocks/ [127.0.0.1:64725]
2024-06-27 08:06:58,890 [32mHTTP GET /admin 301 [0.04, 127.0.0.1:64721][0m
2024-06-27 08:06:59,151 [mHTTP GET /admin/ 200 [0.25, 127.0.0.1:64721][0m
2024-06-27 08:06:59,287 [mHTTP GET /static/admin/css/dark_mode.css 200 [0.10, 127.0.0.1:64722][0m
2024-06-27 08:06:59,292 [mHTTP GET /static/admin/css/base.css 200 [0.10, 127.0.0.1:64721][0m
2024-06-27 08:06:59,296 [mHTTP GET /static/admin/css/nav_sidebar.css 200 [0.10, 127.0.0.1:64726][0m
2024-06-27 08:06:59,298 [mHTTP GET /static/admin/css/dashboard.css 200 [0.10, 127.0.0.1:64727][0m
2024-06-27 08:06:59,299 [mHTTP GET /static/admin/css/responsive.css 200 [0.10, 127.0.0.1:64728][0m
2024-06-27 08:06:59,449 WebSocket DISCONNECT /ws/stocks/ [127.0.0.1:64725]
2024-06-27 08:06:59,470 [mHTTP GET /static/admin/img/icon-addlink.svg 200 [0.02, 127.0.0.1:64726][0m
2024-06-27 08:06:59,474 [mHTTP GET /static/admin/img/icon-changelink.svg 200 [0.02, 127.0.0.1:64721][0m
2024-06-27 08:06:59,476 [mHTTP GET /static/admin/img/icon-deletelink.svg 200 [0.02, 127.0.0.1:64722][0m
2024-06-27 08:06:59,490 [mHTTP GET /static/admin/js/theme.js 200 [0.05, 127.0.0.1:64728][0m
2024-06-27 08:06:59,494 [mHTTP GET /static/admin/js/nav_sidebar.js 200 [0.05, 127.0.0.1:64727][0m
2024-06-27 08:07:02,519 [mHTTP GET /admin/app/watchlist/ 200 [0.31, 127.0.0.1:64727][0m
2024-06-27 08:07:02,565 [mHTTP GET /static/admin/css/changelists.css 200 [0.01, 127.0.0.1:64727][0m
2024-06-27 08:07:02,595 [mHTTP GET /static/admin/js/jquery.init.js 200 [0.03, 127.0.0.1:64721][0m
2024-06-27 08:07:02,613 [mHTTP GET /static/admin/js/actions.js 200 [0.03, 127.0.0.1:64727][0m
2024-06-27 08:07:02,616 [mHTTP GET /static/admin/js/core.js 200 [0.05, 127.0.0.1:64726][0m
2024-06-27 08:07:02,620 [mHTTP GET /admin/jsi18n/ 200 [0.06, 127.0.0.1:64728][0m
2024-06-27 08:07:02,622 [mHTTP GET /static/admin/js/admin/RelatedObjectLookups.js 200 [0.05, 127.0.0.1:64729][0m
2024-06-27 08:07:02,630 [mHTTP GET /static/admin/js/urlify.js 200 [0.03, 127.0.0.1:64721][0m
2024-06-27 08:07:02,646 [mHTTP GET /static/admin/js/prepopulate.js 200 [0.03, 127.0.0.1:64727][0m
2024-06-27 08:07:02,681 [mHTTP GET /static/admin/js/vendor/jquery/jquery.js 200 [0.12, 127.0.0.1:64722][0m
2024-06-27 08:07:02,745 [mHTTP GET /static/admin/js/vendor/xregexp/xregexp.js 200 [0.12, 127.0.0.1:64726][0m
2024-06-27 08:07:02,846 [mHTTP GET /static/admin/js/filters.js 200 [0.01, 127.0.0.1:64726][0m
2024-06-27 08:07:02,872 [mHTTP GET /static/admin/img/tooltag-add.svg 200 [0.01, 127.0.0.1:64726][0m
2024-06-27 08:07:07,075 [mHTTP GET /admin/app/watchlist/62/change/ 200 [0.19, 127.0.0.1:64726][0m
2024-06-27 08:07:07,118 [mHTTP GET /static/admin/css/forms.css 200 [0.01, 127.0.0.1:64726][0m
2024-06-27 08:07:07,130 [mHTTP GET /static/admin/img/icon-viewlink.svg 200 [0.02, 127.0.0.1:64727][0m
2024-06-27 08:07:07,133 [mHTTP GET /admin/jsi18n/ 200 [0.02, 127.0.0.1:64722][0m
2024-06-27 08:07:07,134 [mHTTP GET /static/admin/js/prepopulate_init.js 200 [0.02, 127.0.0.1:64721][0m
2024-06-27 08:07:07,342 [mHTTP GET /static/admin/css/widgets.css 200 [0.00, 127.0.0.1:64721][0m
2024-06-27 08:07:07,359 [mHTTP GET /static/admin/js/change_form.js 200 [0.01, 127.0.0.1:64722][0m
2024-06-27 08:07:10,599 [32mHTTP POST /admin/app/watchlist/62/change/ 302 [0.09, 127.0.0.1:64731][0m
2024-06-27 08:07:10,695 [mHTTP GET /admin/app/watchlist/ 200 [0.09, 127.0.0.1:64731][0m
2024-06-27 08:07:10,741 [mHTTP GET /admin/jsi18n/ 200 [0.01, 127.0.0.1:64731][0m
2024-06-27 08:07:10,870 [mHTTP GET /static/admin/img/icon-yes.svg 200 [0.01, 127.0.0.1:64731][0m
2024-06-27 08:07:21,697 [mHTTP GET /admin/app/customuser/ 200 [0.06, 127.0.0.1:64731][0m
2024-06-27 08:07:21,739 [mHTTP GET /static/admin/img/search.svg 200 [0.01, 127.0.0.1:64732][0m
2024-06-27 08:07:21,741 [mHTTP GET /static/admin/img/icon-no.svg 200 [0.01, 127.0.0.1:64735][0m
2024-06-27 08:07:21,744 [mHTTP GET /admin/jsi18n/ 200 [0.02, 127.0.0.1:64731][0m
2024-06-27 08:07:21,981 [mHTTP GET /static/admin/img/sorting-icons.svg 200 [0.01, 127.0.0.1:64731][0m
2024-06-27 08:07:26,088 [mHTTP GET /admin/app/customuser/add/ 200 [0.11, 127.0.0.1:64731][0m
2024-06-27 08:07:26,139 [mHTTP GET /admin/jsi18n/ 200 [0.01, 127.0.0.1:64731][0m
2024-06-27 08:07:57,344 [32mHTTP POST /admin/app/customuser/add/ 302 [1.02, 127.0.0.1:64731][0m
2024-06-27 08:07:57,433 [mHTTP GET /admin/app/customuser/7/change/ 200 [0.08, 127.0.0.1:64731][0m
2024-06-27 08:07:57,480 [mHTTP GET /admin/jsi18n/ 200 [0.01, 127.0.0.1:64731][0m
2024-06-27 08:08:05,892 [mHTTP POST /admin/app/customuser/7/change/ 200 [0.09, 127.0.0.1:64731][0m
2024-06-27 08:08:05,937 [mHTTP GET /admin/jsi18n/ 200 [0.01, 127.0.0.1:64731][0m
2024-06-27 08:08:14,171 [mHTTP POST /admin/app/customuser/7/change/ 200 [0.07, 127.0.0.1:64731][0m
2024-06-27 08:08:14,217 [mHTTP GET /admin/jsi18n/ 200 [0.01, 127.0.0.1:64731][0m
2024-06-27 08:08:28,295 [32mHTTP POST /admin/app/customuser/7/change/ 302 [0.02, 127.0.0.1:64731][0m
2024-06-27 08:08:28,367 [mHTTP GET /admin/app/customuser/ 200 [0.06, 127.0.0.1:64731][0m
2024-06-27 08:08:28,407 [mHTTP GET /admin/jsi18n/ 200 [0.01, 127.0.0.1:64731][0m
2024-06-27 08:08:35,942 [mHTTP GET /admin/app/watchlist/ 200 [0.09, 127.0.0.1:64731][0m
2024-06-27 08:08:35,989 [mHTTP GET /admin/jsi18n/ 200 [0.01, 127.0.0.1:64731][0m
2024-06-27 08:08:40,014 [mHTTP GET /admin/app/watchlist/77/change/ 200 [0.07, 127.0.0.1:64731][0m
2024-06-27 08:08:40,064 [mHTTP GET /admin/jsi18n/ 200 [0.01, 127.0.0.1:64731][0m
2024-06-27 08:08:42,610 [mHTTP GET /admin/app/watchlist/ 200 [0.10, 127.0.0.1:64731][0m
2024-06-27 10:18:08,513 Watching for file changes with StatReloader
2024-06-27 10:18:17,142 [mHTTP GET / 200 [0.06, 127.0.0.1:49740][0m
2024-06-27 10:18:17,295 [mHTTP GET /static/landingasset/css/bootstrap.min.css 200 [0.13, 127.0.0.1:49740][0m
2024-06-27 10:18:17,299 [mHTTP GET /static/landingasset/css/font-awesome.min.css 200 [0.13, 127.0.0.1:49741][0m
2024-06-27 10:18:17,310 [mHTTP GET /static/landingasset/css/style.css 200 [0.13, 127.0.0.1:49747][0m
2024-06-27 10:18:17,318 [mHTTP GET /static/landingasset/css/animate.css 200 [0.15, 127.0.0.1:49745][0m
2024-06-27 10:18:17,319 [mHTTP GET /static/landingasset/css/owl.carousel.css 200 [0.14, 127.0.0.1:49746][0m
2024-06-27 10:18:17,320 [mHTTP GET /static/landingasset/css/themify-icons.css 200 [0.15, 127.0.0.1:49744][0m
2024-06-27 10:18:17,336 [mHTTP GET /static/landingasset/img/laptop.png 200 [0.03, 127.0.0.1:49741][0m
2024-06-27 10:18:17,341 [mHTTP GET /static/landingasset/img/about-img.png 200 [0.02, 127.0.0.1:49747][0m
2024-06-27 10:18:17,355 [mHTTP GET /static/landingasset/img/process-icons/2.png 200 [0.03, 127.0.0.1:49744][0m
2024-06-27 10:18:17,358 [mHTTP GET /static/landingasset/img/process-icons/1.png 200 [0.03, 127.0.0.1:49746][0m
2024-06-27 10:18:17,360 [mHTTP GET /static/landingasset/img/process-icons/3.png 200 [0.03, 127.0.0.1:49745][0m
2024-06-27 10:18:17,400 [mHTTP GET /static/landingasset/js/main.js 200 [0.04, 127.0.0.1:49747][0m
2024-06-27 10:18:17,403 [mHTTP GET /static/landingasset/img/hero-bg.png 200 [0.02, 127.0.0.1:49745][0m
2024-06-27 10:18:17,406 [mHTTP GET /static/landingasset/img/process-line.png 200 [0.02, 127.0.0.1:49746][0m
2024-06-27 10:18:17,408 [mHTTP GET /static/landingasset/js/owl.carousel.min.js 200 [0.06, 127.0.0.1:49741][0m
2024-06-27 10:18:17,410 [mHTTP GET /static/landingasset/js/jquery-3.2.1.min.js 200 [0.10, 127.0.0.1:49740][0m
2024-06-27 10:18:17,481 [mHTTP GET /static/landingasset/fonts/Futura.woff 200 [0.02, 127.0.0.1:49740][0m
2024-06-27 10:18:17,488 [mHTTP GET /static/landingasset/icon-fonts/fontawesome-webfont.woff2?v=4.7.0 200 [0.02, 127.0.0.1:49741][0m
2024-06-27 10:18:17,490 [mHTTP GET /static/landingasset/icon-fonts/themify.woff?-fvbane 200 [0.03, 127.0.0.1:49746][0m
2024-06-27 10:18:17,677 [33mHTTP GET /static/assets/images/logo-thumb.png 404 [0.11, 127.0.0.1:49741][0m
2024-06-27 10:18:27,302 [mHTTP GET / 200 [0.00, 127.0.0.1:49752][0m
2024-06-27 10:18:27,428 [mHTTP GET /static/landingasset/css/bootstrap.min.css 200 [0.02, 127.0.0.1:49752][0m
2024-06-27 10:18:27,430 [mHTTP GET /static/landingasset/css/font-awesome.min.css 200 [0.02, 127.0.0.1:49753][0m
2024-06-27 10:18:27,434 [mHTTP GET /static/landingasset/css/animate.css 200 [0.02, 127.0.0.1:49755][0m
2024-06-27 10:18:27,435 [mHTTP GET /static/landingasset/css/themify-icons.css 200 [0.02, 127.0.0.1:49754][0m
2024-06-27 10:18:27,437 [mHTTP GET /static/landingasset/css/owl.carousel.css 200 [0.02, 127.0.0.1:49756][0m
2024-06-27 10:18:27,441 [mHTTP GET /static/landingasset/css/style.css 200 [0.02, 127.0.0.1:49757][0m
2024-06-27 10:18:27,447 [mHTTP GET /static/landingasset/img/about-img.png 200 [0.01, 127.0.0.1:49752][0m
2024-06-27 10:18:27,448 [mHTTP GET /static/landingasset/img/laptop.png 200 [0.01, 127.0.0.1:49753][0m
2024-06-27 10:18:27,657 [mHTTP GET /static/landingasset/img/process-icons/1.png 200 [0.01, 127.0.0.1:49753][0m
2024-06-27 10:18:27,665 [mHTTP GET /static/landingasset/img/process-icons/2.png 200 [0.02, 127.0.0.1:49752][0m
2024-06-27 10:18:27,666 [mHTTP GET /static/landingasset/img/process-icons/3.png 200 [0.02, 127.0.0.1:49757][0m
2024-06-27 10:18:27,667 [mHTTP GET /static/landingasset/js/jquery-3.2.1.min.js 200 [0.02, 127.0.0.1:49756][0m
2024-06-27 10:18:27,668 [mHTTP GET /static/landingasset/js/owl.carousel.min.js 200 [0.01, 127.0.0.1:49755][0m
2024-06-27 10:18:27,668 [mHTTP GET /static/landingasset/js/main.js 200 [0.01, 127.0.0.1:49754][0m
2024-06-27 10:18:27,814 [mHTTP GET /static/landingasset/img/hero-bg.png 200 [0.00, 127.0.0.1:49756][0m
2024-06-27 10:18:27,815 [mHTTP GET /static/landingasset/img/process-line.png 200 [0.00, 127.0.0.1:49755][0m
2024-06-27 10:18:27,886 [mHTTP GET /static/landingasset/fonts/Futura.woff 200 [0.01, 127.0.0.1:49755][0m
2024-06-27 10:18:27,891 [mHTTP GET /static/landingasset/icon-fonts/fontawesome-webfont.woff2?v=4.7.0 200 [0.01, 127.0.0.1:49756][0m
2024-06-27 10:18:27,896 [mHTTP GET /static/landingasset/icon-fonts/themify.woff?-fvbane 200 [0.01, 127.0.0.1:49754][0m
2024-06-27 10:18:27,949 [33mHTTP GET /static/assets/images/logo-thumb.png 404 [0.04, 127.0.0.1:49754][0m
2024-06-27 10:18:28,188 [33mHTTP GET /static/assets/images/logo-thumb.png 404 [0.01, 127.0.0.1:49754][0m
2024-06-27 10:18:30,733 [mHTTP GET /login/ 200 [0.02, 127.0.0.1:49754][0m
2024-06-27 10:18:42,911 [32mHTTP POST /login/ 302 [0.51, 127.0.0.1:49761][0m
2024-06-27 10:18:42,929 [32mHTTP GET /market 302 [0.01, 127.0.0.1:49761][0m
2024-06-27 10:18:42,990 [mHTTP GET /watchlist 200 [0.06, 127.0.0.1:49761][0m
2024-06-27 10:18:43,437 WebSocket HANDSHAKING /ws/stocks/ [127.0.0.1:49764]
2024-06-27 10:18:43,449 WebSocket CONNECT /ws/stocks/ [127.0.0.1:49764]
2024-06-27 10:20:32,025 [mHTTP GET /watchlist 200 [0.02, 127.0.0.1:49793][0m
2024-06-27 10:20:32,037 WebSocket DISCONNECT /ws/stocks/ [127.0.0.1:49764]
2024-06-27 10:20:32,642 WebSocket HANDSHAKING /ws/stocks/ [127.0.0.1:49799]
2024-06-27 10:20:32,653 WebSocket CONNECT /ws/stocks/ [127.0.0.1:49799]
2024-06-27 10:21:24,077 [32mHTTP POST /place_order 302 [0.17, 127.0.0.1:49806][0m
2024-06-27 10:21:24,203 [mHTTP GET /orders 200 [0.12, 127.0.0.1:49806][0m
2024-06-27 10:21:24,661 WebSocket DISCONNECT /ws/stocks/ [127.0.0.1:49799]
2024-06-27 10:21:28,022 [mHTTP GET /portfolio 200 [0.10, 127.0.0.1:49806][0m
2024-06-27 10:21:28,405 WebSocket HANDSHAKING /ws/stocks/ [127.0.0.1:49812]
2024-06-27 10:21:28,411 WebSocket CONNECT /ws/stocks/ [127.0.0.1:49812]
2024-06-27 10:21:43,568 [32mHTTP POST /place_order 302 [0.18, 127.0.0.1:49816][0m
2024-06-27 10:21:43,626 [mHTTP GET /orders 200 [0.05, 127.0.0.1:49816][0m
2024-06-27 10:21:43,940 WebSocket DISCONNECT /ws/stocks/ [127.0.0.1:49812]
2024-06-27 10:21:47,000 [mHTTP GET /portfolio 200 [0.04, 127.0.0.1:49816][0m
2024-06-27 10:21:47,266 WebSocket HANDSHAKING /ws/stocks/ [127.0.0.1:49819]
2024-06-27 10:21:47,272 WebSocket CONNECT /ws/stocks/ [127.0.0.1:49819]
2024-06-27 10:22:23,901 [mHTTP GET /admin/ 200 [0.17, 127.0.0.1:49831][0m
2024-06-27 10:22:24,692 Not Found: /favicon.ico
2024-06-27 10:22:24,694 [33mHTTP GET /favicon.ico 404 [0.02, 127.0.0.1:49831][0m
2024-06-27 10:22:29,955 [mHTTP GET /admin/app/customuser/ 200 [0.26, 127.0.0.1:49831][0m
2024-06-27 10:22:30,002 [mHTTP GET /admin/jsi18n/ 200 [0.02, 127.0.0.1:49831][0m
2024-06-27 10:24:31,988 [32mHTTP POST /place_order 302 [0.09, 127.0.0.1:49883][0m
2024-06-27 10:24:32,055 [mHTTP GET /orders 200 [0.06, 127.0.0.1:49883][0m
2024-06-27 10:24:32,495 WebSocket DISCONNECT /ws/stocks/ [127.0.0.1:49819]
2024-06-27 10:24:35,899 [mHTTP GET /portfolio 200 [0.02, 127.0.0.1:49883][0m
2024-06-27 10:24:42,536 [mHTTP GET /watchlist 200 [0.03, 127.0.0.1:49889][0m
2024-06-27 10:24:43,817 WebSocket HANDSHAKING /ws/stocks/ [127.0.0.1:49890]
2024-06-27 10:24:43,825 WebSocket CONNECT /ws/stocks/ [127.0.0.1:49890]
2024-06-27 10:24:50,419 [mHTTP GET /portfolio 200 [0.04, 127.0.0.1:49891][0m
2024-06-27 10:24:51,037 WebSocket HANDSHAKING /ws/stocks/ [127.0.0.1:49895]
2024-06-27 10:24:51,042 WebSocket CONNECT /ws/stocks/ [127.0.0.1:49895]
2024-06-27 10:24:51,070 WebSocket DISCONNECT /ws/stocks/ [127.0.0.1:49890]
2024-06-27 10:25:32,396 [32mHTTP POST /place_order 302 [0.19, 127.0.0.1:49902][0m
2024-06-27 10:25:32,455 [mHTTP GET /orders 200 [0.05, 127.0.0.1:49902][0m
2024-06-27 10:25:32,911 WebSocket DISCONNECT /ws/stocks/ [127.0.0.1:49895]
2024-06-27 10:25:36,151 [mHTTP GET /portfolio 200 [0.03, 127.0.0.1:49902][0m
2024-06-27 10:25:36,522 WebSocket HANDSHAKING /ws/stocks/ [127.0.0.1:49908]
2024-06-27 10:25:36,531 WebSocket CONNECT /ws/stocks/ [127.0.0.1:49908]
2024-06-27 10:26:42,582 [mHTTP GET /portfolio 200 [0.15, 127.0.0.1:49918][0m
2024-06-27 10:26:42,597 WebSocket DISCONNECT /ws/stocks/ [127.0.0.1:49908]
2024-06-27 10:26:43,137 WebSocket HANDSHAKING /ws/stocks/ [127.0.0.1:49921]
2024-06-27 10:26:43,148 WebSocket CONNECT /ws/stocks/ [127.0.0.1:49921]
2024-06-27 10:26:59,383 [mHTTP GET /portfolio 200 [0.08, 127.0.0.1:49927][0m
2024-06-27 10:26:59,394 WebSocket DISCONNECT /ws/stocks/ [127.0.0.1:49921]
2024-06-27 10:27:00,016 WebSocket HANDSHAKING /ws/stocks/ [127.0.0.1:49930]
2024-06-27 10:27:00,028 WebSocket CONNECT /ws/stocks/ [127.0.0.1:49930]
2024-06-27 10:27:17,707 [mHTTP GET /portfolio 200 [0.10, 127.0.0.1:49934][0m
2024-06-27 10:27:17,716 WebSocket DISCONNECT /ws/stocks/ [127.0.0.1:49930]
2024-06-27 10:27:18,307 WebSocket HANDSHAKING /ws/stocks/ [127.0.0.1:49937]
2024-06-27 10:27:18,318 WebSocket CONNECT /ws/stocks/ [127.0.0.1:49937]
2024-06-27 10:28:32,808 [mHTTP GET /portfolio 200 [0.05, 127.0.0.1:49947][0m
2024-06-27 10:28:32,816 WebSocket DISCONNECT /ws/stocks/ [127.0.0.1:49937]
2024-06-27 10:28:33,579 WebSocket HANDSHAKING /ws/stocks/ [127.0.0.1:49950]
2024-06-27 10:28:33,590 WebSocket CONNECT /ws/stocks/ [127.0.0.1:49950]
2024-06-27 10:29:13,110 [mHTTP GET /portfolio 200 [0.06, 127.0.0.1:49959][0m
2024-06-27 10:29:13,117 WebSocket DISCONNECT /ws/stocks/ [127.0.0.1:49950]
2024-06-27 10:29:13,719 WebSocket HANDSHAKING /ws/stocks/ [127.0.0.1:49962]
2024-06-27 10:29:13,730 WebSocket CONNECT /ws/stocks/ [127.0.0.1:49962]
2024-06-27 10:29:28,617 [33mHTTP GET /static/libs/feather-icons/dist/feather.min.js.map 404 [0.02, 127.0.0.1:49968][0m
2024-06-27 10:29:28,619 [33mHTTP GET /static/libs/bootstrap/dist/js/bootstrap.bundle.min.js.map 404 [0.02, 127.0.0.1:49969][0m
2024-06-27 10:30:18,605 [mHTTP GET /portfolio 200 [0.06, 127.0.0.1:50006][0m
2024-06-27 10:30:18,612 WebSocket DISCONNECT /ws/stocks/ [127.0.0.1:49962]
2024-06-27 10:30:20,152 WebSocket HANDSHAKING /ws/stocks/ [127.0.0.1:50010]
2024-06-27 10:30:20,159 WebSocket CONNECT /ws/stocks/ [127.0.0.1:50010]
2024-06-27 10:30:20,423 [33mHTTP GET /static/libs/feather-icons/dist/feather.min.js.map 404 [0.02, 127.0.0.1:50006][0m
2024-06-27 10:30:20,535 [33mHTTP GET /static/libs/bootstrap/dist/js/bootstrap.bundle.min.js.map 404 [0.04, 127.0.0.1:50006][0m
2024-06-27 10:33:00,067 [mHTTP GET /portfolio 200 [0.03, 127.0.0.1:50095][0m
2024-06-27 10:33:00,079 WebSocket DISCONNECT /ws/stocks/ [127.0.0.1:50010]
2024-06-27 10:33:01,615 WebSocket HANDSHAKING /ws/stocks/ [127.0.0.1:50099]
2024-06-27 10:33:01,629 WebSocket CONNECT /ws/stocks/ [127.0.0.1:50099]
2024-06-27 10:33:01,877 [33mHTTP GET /static/libs/feather-icons/dist/feather.min.js.map 404 [0.01, 127.0.0.1:50095][0m
2024-06-27 10:33:01,941 [33mHTTP GET /static/libs/bootstrap/dist/js/bootstrap.bundle.min.js.map 404 [0.02, 127.0.0.1:50095][0m
2024-06-27 10:34:08,738 [mHTTP GET /portfolio 200 [0.05, 127.0.0.1:50138][0m
2024-06-27 10:34:08,746 WebSocket DISCONNECT /ws/stocks/ [127.0.0.1:50099]
2024-06-27 10:34:10,263 WebSocket HANDSHAKING /ws/stocks/ [127.0.0.1:50141]
2024-06-27 10:34:10,274 WebSocket CONNECT /ws/stocks/ [127.0.0.1:50141]
2024-06-27 10:34:10,441 [33mHTTP GET /static/libs/feather-icons/dist/feather.min.js.map 404 [0.01, 127.0.0.1:50138][0m
2024-06-27 10:34:10,486 [33mHTTP GET /static/libs/bootstrap/dist/js/bootstrap.bundle.min.js.map 404 [0.02, 127.0.0.1:50138][0m
2024-06-27 10:35:17,186 [mHTTP GET /portfolio 200 [0.05, 127.0.0.1:50178][0m
2024-06-27 10:35:17,193 WebSocket DISCONNECT /ws/stocks/ [127.0.0.1:50141]
2024-06-27 10:35:18,730 WebSocket HANDSHAKING /ws/stocks/ [127.0.0.1:50181]
2024-06-27 10:35:18,740 WebSocket CONNECT /ws/stocks/ [127.0.0.1:50181]
2024-06-27 10:35:18,924 [33mHTTP GET /static/libs/feather-icons/dist/feather.min.js.map 404 [0.02, 127.0.0.1:50182][0m
2024-06-27 10:35:18,996 [33mHTTP GET /static/libs/bootstrap/dist/js/bootstrap.bundle.min.js.map 404 [0.02, 127.0.0.1:50182][0m
2024-06-27 11:05:04,980 D:\stox\app\models.py changed, reloading.
2024-06-27 11:05:10,010 Watching for file changes with StatReloader
2024-06-27 11:05:11,934 [mHTTP GET /portfolio 200 [0.06, 127.0.0.1:56770][0m
2024-06-27 11:05:12,936 WebSocket HANDSHAKING /ws/stocks/ [127.0.0.1:56774]
2024-06-27 11:05:12,943 WebSocket CONNECT /ws/stocks/ [127.0.0.1:56774]
2024-06-27 11:05:13,050 [33mHTTP GET /static/libs/feather-icons/dist/feather.min.js.map 404 [0.01, 127.0.0.1:56770][0m
2024-06-27 11:05:13,074 [33mHTTP GET /static/libs/bootstrap/dist/js/bootstrap.bundle.min.js.map 404 [0.01, 127.0.0.1:56770][0m
2024-06-27 11:07:13,945 D:\stox\app\models.py changed, reloading.
2024-06-27 11:07:15,618 Watching for file changes with StatReloader
2024-06-27 11:07:20,186 Internal Server Error: /portfolio
Traceback (most recent call last):
  File "C:\Users\atulg\AppData\Roaming\Python\Python310\site-packages\django\db\backends\utils.py", line 89, in _execute
    return self.cursor.execute(sql, params)
  File "C:\Users\atulg\AppData\Roaming\Python\Python310\site-packages\django\db\backends\sqlite3\base.py", line 328, in execute
    return super().execute(query, params)
sqlite3.OperationalError: no such column: app_position.lot_size

The above exception was the direct cause of the following exception:

Traceback (most recent call last):
  File "C:\Users\atulg\AppData\Roaming\Python\Python310\site-packages\asgiref\sync.py", line 534, in thread_handler
    raise exc_info[1]
  File "C:\Users\atulg\AppData\Roaming\Python\Python310\site-packages\django\core\handlers\exception.py", line 42, in inner
    response = await get_response(request)
  File "C:\Users\atulg\AppData\Roaming\Python\Python310\site-packages\django\core\handlers\base.py", line 253, in _get_response_async
    response = await wrapped_callback(
  File "C:\Users\atulg\AppData\Roaming\Python\Python310\site-packages\asgiref\sync.py", line 479, in __call__
    ret: _R = await loop.run_in_executor(
  File "C:\Program Files\Python310\lib\concurrent\futures\thread.py", line 58, in run
    result = self.fn(*self.args, **self.kwargs)
  File "C:\Users\atulg\AppData\Roaming\Python\Python310\site-packages\asgiref\sync.py", line 538, in thread_handler
    return func(*args, **kwargs)
  File "C:\Users\atulg\AppData\Roaming\Python\Python310\site-packages\django\contrib\auth\decorators.py", line 23, in _wrapper_view
    return view_func(request, *args, **kwargs)
  File "D:\stox\app\views.py", line 329, in portfolio
    for x in holdings:
  File "C:\Users\atulg\AppData\Roaming\Python\Python310\site-packages\django\db\models\query.py", line 398, in __iter__
    self._fetch_all()
  File "C:\Users\atulg\AppData\Roaming\Python\Python310\site-packages\django\db\models\query.py", line 1881, in _fetch_all
    self._result_cache = list(self._iterable_class(self))
  File "C:\Users\atulg\AppData\Roaming\Python\Python310\site-packages\django\db\models\query.py", line 91, in __iter__
    results = compiler.execute_sql(
  File "C:\Users\atulg\AppData\Roaming\Python\Python310\site-packages\django\db\models\sql\compiler.py", line 1562, in execute_sql
    cursor.execute(sql, params)
  File "C:\Users\atulg\AppData\Roaming\Python\Python310\site-packages\django\db\backends\utils.py", line 102, in execute
    return super().execute(sql, params)
  File "C:\Users\atulg\AppData\Roaming\Python\Python310\site-packages\django\db\backends\utils.py", line 67, in execute
    return self._execute_with_wrappers(
  File "C:\Users\atulg\AppData\Roaming\Python\Python310\site-packages\django\db\backends\utils.py", line 80, in _execute_with_wrappers
    return executor(sql, params, many, context)
  File "C:\Users\atulg\AppData\Roaming\Python\Python310\site-packages\django\db\backends\utils.py", line 84, in _execute
    with self.db.wrap_database_errors:
  File "C:\Users\atulg\AppData\Roaming\Python\Python310\site-packages\django\db\utils.py", line 91, in __exit__
    raise dj_exc_value.with_traceback(traceback) from exc_value
  File "C:\Users\atulg\AppData\Roaming\Python\Python310\site-packages\django\db\backends\utils.py", line 89, in _execute
    return self.cursor.execute(sql, params)
  File "C:\Users\atulg\AppData\Roaming\Python\Python310\site-packages\django\db\backends\sqlite3\base.py", line 328, in execute
    return super().execute(query, params)
django.db.utils.OperationalError: no such column: app_position.lot_size
2024-06-27 11:07:20,194 [35;1mHTTP GET /portfolio 500 [0.34, 127.0.0.1:56849][0m
2024-06-27 11:07:41,947 Watching for file changes with StatReloader
2024-06-27 11:12:59,273 [mHTTP GET /admin/app/customuser/ 200 [0.24, 127.0.0.1:57348][0m
2024-06-27 11:12:59,349 [mHTTP GET /admin/jsi18n/ 200 [0.02, 127.0.0.1:57348][0m
2024-06-27 11:13:00,313 [mHTTP GET /portfolio 200 [0.04, 127.0.0.1:57348][0m
2024-06-27 11:13:01,261 WebSocket HANDSHAKING /ws/stocks/ [127.0.0.1:57358]
2024-06-27 11:13:01,271 WebSocket CONNECT /ws/stocks/ [127.0.0.1:57358]
2024-06-27 11:13:01,406 [33mHTTP GET /static/libs/feather-icons/dist/feather.min.js.map 404 [0.03, 127.0.0.1:57359][0m
2024-06-27 11:13:01,409 [33mHTTP GET /static/libs/bootstrap/dist/js/bootstrap.bundle.min.js.map 404 [0.03, 127.0.0.1:57360][0m
2024-06-27 11:13:03,888 [mHTTP GET /watchlist 200 [0.05, 127.0.0.1:57360][0m
2024-06-27 11:13:04,580 WebSocket DISCONNECT /ws/stocks/ [127.0.0.1:57358]
2024-06-27 11:13:04,628 WebSocket HANDSHAKING /ws/stocks/ [127.0.0.1:57365]
2024-06-27 11:13:04,638 WebSocket CONNECT /ws/stocks/ [127.0.0.1:57365]
2024-06-27 11:13:04,778 [33mHTTP GET /static/libs/feather-icons/dist/feather.min.js.map 404 [0.01, 127.0.0.1:57360][0m
2024-06-27 11:13:04,795 [33mHTTP GET /static/libs/bootstrap/dist/js/bootstrap.bundle.min.js.map 404 [0.01, 127.0.0.1:57360][0m
2024-06-27 11:15:32,416 [mHTTP GET /watchlist 200 [0.02, 127.0.0.1:57453][0m
2024-06-27 11:15:32,424 WebSocket DISCONNECT /ws/stocks/ [127.0.0.1:57365]
2024-06-27 11:15:33,256 WebSocket HANDSHAKING /ws/stocks/ [127.0.0.1:57458]
2024-06-27 11:15:33,264 WebSocket CONNECT /ws/stocks/ [127.0.0.1:57458]
2024-06-27 11:15:33,448 [33mHTTP GET /static/libs/feather-icons/dist/feather.min.js.map 404 [0.01, 127.0.0.1:57453][0m
2024-06-27 11:15:33,466 [33mHTTP GET /static/libs/bootstrap/dist/js/bootstrap.bundle.min.js.map 404 [0.01, 127.0.0.1:57453][0m
2024-06-27 11:15:35,516 [mHTTP GET /watchlist 200 [0.01, 127.0.0.1:57453][0m
2024-06-27 11:15:35,524 WebSocket DISCONNECT /ws/stocks/ [127.0.0.1:57458]
2024-06-27 11:15:36,184 WebSocket HANDSHAKING /ws/stocks/ [127.0.0.1:57460]
2024-06-27 11:15:36,192 WebSocket CONNECT /ws/stocks/ [127.0.0.1:57460]
2024-06-27 11:15:36,322 [33mHTTP GET /static/libs/feather-icons/dist/feather.min.js.map 404 [0.01, 127.0.0.1:57461][0m
2024-06-27 11:15:36,322 [33mHTTP GET /static/libs/bootstrap/dist/js/bootstrap.bundle.min.js.map 404 [0.01, 127.0.0.1:57462][0m
2024-06-27 11:16:06,270 [mHTTP GET /watchlist 200 [0.08, 127.0.0.1:57486][0m
2024-06-27 11:16:06,280 WebSocket DISCONNECT /ws/stocks/ [127.0.0.1:57460]
2024-06-27 11:16:07,250 WebSocket HANDSHAKING /ws/stocks/ [127.0.0.1:57491]
2024-06-27 11:16:07,259 WebSocket CONNECT /ws/stocks/ [127.0.0.1:57491]
2024-06-27 11:16:07,459 [33mHTTP GET /static/libs/feather-icons/dist/feather.min.js.map 404 [0.01, 127.0.0.1:57486][0m
2024-06-27 11:16:07,472 [33mHTTP GET /static/libs/bootstrap/dist/js/bootstrap.bundle.min.js.map 404 [0.01, 127.0.0.1:57486][0m
2024-06-27 11:16:41,685 [mHTTP GET /watchlist 200 [0.02, 127.0.0.1:57486][0m
2024-06-27 11:16:41,694 WebSocket DISCONNECT /ws/stocks/ [127.0.0.1:57491]
2024-06-27 11:16:42,520 WebSocket HANDSHAKING /ws/stocks/ [127.0.0.1:57514]
2024-06-27 11:16:42,528 WebSocket CONNECT /ws/stocks/ [127.0.0.1:57514]
2024-06-27 11:16:42,739 [33mHTTP GET /static/libs/feather-icons/dist/feather.min.js.map 404 [0.01, 127.0.0.1:57486][0m
2024-06-27 11:16:42,755 [33mHTTP GET /static/libs/bootstrap/dist/js/bootstrap.bundle.min.js.map 404 [0.01, 127.0.0.1:57486][0m
2024-06-27 11:16:55,569 [mHTTP GET /watchlist 200 [0.07, 127.0.0.1:57486][0m
2024-06-27 11:16:55,577 WebSocket DISCONNECT /ws/stocks/ [127.0.0.1:57514]
2024-06-27 11:16:56,409 WebSocket HANDSHAKING /ws/stocks/ [127.0.0.1:57521]
2024-06-27 11:16:56,417 WebSocket CONNECT /ws/stocks/ [127.0.0.1:57521]
2024-06-27 11:16:56,592 [33mHTTP GET /static/libs/feather-icons/dist/feather.min.js.map 404 [0.01, 127.0.0.1:57486][0m
2024-06-27 11:16:56,607 [33mHTTP GET /static/libs/bootstrap/dist/js/bootstrap.bundle.min.js.map 404 [0.01, 127.0.0.1:57486][0m
2024-06-27 11:17:11,306 [mHTTP GET /watchlist 200 [0.06, 127.0.0.1:57486][0m
2024-06-27 11:17:11,315 WebSocket DISCONNECT /ws/stocks/ [127.0.0.1:57521]
2024-06-27 11:17:12,072 WebSocket HANDSHAKING /ws/stocks/ [127.0.0.1:57531]
2024-06-27 11:17:12,080 WebSocket CONNECT /ws/stocks/ [127.0.0.1:57531]
2024-06-27 11:17:12,198 [33mHTTP GET /static/libs/feather-icons/dist/feather.min.js.map 404 [0.01, 127.0.0.1:57486][0m
2024-06-27 11:17:12,202 [33mHTTP GET /static/libs/bootstrap/dist/js/bootstrap.bundle.min.js.map 404 [0.01, 127.0.0.1:57528][0m
2024-06-27 11:17:20,888 Internal Server Error: /place_order
Traceback (most recent call last):
  File "C:\Users\atulg\AppData\Roaming\Python\Python310\site-packages\asgiref\sync.py", line 534, in thread_handler
    raise exc_info[1]
  File "C:\Users\atulg\AppData\Roaming\Python\Python310\site-packages\django\core\handlers\exception.py", line 42, in inner
    response = await get_response(request)
  File "C:\Users\atulg\AppData\Roaming\Python\Python310\site-packages\django\core\handlers\base.py", line 253, in _get_response_async
    response = await wrapped_callback(
  File "C:\Users\atulg\AppData\Roaming\Python\Python310\site-packages\asgiref\sync.py", line 479, in __call__
    ret: _R = await loop.run_in_executor(
  File "C:\Program Files\Python310\lib\concurrent\futures\thread.py", line 58, in run
    result = self.fn(*self.args, **self.kwargs)
  File "C:\Users\atulg\AppData\Roaming\Python\Python310\site-packages\asgiref\sync.py", line 538, in thread_handler
    return func(*args, **kwargs)
  File "C:\Users\atulg\AppData\Roaming\Python\Python310\site-packages\django\contrib\auth\decorators.py", line 23, in _wrapper_view
    return view_func(request, *args, **kwargs)
  File "D:\stox\app\views.py", line 464, in place_order
    quantity = int(request.POST.get("quantity"))
TypeError: int() argument must be a string, a bytes-like object or a real number, not 'NoneType'
2024-06-27 11:17:20,892 [35;1mHTTP POST /place_order 500 [0.05, 127.0.0.1:57528][0m
2024-06-27 11:17:21,644 WebSocket DISCONNECT /ws/stocks/ [127.0.0.1:57531]
2024-06-27 11:17:27,626 WebSocket HANDSHAKING /ws/stocks/ [127.0.0.1:57540]
2024-06-27 11:17:27,634 WebSocket CONNECT /ws/stocks/ [127.0.0.1:57540]
2024-06-27 11:17:27,747 [33mHTTP GET /static/libs/feather-icons/dist/feather.min.js.map 404 [0.01, 127.0.0.1:57528][0m
2024-06-27 11:17:27,770 [33mHTTP GET /static/libs/bootstrap/dist/js/bootstrap.bundle.min.js.map 404 [0.01, 127.0.0.1:57528][0m
2024-06-27 11:17:57,996 [mHTTP GET /watchlist 200 [0.05, 127.0.0.1:57528][0m
2024-06-27 11:17:58,006 WebSocket DISCONNECT /ws/stocks/ [127.0.0.1:57540]
2024-06-27 11:17:58,896 WebSocket HANDSHAKING /ws/stocks/ [127.0.0.1:57557]
2024-06-27 11:17:58,903 WebSocket CONNECT /ws/stocks/ [127.0.0.1:57557]
2024-06-27 11:17:59,036 [33mHTTP GET /static/libs/feather-icons/dist/feather.min.js.map 404 [0.01, 127.0.0.1:57528][0m
2024-06-27 11:17:59,051 [33mHTTP GET /static/libs/bootstrap/dist/js/bootstrap.bundle.min.js.map 404 [0.01, 127.0.0.1:57528][0m
2024-06-27 11:18:24,862 [mHTTP GET /watchlist 200 [0.06, 127.0.0.1:57528][0m
2024-06-27 11:18:24,870 WebSocket DISCONNECT /ws/stocks/ [127.0.0.1:57557]
2024-06-27 11:18:25,689 WebSocket HANDSHAKING /ws/stocks/ [127.0.0.1:57575]
2024-06-27 11:18:25,697 WebSocket CONNECT /ws/stocks/ [127.0.0.1:57575]
2024-06-27 11:18:25,847 [33mHTTP GET /static/libs/feather-icons/dist/feather.min.js.map 404 [0.02, 127.0.0.1:57528][0m
2024-06-27 11:18:25,851 [33mHTTP GET /static/libs/bootstrap/dist/js/bootstrap.bundle.min.js.map 404 [0.02, 127.0.0.1:57572][0m
2024-06-27 11:20:43,152 [mHTTP GET /watchlist 200 [0.05, 127.0.0.1:57656][0m
2024-06-27 11:20:43,162 WebSocket DISCONNECT /ws/stocks/ [127.0.0.1:57575]
2024-06-27 11:20:44,035 WebSocket HANDSHAKING /ws/stocks/ [127.0.0.1:57659]
2024-06-27 11:20:44,044 WebSocket CONNECT /ws/stocks/ [127.0.0.1:57659]
2024-06-27 11:20:44,230 [33mHTTP GET /static/libs/feather-icons/dist/feather.min.js.map 404 [0.01, 127.0.0.1:57656][0m
2024-06-27 11:20:44,245 [33mHTTP GET /static/libs/bootstrap/dist/js/bootstrap.bundle.min.js.map 404 [0.01, 127.0.0.1:57656][0m
2024-06-27 11:21:11,174 [mHTTP GET /watchlist 200 [0.06, 127.0.0.1:57656][0m
2024-06-27 11:21:11,182 WebSocket DISCONNECT /ws/stocks/ [127.0.0.1:57659]
2024-06-27 11:21:12,024 WebSocket HANDSHAKING /ws/stocks/ [127.0.0.1:57673]
2024-06-27 11:21:12,031 WebSocket CONNECT /ws/stocks/ [127.0.0.1:57673]
2024-06-27 11:21:12,239 [33mHTTP GET /static/libs/feather-icons/dist/feather.min.js.map 404 [0.01, 127.0.0.1:57656][0m
2024-06-27 11:21:12,241 [33mHTTP GET /static/libs/bootstrap/dist/js/bootstrap.bundle.min.js.map 404 [0.01, 127.0.0.1:57657][0m
2024-06-27 11:22:10,751 [mHTTP GET /watchlist 200 [0.05, 127.0.0.1:57657][0m
2024-06-27 11:22:10,759 WebSocket DISCONNECT /ws/stocks/ [127.0.0.1:57673]
2024-06-27 11:22:11,625 WebSocket HANDSHAKING /ws/stocks/ [127.0.0.1:57706]
2024-06-27 11:22:11,634 WebSocket CONNECT /ws/stocks/ [127.0.0.1:57706]
2024-06-27 11:22:11,836 [33mHTTP GET /static/libs/feather-icons/dist/feather.min.js.map 404 [0.01, 127.0.0.1:57657][0m
2024-06-27 11:22:11,850 [33mHTTP GET /static/libs/bootstrap/dist/js/bootstrap.bundle.min.js.map 404 [0.01, 127.0.0.1:57657][0m
2024-06-27 11:22:25,128 [mHTTP GET /watchlist 200 [0.05, 127.0.0.1:57657][0m
2024-06-27 11:22:25,137 WebSocket DISCONNECT /ws/stocks/ [127.0.0.1:57706]
2024-06-27 11:22:25,814 WebSocket HANDSHAKING /ws/stocks/ [127.0.0.1:57714]
2024-06-27 11:22:25,821 WebSocket CONNECT /ws/stocks/ [127.0.0.1:57714]
2024-06-27 11:22:25,992 [33mHTTP GET /static/libs/bootstrap/dist/js/bootstrap.bundle.min.js.map 404 [0.01, 127.0.0.1:57713][0m
2024-06-27 11:22:25,992 [33mHTTP GET /static/libs/feather-icons/dist/feather.min.js.map 404 [0.01, 127.0.0.1:57657][0m
2024-06-27 11:22:37,848 [mHTTP GET /watchlist 200 [0.05, 127.0.0.1:57657][0m
2024-06-27 11:22:37,857 WebSocket DISCONNECT /ws/stocks/ [127.0.0.1:57714]
2024-06-27 11:22:38,519 WebSocket HANDSHAKING /ws/stocks/ [127.0.0.1:57722]
2024-06-27 11:22:38,528 WebSocket CONNECT /ws/stocks/ [127.0.0.1:57722]
2024-06-27 11:22:38,672 [33mHTTP GET /static/libs/feather-icons/dist/feather.min.js.map 404 [0.01, 127.0.0.1:57657][0m
2024-06-27 11:22:38,702 [33mHTTP GET /static/libs/bootstrap/dist/js/bootstrap.bundle.min.js.map 404 [0.01, 127.0.0.1:57657][0m
2024-06-27 11:22:48,289 [mHTTP GET /watchlist 200 [0.08, 127.0.0.1:57657][0m
2024-06-27 11:22:48,300 WebSocket DISCONNECT /ws/stocks/ [127.0.0.1:57722]
2024-06-27 11:22:48,926 WebSocket HANDSHAKING /ws/stocks/ [127.0.0.1:57727]
2024-06-27 11:22:48,934 WebSocket CONNECT /ws/stocks/ [127.0.0.1:57727]
2024-06-27 11:22:49,081 [33mHTTP GET /static/libs/feather-icons/dist/feather.min.js.map 404 [0.01, 127.0.0.1:57657][0m
2024-06-27 11:22:49,106 [33mHTTP GET /static/libs/bootstrap/dist/js/bootstrap.bundle.min.js.map 404 [0.01, 127.0.0.1:57657][0m
2024-06-27 11:23:10,929 [mHTTP GET /watchlist 200 [0.07, 127.0.0.1:57657][0m
2024-06-27 11:23:10,939 WebSocket DISCONNECT /ws/stocks/ [127.0.0.1:57727]
2024-06-27 11:23:11,762 WebSocket HANDSHAKING /ws/stocks/ [127.0.0.1:57740]
2024-06-27 11:23:11,769 WebSocket CONNECT /ws/stocks/ [127.0.0.1:57740]
2024-06-27 11:23:11,962 [33mHTTP GET /static/libs/feather-icons/dist/feather.min.js.map 404 [0.01, 127.0.0.1:57657][0m
2024-06-27 11:23:11,979 [33mHTTP GET /static/libs/bootstrap/dist/js/bootstrap.bundle.min.js.map 404 [0.01, 127.0.0.1:57657][0m
2024-06-27 11:29:30,536 [mHTTP GET /watchlist 200 [0.09, 127.0.0.1:57955][0m
2024-06-27 11:29:30,545 WebSocket DISCONNECT /ws/stocks/ [127.0.0.1:57740]
2024-06-27 11:29:31,394 WebSocket HANDSHAKING /ws/stocks/ [127.0.0.1:57959]
2024-06-27 11:29:31,403 WebSocket CONNECT /ws/stocks/ [127.0.0.1:57959]
2024-06-27 11:29:31,564 [33mHTTP GET /static/libs/feather-icons/dist/feather.min.js.map 404 [0.01, 127.0.0.1:57955][0m
2024-06-27 11:29:31,599 [33mHTTP GET /static/libs/bootstrap/dist/js/bootstrap.bundle.min.js.map 404 [0.01, 127.0.0.1:57955][0m
2024-06-27 11:31:32,259 [mHTTP GET /watchlist 200 [0.06, 127.0.0.1:58018][0m
2024-06-27 11:31:32,266 WebSocket DISCONNECT /ws/stocks/ [127.0.0.1:57959]
2024-06-27 11:31:33,148 WebSocket HANDSHAKING /ws/stocks/ [127.0.0.1:58022]
2024-06-27 11:31:33,156 WebSocket CONNECT /ws/stocks/ [127.0.0.1:58022]
2024-06-27 11:31:33,444 [33mHTTP GET /static/libs/feather-icons/dist/feather.min.js.map 404 [0.01, 127.0.0.1:58018][0m
2024-06-27 11:31:33,461 [33mHTTP GET /static/libs/bootstrap/dist/js/bootstrap.bundle.min.js.map 404 [0.01, 127.0.0.1:58018][0m
2024-06-27 11:37:01,137 [mHTTP GET /watchlist 200 [0.05, 127.0.0.1:58185][0m
2024-06-27 11:37:01,147 WebSocket DISCONNECT /ws/stocks/ [127.0.0.1:58022]
2024-06-27 11:37:02,023 WebSocket HANDSHAKING /ws/stocks/ [127.0.0.1:58190]
2024-06-27 11:37:02,030 WebSocket CONNECT /ws/stocks/ [127.0.0.1:58190]
2024-06-27 11:37:02,267 [33mHTTP GET /static/libs/feather-icons/dist/feather.min.js.map 404 [0.04, 127.0.0.1:58185][0m
2024-06-27 11:37:02,273 [33mHTTP GET /static/libs/bootstrap/dist/js/bootstrap.bundle.min.js.map 404 [0.04, 127.0.0.1:58186][0m
2024-06-27 11:37:20,808 [mHTTP GET /watchlist 200 [0.01, 127.0.0.1:58186][0m
2024-06-27 11:37:20,815 WebSocket DISCONNECT /ws/stocks/ [127.0.0.1:58190]
2024-06-27 11:37:21,665 WebSocket HANDSHAKING /ws/stocks/ [127.0.0.1:58201]
2024-06-27 11:37:21,673 WebSocket CONNECT /ws/stocks/ [127.0.0.1:58201]
2024-06-27 11:37:21,889 [33mHTTP GET /static/libs/feather-icons/dist/feather.min.js.map 404 [0.01, 127.0.0.1:58186][0m
2024-06-27 11:37:21,904 [33mHTTP GET /static/libs/bootstrap/dist/js/bootstrap.bundle.min.js.map 404 [0.01, 127.0.0.1:58186][0m
2024-06-27 11:38:47,766 [mHTTP GET /watchlist 200 [0.06, 127.0.0.1:58244][0m
2024-06-27 11:38:47,773 WebSocket DISCONNECT /ws/stocks/ [127.0.0.1:58201]
2024-06-27 11:38:48,804 WebSocket HANDSHAKING /ws/stocks/ [127.0.0.1:58248]
2024-06-27 11:38:48,811 WebSocket CONNECT /ws/stocks/ [127.0.0.1:58248]
2024-06-27 11:38:48,978 [33mHTTP GET /static/libs/feather-icons/dist/feather.min.js.map 404 [0.01, 127.0.0.1:58244][0m
2024-06-27 11:38:48,991 [33mHTTP GET /static/libs/bootstrap/dist/js/bootstrap.bundle.min.js.map 404 [0.01, 127.0.0.1:58244][0m
2024-06-27 11:39:01,995 [mHTTP GET /watchlist 200 [0.05, 127.0.0.1:58244][0m
2024-06-27 11:39:02,004 WebSocket DISCONNECT /ws/stocks/ [127.0.0.1:58248]
2024-06-27 11:39:02,754 WebSocket HANDSHAKING /ws/stocks/ [127.0.0.1:58263]
2024-06-27 11:39:02,761 WebSocket CONNECT /ws/stocks/ [127.0.0.1:58263]
2024-06-27 11:39:02,918 [33mHTTP GET /static/libs/feather-icons/dist/feather.min.js.map 404 [0.03, 127.0.0.1:58244][0m
2024-06-27 11:39:02,941 [33mHTTP GET /static/libs/bootstrap/dist/js/bootstrap.bundle.min.js.map 404 [0.04, 127.0.0.1:58245][0m
2024-06-27 11:40:01,300 [mHTTP GET /watchlist 200 [0.05, 127.0.0.1:58245][0m
2024-06-27 11:40:01,309 WebSocket DISCONNECT /ws/stocks/ [127.0.0.1:58263]
2024-06-27 11:40:02,175 WebSocket HANDSHAKING /ws/stocks/ [127.0.0.1:58293]
2024-06-27 11:40:02,182 WebSocket CONNECT /ws/stocks/ [127.0.0.1:58293]
2024-06-27 11:40:02,424 [33mHTTP GET /static/libs/feather-icons/dist/feather.min.js.map 404 [0.01, 127.0.0.1:58245][0m
2024-06-27 11:40:02,441 [33mHTTP GET /static/libs/bootstrap/dist/js/bootstrap.bundle.min.js.map 404 [0.01, 127.0.0.1:58245][0m
2024-06-27 11:40:40,333 [mHTTP GET /watchlist 200 [0.05, 127.0.0.1:58245][0m
2024-06-27 11:40:40,341 WebSocket DISCONNECT /ws/stocks/ [127.0.0.1:58293]
2024-06-27 11:40:41,238 WebSocket HANDSHAKING /ws/stocks/ [127.0.0.1:58311]
2024-06-27 11:40:41,244 WebSocket CONNECT /ws/stocks/ [127.0.0.1:58311]
2024-06-27 11:40:41,435 [33mHTTP GET /static/libs/feather-icons/dist/feather.min.js.map 404 [0.01, 127.0.0.1:58245][0m
2024-06-27 11:40:41,451 [33mHTTP GET /static/libs/bootstrap/dist/js/bootstrap.bundle.min.js.map 404 [0.01, 127.0.0.1:58245][0m
2024-06-27 11:41:03,021 [mHTTP GET /watchlist 200 [0.06, 127.0.0.1:58245][0m
2024-06-27 11:41:03,030 WebSocket DISCONNECT /ws/stocks/ [127.0.0.1:58311]
2024-06-27 11:41:03,869 WebSocket HANDSHAKING /ws/stocks/ [127.0.0.1:58323]
2024-06-27 11:41:03,875 WebSocket CONNECT /ws/stocks/ [127.0.0.1:58323]
2024-06-27 11:41:04,085 [33mHTTP GET /static/libs/feather-icons/dist/feather.min.js.map 404 [0.01, 127.0.0.1:58245][0m
2024-06-27 11:41:04,107 [33mHTTP GET /static/libs/bootstrap/dist/js/bootstrap.bundle.min.js.map 404 [0.01, 127.0.0.1:58245][0m
2024-06-27 11:41:13,772 [mHTTP GET /search/?q=ad 200 [0.12, 127.0.0.1:58245][0m
2024-06-27 11:41:13,968 [mHTTP GET /search/?q=ada 200 [0.08, 127.0.0.1:58245][0m
2024-06-27 11:41:21,841 [mHTTP GET /search/?q=adan 200 [0.10, 127.0.0.1:58245][0m
2024-06-27 11:41:22,013 [mHTTP GET /search/?q=adani 200 [0.07, 127.0.0.1:58245][0m
2024-06-27 11:41:38,607 [32mHTTP POST /add_watchlist 302 [0.21, 127.0.0.1:58245][0m
2024-06-27 11:41:38,626 [mHTTP GET /watchlist 200 [0.01, 127.0.0.1:58245][0m
2024-06-27 11:41:38,634 WebSocket DISCONNECT /ws/stocks/ [127.0.0.1:58323]
2024-06-27 11:41:39,472 WebSocket HANDSHAKING /ws/stocks/ [127.0.0.1:58340]
2024-06-27 11:41:39,479 WebSocket CONNECT /ws/stocks/ [127.0.0.1:58340]
2024-06-27 11:41:39,685 [33mHTTP GET /static/libs/feather-icons/dist/feather.min.js.map 404 [0.01, 127.0.0.1:58245][0m
2024-06-27 11:41:39,686 [33mHTTP GET /static/libs/bootstrap/dist/js/bootstrap.bundle.min.js.map 404 [0.01, 127.0.0.1:58310][0m
2024-06-27 11:48:29,294 [mHTTP GET /watchlist 200 [0.08, 127.0.0.1:58533][0m
2024-06-27 11:48:29,301 WebSocket DISCONNECT /ws/stocks/ [127.0.0.1:58340]
2024-06-27 11:48:30,028 WebSocket HANDSHAKING /ws/stocks/ [127.0.0.1:58539]
2024-06-27 11:48:30,036 WebSocket CONNECT /ws/stocks/ [127.0.0.1:58539]
2024-06-27 11:48:30,307 [33mHTTP GET /static/libs/feather-icons/dist/feather.min.js.map 404 [0.02, 127.0.0.1:58533][0m
2024-06-27 11:48:30,318 [33mHTTP GET /static/libs/bootstrap/dist/js/bootstrap.bundle.min.js.map 404 [0.01, 127.0.0.1:58534][0m
2024-06-27 11:48:42,615 [32mHTTP POST /place_order 302 [0.12, 127.0.0.1:58534][0m
2024-06-27 11:48:42,701 [mHTTP GET /orders 200 [0.08, 127.0.0.1:58534][0m
2024-06-27 11:48:43,533 WebSocket DISCONNECT /ws/stocks/ [127.0.0.1:58539]
2024-06-27 11:48:43,677 [33mHTTP GET /static/libs/bootstrap/dist/js/bootstrap.bundle.min.js.map 404 [0.01, 127.0.0.1:58533][0m
2024-06-27 11:48:43,682 [33mHTTP GET /static/libs/feather-icons/dist/feather.min.js.map 404 [0.03, 127.0.0.1:58534][0m
2024-06-27 11:48:46,809 [mHTTP GET /portfolio 200 [0.23, 127.0.0.1:58534][0m
2024-06-27 11:48:47,524 WebSocket HANDSHAKING /ws/stocks/ [127.0.0.1:58549]
2024-06-27 11:48:47,531 WebSocket CONNECT /ws/stocks/ [127.0.0.1:58549]
2024-06-27 11:48:47,655 [33mHTTP GET /static/libs/bootstrap/dist/js/bootstrap.bundle.min.js.map 404 [0.01, 127.0.0.1:58533][0m
2024-06-27 11:48:47,656 [33mHTTP GET /static/libs/feather-icons/dist/feather.min.js.map 404 [0.01, 127.0.0.1:58534][0m
2024-06-27 11:48:55,244 [32mHTTP POST /place_order 302 [0.07, 127.0.0.1:58534][0m
2024-06-27 11:48:55,279 [mHTTP GET /orders 200 [0.03, 127.0.0.1:58534][0m
2024-06-27 11:48:56,062 WebSocket DISCONNECT /ws/stocks/ [127.0.0.1:58549]
2024-06-27 11:48:56,156 [33mHTTP GET /static/libs/bootstrap/dist/js/bootstrap.bundle.min.js.map 404 [0.01, 127.0.0.1:58533][0m
2024-06-27 11:48:56,157 [33mHTTP GET /static/libs/feather-icons/dist/feather.min.js.map 404 [0.01, 127.0.0.1:58534][0m
2024-06-27 11:48:59,080 [mHTTP GET /portfolio 200 [0.02, 127.0.0.1:58534][0m
2024-06-27 11:48:59,804 WebSocket HANDSHAKING /ws/stocks/ [127.0.0.1:58556]
2024-06-27 11:48:59,810 WebSocket CONNECT /ws/stocks/ [127.0.0.1:58556]
2024-06-27 11:48:59,926 [33mHTTP GET /static/libs/feather-icons/dist/feather.min.js.map 404 [0.01, 127.0.0.1:58534][0m
2024-06-27 11:48:59,927 [33mHTTP GET /static/libs/bootstrap/dist/js/bootstrap.bundle.min.js.map 404 [0.01, 127.0.0.1:58533][0m
2024-06-28 18:57:09,675 Watching for file changes with StatReloader
2024-06-28 18:57:14,538 [mHTTP GET / 200 [0.08, 127.0.0.1:64558][0m
2024-06-28 18:57:14,696 [mHTTP GET /static/landingasset/css/bootstrap.min.css 200 [0.10, 127.0.0.1:64558][0m
2024-06-28 18:57:14,700 [mHTTP GET /static/landingasset/css/font-awesome.min.css 200 [0.10, 127.0.0.1:64559][0m
2024-06-28 18:57:14,711 [mHTTP GET /static/landingasset/css/animate.css 200 [0.11, 127.0.0.1:64562][0m
2024-06-28 18:57:14,712 [mHTTP GET /static/landingasset/css/themify-icons.css 200 [0.11, 127.0.0.1:64561][0m
2024-06-28 18:57:14,715 [mHTTP GET /static/landingasset/css/style.css 200 [0.11, 127.0.0.1:64564][0m
2024-06-28 18:57:14,716 [mHTTP GET /static/landingasset/css/owl.carousel.css 200 [0.11, 127.0.0.1:64563][0m
2024-06-28 18:57:14,720 [mHTTP GET /static/landingasset/img/about-img.png 200 [0.02, 127.0.0.1:64559][0m
2024-06-28 18:57:14,722 [mHTTP GET /static/landingasset/img/laptop.png 200 [0.02, 127.0.0.1:64558][0m
2024-06-28 18:57:14,891 [mHTTP GET /static/landingasset/img/process-icons/1.png 200 [0.02, 127.0.0.1:64558][0m
2024-06-28 18:57:14,896 [mHTTP GET /static/landingasset/img/process-icons/2.png 200 [0.02, 127.0.0.1:64559][0m
2024-06-28 18:57:14,897 [mHTTP GET /static/landingasset/img/process-icons/3.png 200 [0.02, 127.0.0.1:64563][0m
2024-06-28 18:57:14,920 [mHTTP GET /static/landingasset/js/main.js 200 [0.04, 127.0.0.1:64561][0m
2024-06-28 18:57:14,944 [mHTTP GET /static/landingasset/js/owl.carousel.min.js 200 [0.07, 127.0.0.1:64562][0m
2024-06-28 18:57:14,968 [mHTTP GET /static/landingasset/js/jquery-3.2.1.min.js 200 [0.09, 127.0.0.1:64564][0m
2024-06-28 18:57:15,077 [mHTTP GET /static/landingasset/img/process-line.png 200 [0.01, 127.0.0.1:64562][0m
2024-06-28 18:57:15,078 [mHTTP GET /static/landingasset/img/hero-bg.png 200 [0.01, 127.0.0.1:64564][0m
2024-06-28 18:57:15,151 [mHTTP GET /static/landingasset/fonts/Futura.woff 200 [0.02, 127.0.0.1:64564][0m
2024-06-28 18:57:15,154 [mHTTP GET /static/landingasset/icon-fonts/fontawesome-webfont.woff2?v=4.7.0 200 [0.02, 127.0.0.1:64562][0m
2024-06-28 18:57:15,157 [mHTTP GET /static/landingasset/icon-fonts/themify.woff?-fvbane 200 [0.02, 127.0.0.1:64561][0m
2024-06-28 18:57:15,325 [33mHTTP GET /static/assets/images/logo-thumb.png 404 [0.16, 127.0.0.1:64561][0m
2024-06-28 18:57:15,698 [33mHTTP GET /static/assets/images/logo-thumb.png 404 [0.01, 127.0.0.1:64561][0m
2024-06-28 18:57:18,523 [mHTTP GET /admin/ 200 [0.34, 127.0.0.1:64569][0m
2024-06-28 18:57:19,499 Not Found: /favicon.ico
2024-06-28 18:57:19,500 [33mHTTP GET /favicon.ico 404 [0.02, 127.0.0.1:64569][0m
2024-06-28 18:57:21,747 [mHTTP GET /admin/app/customuser/ 200 [0.24, 127.0.0.1:64569][0m
2024-06-28 18:57:21,810 [mHTTP GET /admin/jsi18n/ 200 [0.02, 127.0.0.1:64569][0m
2024-06-28 18:57:23,673 [mHTTP GET /admin/app/customuser/1/change/ 200 [0.23, 127.0.0.1:64569][0m
2024-06-28 18:57:23,715 [mHTTP GET /static/admin/css/forms.css 200 [0.01, 127.0.0.1:64569][0m
2024-06-28 18:57:23,728 [mHTTP GET /admin/jsi18n/ 200 [0.02, 127.0.0.1:64571][0m
2024-06-28 18:57:23,731 [mHTTP GET /static/admin/js/prepopulate_init.js 200 [0.02, 127.0.0.1:64570][0m
2024-06-28 18:57:23,944 [mHTTP GET /static/admin/css/widgets.css 200 [0.00, 127.0.0.1:64570][0m
2024-06-28 18:57:23,961 [mHTTP GET /static/admin/js/change_form.js 200 [0.02, 127.0.0.1:64571][0m
2024-06-28 18:57:28,452 D:\stox\app\admin.py changed, reloading.
2024-06-28 18:57:32,964 Watching for file changes with StatReloader
2024-06-28 18:57:33,966 [mHTTP GET /admin/app/customuser/1/change/ 200 [0.24, 127.0.0.1:64589][0m
2024-06-28 18:57:34,029 [mHTTP GET /admin/jsi18n/ 200 [0.02, 127.0.0.1:64589][0m
2024-06-28 18:57:37,281 [mHTTP GET /admin/app/customuser/1/change/ 200 [0.06, 127.0.0.1:64589][0m
2024-06-28 18:57:37,314 [mHTTP GET /admin/jsi18n/ 200 [0.01, 127.0.0.1:64589][0m
2024-06-28 18:57:53,081 D:\stox\app\admin.py changed, reloading.
2024-06-28 18:57:55,395 Watching for file changes with StatReloader
2024-06-28 18:57:56,157 Internal Server Error: /admin/app/customuser/1/change/
Traceback (most recent call last):
  File "C:\Users\atulg\AppData\Roaming\Python\Python310\site-packages\django\contrib\admin\options.py", line 809, in get_form
    return modelform_factory(self.model, **defaults)
  File "C:\Users\atulg\AppData\Roaming\Python\Python310\site-packages\django\forms\models.py", line 642, in modelform_factory
    return type(form)(class_name, (form,), form_class_attrs)
  File "C:\Users\atulg\AppData\Roaming\Python\Python310\site-packages\django\forms\models.py", line 321, in __new__
    raise FieldError(message)
django.core.exceptions.FieldError: Unknown field(s) (username) specified for CustomUser

During handling of the above exception, another exception occurred:

Traceback (most recent call last):
  File "C:\Users\atulg\AppData\Roaming\Python\Python310\site-packages\asgiref\sync.py", line 534, in thread_handler
    raise exc_info[1]
  File "C:\Users\atulg\AppData\Roaming\Python\Python310\site-packages\django\core\handlers\exception.py", line 42, in inner
    response = await get_response(request)
  File "C:\Users\atulg\AppData\Roaming\Python\Python310\site-packages\django\core\handlers\base.py", line 253, in _get_response_async
    response = await wrapped_callback(
  File "C:\Users\atulg\AppData\Roaming\Python\Python310\site-packages\asgiref\sync.py", line 479, in __call__
    ret: _R = await loop.run_in_executor(
  File "C:\Program Files\Python310\lib\concurrent\futures\thread.py", line 58, in run
    result = self.fn(*self.args, **self.kwargs)
  File "C:\Users\atulg\AppData\Roaming\Python\Python310\site-packages\asgiref\sync.py", line 538, in thread_handler
    return func(*args, **kwargs)
  File "C:\Users\atulg\AppData\Roaming\Python\Python310\site-packages\django\contrib\admin\options.py", line 688, in wrapper
    return self.admin_site.admin_view(view)(*args, **kwargs)
  File "C:\Users\atulg\AppData\Roaming\Python\Python310\site-packages\django\utils\decorators.py", line 134, in _wrapper_view
    response = view_func(request, *args, **kwargs)
  File "C:\Users\atulg\AppData\Roaming\Python\Python310\site-packages\django\views\decorators\cache.py", line 62, in _wrapper_view_func
    response = view_func(request, *args, **kwargs)
  File "C:\Users\atulg\AppData\Roaming\Python\Python310\site-packages\django\contrib\admin\sites.py", line 242, in inner
    return view(request, *args, **kwargs)
  File "C:\Users\atulg\AppData\Roaming\Python\Python310\site-packages\django\contrib\admin\options.py", line 1889, in change_view
    return self.changeform_view(request, object_id, form_url, extra_context)
  File "C:\Users\atulg\AppData\Roaming\Python\Python310\site-packages\django\utils\decorators.py", line 46, in _wrapper
    return bound_method(*args, **kwargs)
  File "C:\Users\atulg\AppData\Roaming\Python\Python310\site-packages\django\utils\decorators.py", line 134, in _wrapper_view
    response = view_func(request, *args, **kwargs)
  File "C:\Users\atulg\AppData\Roaming\Python\Python310\site-packages\django\contrib\admin\options.py", line 1747, in changeform_view
    return self._changeform_view(request, object_id, form_url, extra_context)
  File "C:\Users\atulg\AppData\Roaming\Python\Python310\site-packages\django\contrib\admin\options.py", line 1782, in _changeform_view
    ModelForm = self.get_form(
  File "C:\Users\atulg\AppData\Roaming\Python\Python310\site-packages\django\contrib\auth\admin.py", line 98, in get_form
    return super().get_form(request, obj, **defaults)
  File "C:\Users\atulg\AppData\Roaming\Python\Python310\site-packages\django\contrib\admin\options.py", line 811, in get_form
    raise FieldError(
django.core.exceptions.FieldError: Unknown field(s) (username) specified for CustomUser. Check fields/fieldsets/exclude attributes of class CustomUserAdmin.
2024-06-28 18:57:56,165 [35;1mHTTP GET /admin/app/customuser/1/change/ 500 [0.24, 127.0.0.1:64605][0m
2024-06-28 18:58:02,292 D:\stox\app\admin.py changed, reloading.
2024-06-28 18:58:04,546 Watching for file changes with StatReloader
2024-06-28 18:58:05,229 Internal Server Error: /admin/app/customuser/1/change/
Traceback (most recent call last):
  File "C:\Users\atulg\AppData\Roaming\Python\Python310\site-packages\django\contrib\admin\options.py", line 809, in get_form
    return modelform_factory(self.model, **defaults)
  File "C:\Users\atulg\AppData\Roaming\Python\Python310\site-packages\django\forms\models.py", line 642, in modelform_factory
    return type(form)(class_name, (form,), form_class_attrs)
  File "C:\Users\atulg\AppData\Roaming\Python\Python310\site-packages\django\forms\models.py", line 321, in __new__
    raise FieldError(message)
django.core.exceptions.FieldError: Unknown field(s) (username) specified for CustomUser

During handling of the above exception, another exception occurred:

Traceback (most recent call last):
  File "C:\Users\atulg\AppData\Roaming\Python\Python310\site-packages\asgiref\sync.py", line 534, in thread_handler
    raise exc_info[1]
  File "C:\Users\atulg\AppData\Roaming\Python\Python310\site-packages\django\core\handlers\exception.py", line 42, in inner
    response = await get_response(request)
  File "C:\Users\atulg\AppData\Roaming\Python\Python310\site-packages\django\core\handlers\base.py", line 253, in _get_response_async
    response = await wrapped_callback(
  File "C:\Users\atulg\AppData\Roaming\Python\Python310\site-packages\asgiref\sync.py", line 479, in __call__
    ret: _R = await loop.run_in_executor(
  File "C:\Program Files\Python310\lib\concurrent\futures\thread.py", line 58, in run
    result = self.fn(*self.args, **self.kwargs)
  File "C:\Users\atulg\AppData\Roaming\Python\Python310\site-packages\asgiref\sync.py", line 538, in thread_handler
    return func(*args, **kwargs)
  File "C:\Users\atulg\AppData\Roaming\Python\Python310\site-packages\django\contrib\admin\options.py", line 688, in wrapper
    return self.admin_site.admin_view(view)(*args, **kwargs)
  File "C:\Users\atulg\AppData\Roaming\Python\Python310\site-packages\django\utils\decorators.py", line 134, in _wrapper_view
    response = view_func(request, *args, **kwargs)
  File "C:\Users\atulg\AppData\Roaming\Python\Python310\site-packages\django\views\decorators\cache.py", line 62, in _wrapper_view_func
    response = view_func(request, *args, **kwargs)
  File "C:\Users\atulg\AppData\Roaming\Python\Python310\site-packages\django\contrib\admin\sites.py", line 242, in inner
    return view(request, *args, **kwargs)
  File "C:\Users\atulg\AppData\Roaming\Python\Python310\site-packages\django\contrib\admin\options.py", line 1889, in change_view
    return self.changeform_view(request, object_id, form_url, extra_context)
  File "C:\Users\atulg\AppData\Roaming\Python\Python310\site-packages\django\utils\decorators.py", line 46, in _wrapper
    return bound_method(*args, **kwargs)
  File "C:\Users\atulg\AppData\Roaming\Python\Python310\site-packages\django\utils\decorators.py", line 134, in _wrapper_view
    response = view_func(request, *args, **kwargs)
  File "C:\Users\atulg\AppData\Roaming\Python\Python310\site-packages\django\contrib\admin\options.py", line 1747, in changeform_view
    return self._changeform_view(request, object_id, form_url, extra_context)
  File "C:\Users\atulg\AppData\Roaming\Python\Python310\site-packages\django\contrib\admin\options.py", line 1782, in _changeform_view
    ModelForm = self.get_form(
  File "C:\Users\atulg\AppData\Roaming\Python\Python310\site-packages\django\contrib\auth\admin.py", line 98, in get_form
    return super().get_form(request, obj, **defaults)
  File "C:\Users\atulg\AppData\Roaming\Python\Python310\site-packages\django\contrib\admin\options.py", line 811, in get_form
    raise FieldError(
django.core.exceptions.FieldError: Unknown field(s) (username) specified for CustomUser. Check fields/fieldsets/exclude attributes of class CustomUserAdmin.
2024-06-28 18:58:05,238 [35;1mHTTP GET /admin/app/customuser/1/change/ 500 [0.11, 127.0.0.1:64619][0m
2024-06-28 18:59:17,559 D:\stox\app\admin.py changed, reloading.
2024-06-28 18:59:21,680 Watching for file changes with StatReloader
2024-06-28 18:59:25,771 Internal Server Error: /admin/app/customuser/1/change/
Traceback (most recent call last):
  File "C:\Users\atulg\AppData\Roaming\Python\Python310\site-packages\django\forms\forms.py", line 178, in __getitem__
    field = self.fields[name]
KeyError: 'username'

During handling of the above exception, another exception occurred:

Traceback (most recent call last):
  File "C:\Users\atulg\AppData\Roaming\Python\Python310\site-packages\asgiref\sync.py", line 534, in thread_handler
    raise exc_info[1]
  File "C:\Users\atulg\AppData\Roaming\Python\Python310\site-packages\django\core\handlers\exception.py", line 42, in inner
    response = await get_response(request)
  File "C:\Users\atulg\AppData\Roaming\Python\Python310\site-packages\django\core\handlers\base.py", line 284, in _get_response_async
    response = await sync_to_async(
  File "C:\Users\atulg\AppData\Roaming\Python\Python310\site-packages\asgiref\sync.py", line 479, in __call__
    ret: _R = await loop.run_in_executor(
  File "C:\Program Files\Python310\lib\concurrent\futures\thread.py", line 58, in run
    result = self.fn(*self.args, **self.kwargs)
  File "C:\Users\atulg\AppData\Roaming\Python\Python310\site-packages\asgiref\sync.py", line 538, in thread_handler
    return func(*args, **kwargs)
  File "C:\Users\atulg\AppData\Roaming\Python\Python310\site-packages\django\template\response.py", line 114, in render
    self.content = self.rendered_content
  File "C:\Users\atulg\AppData\Roaming\Python\Python310\site-packages\django\template\response.py", line 92, in rendered_content
    return template.render(context, self._request)
  File "C:\Users\atulg\AppData\Roaming\Python\Python310\site-packages\django\template\backends\django.py", line 61, in render
    return self.template.render(context)
  File "C:\Users\atulg\AppData\Roaming\Python\Python310\site-packages\django\template\base.py", line 175, in render
    return self._render(context)
  File "C:\Users\atulg\AppData\Roaming\Python\Python310\site-packages\django\template\base.py", line 167, in _render
    return self.nodelist.render(context)
  File "C:\Users\atulg\AppData\Roaming\Python\Python310\site-packages\django\template\base.py", line 1005, in render
    return SafeString("".join([node.render_annotated(context) for node in self]))
  File "C:\Users\atulg\AppData\Roaming\Python\Python310\site-packages\django\template\base.py", line 1005, in <listcomp>
    return SafeString("".join([node.render_annotated(context) for node in self]))
  File "C:\Users\atulg\AppData\Roaming\Python\Python310\site-packages\django\template\base.py", line 966, in render_annotated
    return self.render(context)
  File "C:\Users\atulg\AppData\Roaming\Python\Python310\site-packages\django\template\loader_tags.py", line 157, in render
    return compiled_parent._render(context)
  File "C:\Users\atulg\AppData\Roaming\Python\Python310\site-packages\django\template\base.py", line 167, in _render
    return self.nodelist.render(context)
  File "C:\Users\atulg\AppData\Roaming\Python\Python310\site-packages\django\template\base.py", line 1005, in render
    return SafeString("".join([node.render_annotated(context) for node in self]))
  File "C:\Users\atulg\AppData\Roaming\Python\Python310\site-packages\django\template\base.py", line 1005, in <listcomp>
    return SafeString("".join([node.render_annotated(context) for node in self]))
  File "C:\Users\atulg\AppData\Roaming\Python\Python310\site-packages\django\template\base.py", line 966, in render_annotated
    return self.render(context)
  File "C:\Users\atulg\AppData\Roaming\Python\Python310\site-packages\django\template\loader_tags.py", line 157, in render
    return compiled_parent._render(context)
  File "C:\Users\atulg\AppData\Roaming\Python\Python310\site-packages\django\template\base.py", line 167, in _render
    return self.nodelist.render(context)
  File "C:\Users\atulg\AppData\Roaming\Python\Python310\site-packages\django\template\base.py", line 1005, in render
    return SafeString("".join([node.render_annotated(context) for node in self]))
  File "C:\Users\atulg\AppData\Roaming\Python\Python310\site-packages\django\template\base.py", line 1005, in <listcomp>
    return SafeString("".join([node.render_annotated(context) for node in self]))
  File "C:\Users\atulg\AppData\Roaming\Python\Python310\site-packages\django\template\base.py", line 966, in render_annotated
    return self.render(context)
  File "C:\Users\atulg\AppData\Roaming\Python\Python310\site-packages\django\template\loader_tags.py", line 63, in render
    result = block.nodelist.render(context)
  File "C:\Users\atulg\AppData\Roaming\Python\Python310\site-packages\django\template\base.py", line 1005, in render
    return SafeString("".join([node.render_annotated(context) for node in self]))
  File "C:\Users\atulg\AppData\Roaming\Python\Python310\site-packages\django\template\base.py", line 1005, in <listcomp>
    return SafeString("".join([node.render_annotated(context) for node in self]))
  File "C:\Users\atulg\AppData\Roaming\Python\Python310\site-packages\django\template\base.py", line 966, in render_annotated
    return self.render(context)
  File "C:\Users\atulg\AppData\Roaming\Python\Python310\site-packages\django\template\loader_tags.py", line 63, in render
    result = block.nodelist.render(context)
  File "C:\Users\atulg\AppData\Roaming\Python\Python310\site-packages\django\template\base.py", line 1005, in render
    return SafeString("".join([node.render_annotated(context) for node in self]))
  File "C:\Users\atulg\AppData\Roaming\Python\Python310\site-packages\django\template\base.py", line 1005, in <listcomp>
    return SafeString("".join([node.render_annotated(context) for node in self]))
  File "C:\Users\atulg\AppData\Roaming\Python\Python310\site-packages\django\template\base.py", line 966, in render_annotated
    return self.render(context)
  File "C:\Users\atulg\AppData\Roaming\Python\Python310\site-packages\django\template\defaulttags.py", line 238, in render
    nodelist.append(node.render_annotated(context))
  File "C:\Users\atulg\AppData\Roaming\Python\Python310\site-packages\django\template\base.py", line 966, in render_annotated
    return self.render(context)
  File "C:\Users\atulg\AppData\Roaming\Python\Python310\site-packages\django\template\loader_tags.py", line 208, in render
    return template.render(context)
  File "C:\Users\atulg\AppData\Roaming\Python\Python310\site-packages\django\template\base.py", line 177, in render
    return self._render(context)
  File "C:\Users\atulg\AppData\Roaming\Python\Python310\site-packages\django\template\base.py", line 167, in _render
    return self.nodelist.render(context)
  File "C:\Users\atulg\AppData\Roaming\Python\Python310\site-packages\django\template\base.py", line 1005, in render
    return SafeString("".join([node.render_annotated(context) for node in self]))
  File "C:\Users\atulg\AppData\Roaming\Python\Python310\site-packages\django\template\base.py", line 1005, in <listcomp>
    return SafeString("".join([node.render_annotated(context) for node in self]))
  File "C:\Users\atulg\AppData\Roaming\Python\Python310\site-packages\django\template\base.py", line 966, in render_annotated
    return self.render(context)
  File "C:\Users\atulg\AppData\Roaming\Python\Python310\site-packages\django\template\defaulttags.py", line 238, in render
    nodelist.append(node.render_annotated(context))
  File "C:\Users\atulg\AppData\Roaming\Python\Python310\site-packages\django\template\base.py", line 966, in render_annotated
    return self.render(context)
  File "C:\Users\atulg\AppData\Roaming\Python\Python310\site-packages\django\template\defaulttags.py", line 193, in render
    values = list(values)
  File "C:\Users\atulg\AppData\Roaming\Python\Python310\site-packages\django\contrib\admin\helpers.py", line 156, in __iter__
    yield AdminField(self.form, field, is_first=(i == 0))
  File "C:\Users\atulg\AppData\Roaming\Python\Python310\site-packages\django\contrib\admin\helpers.py", line 170, in __init__
    self.field = form[field]  # A django.forms.BoundField instance
  File "C:\Users\atulg\AppData\Roaming\Python\Python310\site-packages\django\forms\forms.py", line 180, in __getitem__
    raise KeyError(
KeyError: "Key 'username' not found in 'CustomUserForm'. Choices are: date_joined, email, first_name, groups, is_active, is_staff, is_superuser, last_login, last_name, password, user_permissions."
2024-06-28 18:59:25,782 [35;1mHTTP GET /admin/app/customuser/1/change/ 500 [0.41, 127.0.0.1:64710][0m
2024-06-28 19:00:30,372 D:\stox\app\admin.py changed, reloading.
2024-06-28 19:00:33,471 Watching for file changes with StatReloader
2024-06-28 19:02:48,027 D:\stox\app\admin.py changed, reloading.
2024-06-28 19:02:52,553 Watching for file changes with StatReloader
2024-06-28 19:02:53,928 [mHTTP GET /admin/app/customuser/1/change/ 200 [0.20, 127.0.0.1:64788][0m
2024-06-28 19:02:54,000 [mHTTP GET /admin/jsi18n/ 200 [0.02, 127.0.0.1:64788][0m
2024-06-28 19:02:54,061 [mHTTP GET /static/admin/js/SelectFilter2.js 200 [0.08, 127.0.0.1:64790][0m
2024-06-28 19:02:54,062 [mHTTP GET /static/admin/js/SelectBox.js 200 [0.08, 127.0.0.1:64789][0m
2024-06-28 19:02:54,865 [mHTTP GET /static/admin/img/icon-unknown-alt.svg 200 [0.01, 127.0.0.1:64788][0m
2024-06-28 19:02:54,869 [mHTTP GET /static/admin/img/icon-unknown.svg 200 [0.02, 127.0.0.1:64789][0m
2024-06-28 19:02:54,871 [mHTTP GET /static/admin/img/selector-icons.svg 200 [0.02, 127.0.0.1:64790][0m
