2024-07-15 02:31:14,985 D:\stox\stock\settings.py changed, reloading.
2024-07-15 02:33:25,391 D:\stox\app\admin.py changed, reloading.
2024-07-15 02:34:05,260 [32mHTTP GET /admin 301 [0.22, 127.0.0.1:51261][0m
2024-07-15 02:34:05,318 [32mHTTP GET /admin/ 302 [0.05, 127.0.0.1:51261][0m
2024-07-15 02:34:05,388 [mHTTP GET /admin/login/?next=/admin/ 200 [0.07, 127.0.0.1:51261][0m
2024-07-15 02:34:05,505 [mHTTP GET /static/vendor/fontawesome-free/css/all.min.css 200 [0.09, 127.0.0.1:51261][0m
2024-07-15 02:34:05,523 [mHTTP GET /static/jazzmin/css/main.css 200 [0.10, 127.0.0.1:51263][0m
2024-07-15 02:34:05,525 [mHTTP GET /static/vendor/adminlte/css/adminlte.min.css 200 [0.11, 127.0.0.1:51262][0m
2024-07-15 02:34:05,537 [mHTTP GET /static/vendor/adminlte/img/AdminLTELogo.png 200 [0.11, 127.0.0.1:51264][0m
2024-07-15 02:34:05,583 [mHTTP GET /static/vendor/adminlte/js/adminlte.min.js 200 [0.13, 127.0.0.1:51266][0m
2024-07-15 02:34:05,588 [mHTTP GET /static/vendor/bootstrap/js/bootstrap.min.js 200 [0.14, 127.0.0.1:51265][0m
2024-07-15 02:34:05,631 [mHTTP GET /static/vendor/fontawesome-free/webfonts/fa-solid-900.woff2 200 [0.02, 127.0.0.1:51265][0m
2024-07-15 02:34:11,785 [mHTTP POST /admin/login/?next=/admin/ 200 [0.45, 127.0.0.1:51265][0m
2024-07-15 02:34:19,817 [32mHTTP POST /admin/login/?next=/admin/ 302 [0.52, 127.0.0.1:51271][0m
2024-07-15 02:34:20,076 [mHTTP GET /admin/ 200 [0.13, 127.0.0.1:51271][0m
2024-07-15 02:34:20,111 [mHTTP GET /static/jazzmin/js/main.js 200 [0.02, 127.0.0.1:51271][0m
2024-07-15 02:34:20,151 [mHTTP GET /static/vendor/fontawesome-free/webfonts/fa-regular-400.woff2 200 [0.01, 127.0.0.1:51271][0m
2024-07-15 02:34:29,227 [mHTTP GET /admin/app/position/ 200 [0.19, 127.0.0.1:51278][0m
2024-07-15 02:34:29,254 [mHTTP GET /static/vendor/select2/css/select2.min.css 200 [0.01, 127.0.0.1:51278][0m
2024-07-15 02:34:29,266 [mHTTP GET /admin/jsi18n/ 200 [0.02, 127.0.0.1:51279][0m
2024-07-15 02:34:29,272 [mHTTP GET /static/jazzmin/js/change_list.js 200 [0.02, 127.0.0.1:51282][0m
2024-07-15 02:34:29,299 [mHTTP GET /static/vendor/select2/js/select2.min.js 200 [0.05, 127.0.0.1:51283][0m
2024-07-15 02:34:36,742 [mHTTP GET /admin/ 200 [0.05, 127.0.0.1:51284][0m
2024-07-15 02:34:38,924 [mHTTP GET /admin/app/position/ 200 [0.04, 127.0.0.1:51284][0m
2024-07-15 02:34:43,800 [mHTTP GET /admin/ 200 [0.04, 127.0.0.1:51284][0m
2024-07-15 02:35:01,471 [mHTTP GET /admin/ 200 [0.03, 127.0.0.1:51294][0m
2024-07-15 02:35:01,546 [36mHTTP GET /static/vendor/fontawesome-free/css/all.min.css 304 [0.00, 127.0.0.1:51294][0m
2024-07-15 02:35:01,547 [36mHTTP GET /static/vendor/adminlte/css/adminlte.min.css 304 [0.00, 127.0.0.1:51295][0m
2024-07-15 02:35:01,548 [36mHTTP GET /static/jazzmin/css/main.css 304 [0.00, 127.0.0.1:51296][0m
2024-07-15 02:35:01,562 [36mHTTP GET /static/vendor/adminlte/img/AdminLTELogo.png 304 [0.00, 127.0.0.1:51296][0m
2024-07-15 02:35:01,568 [36mHTTP GET /static/vendor/bootstrap/js/bootstrap.min.js 304 [0.00, 127.0.0.1:51296][0m
2024-07-15 02:35:01,590 [36mHTTP GET /static/vendor/adminlte/js/adminlte.min.js 304 [0.00, 127.0.0.1:51296][0m
2024-07-15 02:35:01,591 [36mHTTP GET /static/jazzmin/js/main.js 304 [0.00, 127.0.0.1:51295][0m
2024-07-15 02:35:01,618 [36mHTTP GET /static/vendor/fontawesome-free/webfonts/fa-solid-900.woff2 304 [0.00, 127.0.0.1:51296][0m
2024-07-15 02:35:01,619 [36mHTTP GET /static/vendor/fontawesome-free/webfonts/fa-regular-400.woff2 304 [0.00, 127.0.0.1:51295][0m
2024-07-15 02:35:04,621 [mHTTP GET / 200 [0.03, 127.0.0.1:51295][0m
2024-07-15 02:35:04,650 [mHTTP GET /static/landingasset/css/bootstrap.min.css 200 [0.01, 127.0.0.1:51295][0m
2024-07-15 02:35:04,651 [mHTTP GET /static/landingasset/css/themify-icons.css 200 [0.01, 127.0.0.1:51294][0m
2024-07-15 02:35:04,653 [mHTTP GET /static/landingasset/css/owl.carousel.css 200 [0.01, 127.0.0.1:51300][0m
2024-07-15 02:35:04,654 [mHTTP GET /static/landingasset/css/style.css 200 [0.01, 127.0.0.1:51301][0m
2024-07-15 02:35:04,656 [mHTTP GET /static/landingasset/css/animate.css 200 [0.01, 127.0.0.1:51299][0m
2024-07-15 02:35:04,657 [mHTTP GET /static/landingasset/css/font-awesome.min.css 200 [0.02, 127.0.0.1:51296][0m
2024-07-15 02:35:04,677 [mHTTP GET /static/landingasset/img/process-icons/1.png 200 [0.01, 127.0.0.1:51301][0m
2024-07-15 02:35:04,679 [mHTTP GET /static/landingasset/img/about-img.png 200 [0.02, 127.0.0.1:51300][0m
2024-07-15 02:35:04,680 [mHTTP GET /static/landingasset/img/process-icons/2.png 200 [0.02, 127.0.0.1:51299][0m
2024-07-15 02:35:04,684 [mHTTP GET /static/landingasset/img/process-icons/3.png 200 [0.02, 127.0.0.1:51296][0m
2024-07-15 02:35:04,690 [mHTTP GET /static/landingasset/img/laptop.png 200 [0.03, 127.0.0.1:51295][0m
2024-07-15 02:35:04,711 [mHTTP GET /static/landingasset/js/main.js 200 [0.03, 127.0.0.1:51299][0m
2024-07-15 02:35:04,726 [mHTTP GET /static/landingasset/js/owl.carousel.min.js 200 [0.05, 127.0.0.1:51301][0m
2024-07-15 02:35:04,740 [mHTTP GET /static/landingasset/js/jquery-3.2.1.min.js 200 [0.08, 127.0.0.1:51294][0m
2024-07-15 02:35:04,895 [mHTTP GET /static/landingasset/img/process-line.png 200 [0.01, 127.0.0.1:51301][0m
2024-07-15 02:35:04,898 [mHTTP GET /static/landingasset/img/hero-bg.png 200 [0.01, 127.0.0.1:51294][0m
2024-07-15 02:35:04,949 [mHTTP GET /static/landingasset/fonts/Futura.woff 200 [0.02, 127.0.0.1:51294][0m
2024-07-15 02:35:04,953 [mHTTP GET /static/landingasset/icon-fonts/fontawesome-webfont.woff2?v=4.7.0 200 [0.02, 127.0.0.1:51299][0m
2024-07-15 02:35:04,957 [mHTTP GET /static/landingasset/icon-fonts/themify.woff?-fvbane 200 [0.03, 127.0.0.1:51301][0m
2024-07-15 02:35:05,005 [33mHTTP GET /static/assets/images/logo-thumb.png 404 [0.01, 127.0.0.1:51301][0m
2024-07-15 02:35:07,224 [mHTTP GET /watchlist 200 [0.10, 127.0.0.1:51303][0m
2024-07-15 02:35:07,304 [mHTTP GET /static/libs/apexcharts/dist/apexcharts.css 200 [0.00, 127.0.0.1:51305][0m
2024-07-15 02:35:07,308 [mHTTP GET /static/css/theme.min.css 200 [0.01, 127.0.0.1:51304][0m
2024-07-15 02:35:07,308 [mHTTP GET /static/css/tailwind.css 200 [0.01, 127.0.0.1:51303][0m
2024-07-15 02:35:07,360 [mHTTP GET /static/libs/apexcharts/dist/apexcharts.min.js 200 [0.04, 127.0.0.1:51303][0m
2024-07-15 02:35:07,416 [mHTTP GET /static/libs/feather-icons/dist/feather.min.js 200 [0.04, 127.0.0.1:51303][0m
2024-07-15 02:35:07,468 [mHTTP GET /static/libs/bootstrap/dist/js/bootstrap.bundle.min.js 200 [0.05, 127.0.0.1:51303][0m
2024-07-15 02:35:07,504 [mHTTP GET /static/libs/simplebar/dist/simplebar.min.js 200 [0.03, 127.0.0.1:51303][0m
2024-07-15 02:35:07,512 [mHTTP GET /static/js/theme.min.js 200 [0.02, 127.0.0.1:51304][0m
2024-07-15 02:35:07,942 [mHTTP GET /static/images/brand/logo/logo-primary.svg 200 [0.01, 127.0.0.1:51304][0m
2024-07-15 02:36:46,302 Internal Server Error: /watchlist
Traceback (most recent call last):
  File "C:\Users\atulg\AppData\Roaming\Python\Python310\site-packages\django\template\base.py", line 505, in parse
    compile_func = self.tags[command]
KeyError: 'request.user.wallet'

During handling of the above exception, another exception occurred:

Traceback (most recent call last):
  File "C:\Users\atulg\AppData\Roaming\Python\Python310\site-packages\asgiref\sync.py", line 534, in thread_handler
    raise exc_info[1]
  File "C:\Users\atulg\AppData\Roaming\Python\Python310\site-packages\django\core\handlers\exception.py", line 42, in inner
    response = await get_response(request)
  File "C:\Users\atulg\AppData\Roaming\Python\Python310\site-packages\django\core\handlers\base.py", line 253, in _get_response_async
    response = await wrapped_callback(
  File "C:\Users\atulg\AppData\Roaming\Python\Python310\site-packages\asgiref\sync.py", line 479, in __call__
    ret: _R = await loop.run_in_executor(
  File "C:\Program Files\Python310\lib\concurrent\futures\thread.py", line 58, in run
    result = self.fn(*self.args, **self.kwargs)
  File "C:\Users\atulg\AppData\Roaming\Python\Python310\site-packages\asgiref\sync.py", line 538, in thread_handler
    return func(*args, **kwargs)
  File "C:\Users\atulg\AppData\Roaming\Python\Python310\site-packages\django\contrib\auth\decorators.py", line 23, in _wrapper_view
    return view_func(request, *args, **kwargs)
  File "D:\stox\app\views.py", line 215, in watchlist
    return render(request,'dashboard/watchlist.html',context)
  File "C:\Users\atulg\AppData\Roaming\Python\Python310\site-packages\django\shortcuts.py", line 24, in render
    content = loader.render_to_string(template_name, context, request, using=using)
  File "C:\Users\atulg\AppData\Roaming\Python\Python310\site-packages\django\template\loader.py", line 61, in render_to_string
    template = get_template(template_name, using=using)
  File "C:\Users\atulg\AppData\Roaming\Python\Python310\site-packages\django\template\loader.py", line 15, in get_template
    return engine.get_template(template_name)
  File "C:\Users\atulg\AppData\Roaming\Python\Python310\site-packages\django\template\backends\django.py", line 33, in get_template
    return Template(self.engine.get_template(template_name), self)
  File "C:\Users\atulg\AppData\Roaming\Python\Python310\site-packages\django\template\engine.py", line 175, in get_template
    template, origin = self.find_template(template_name)
  File "C:\Users\atulg\AppData\Roaming\Python\Python310\site-packages\django\template\engine.py", line 157, in find_template
    template = loader.get_template(name, skip=skip)
  File "C:\Users\atulg\AppData\Roaming\Python\Python310\site-packages\django\template\loaders\cached.py", line 57, in get_template
    template = super().get_template(template_name, skip)
  File "C:\Users\atulg\AppData\Roaming\Python\Python310\site-packages\django\template\loaders\base.py", line 28, in get_template
    return Template(
  File "C:\Users\atulg\AppData\Roaming\Python\Python310\site-packages\django\template\base.py", line 154, in __init__
    self.nodelist = self.compile_nodelist()
  File "C:\Users\atulg\AppData\Roaming\Python\Python310\site-packages\django\template\base.py", line 200, in compile_nodelist
    return parser.parse()
  File "C:\Users\atulg\AppData\Roaming\Python\Python310\site-packages\django\template\base.py", line 513, in parse
    raise self.error(token, e)
  File "C:\Users\atulg\AppData\Roaming\Python\Python310\site-packages\django\template\base.py", line 511, in parse
    compiled_result = compile_func(self, token)
  File "C:\Users\atulg\AppData\Roaming\Python\Python310\site-packages\django\template\loader_tags.py", line 293, in do_extends
    nodelist = parser.parse()
  File "C:\Users\atulg\AppData\Roaming\Python\Python310\site-packages\django\template\base.py", line 513, in parse
    raise self.error(token, e)
  File "C:\Users\atulg\AppData\Roaming\Python\Python310\site-packages\django\template\base.py", line 511, in parse
    compiled_result = compile_func(self, token)
  File "C:\Users\atulg\AppData\Roaming\Python\Python310\site-packages\django\template\loader_tags.py", line 232, in do_block
    nodelist = parser.parse(("endblock",))
  File "C:\Users\atulg\AppData\Roaming\Python\Python310\site-packages\django\template\base.py", line 507, in parse
    self.invalid_block_tag(token, command, parse_until)
  File "C:\Users\atulg\AppData\Roaming\Python\Python310\site-packages\django\template\base.py", line 558, in invalid_block_tag
    raise self.error(
django.template.exceptions.TemplateSyntaxError: Invalid block tag on line 177: 'request.user.wallet', expected 'endblock'. Did you forget to register or load this tag?
2024-07-15 02:36:46,311 [35;1mHTTP GET /watchlist 500 [0.31, 127.0.0.1:51319][0m
2024-07-15 02:36:46,717 Not Found: /favicon.ico
2024-07-15 02:36:46,718 [33mHTTP GET /favicon.ico 404 [0.01, 127.0.0.1:51319][0m
2024-07-15 02:37:09,310 [mHTTP GET /watchlist 200 [0.07, 127.0.0.1:51327][0m
2024-07-15 02:38:19,848 [mHTTP GET /watchlist 200 [0.08, 127.0.0.1:51361][0m
2024-07-15 02:39:06,536 [mHTTP GET /watchlist 200 [0.07, 127.0.0.1:51384][0m
2024-07-15 02:45:05,681 [mHTTP GET /profile 200 [0.02, 127.0.0.1:51434][0m
2024-07-15 02:45:50,471 [mHTTP GET /profile 200 [0.03, 127.0.0.1:51463][0m
2024-07-15 02:46:05,236 [mHTTP GET /profile 200 [0.04, 127.0.0.1:51474][0m
2024-07-15 02:46:08,427 Internal Server Error: /transactions
Traceback (most recent call last):
  File "C:\Users\atulg\AppData\Roaming\Python\Python310\site-packages\asgiref\sync.py", line 534, in thread_handler
    raise exc_info[1]
  File "C:\Users\atulg\AppData\Roaming\Python\Python310\site-packages\django\core\handlers\exception.py", line 42, in inner
    response = await get_response(request)
  File "C:\Users\atulg\AppData\Roaming\Python\Python310\site-packages\django\core\handlers\base.py", line 253, in _get_response_async
    response = await wrapped_callback(
  File "C:\Users\atulg\AppData\Roaming\Python\Python310\site-packages\asgiref\sync.py", line 479, in __call__
    ret: _R = await loop.run_in_executor(
  File "C:\Program Files\Python310\lib\concurrent\futures\thread.py", line 58, in run
    result = self.fn(*self.args, **self.kwargs)
  File "C:\Users\atulg\AppData\Roaming\Python\Python310\site-packages\asgiref\sync.py", line 538, in thread_handler
    return func(*args, **kwargs)
  File "C:\Users\atulg\AppData\Roaming\Python\Python310\site-packages\django\contrib\auth\decorators.py", line 23, in _wrapper_view
    return view_func(request, *args, **kwargs)
  File "D:\stox\app\views.py", line 429, in transactions
    return render(request,'transactions.html',context)
  File "C:\Users\atulg\AppData\Roaming\Python\Python310\site-packages\django\shortcuts.py", line 24, in render
    content = loader.render_to_string(template_name, context, request, using=using)
  File "C:\Users\atulg\AppData\Roaming\Python\Python310\site-packages\django\template\loader.py", line 61, in render_to_string
    template = get_template(template_name, using=using)
  File "C:\Users\atulg\AppData\Roaming\Python\Python310\site-packages\django\template\loader.py", line 19, in get_template
    raise TemplateDoesNotExist(template_name, chain=chain)
django.template.exceptions.TemplateDoesNotExist: transactions.html
2024-07-15 02:46:08,433 [35;1mHTTP GET /transactions 500 [0.21, 127.0.0.1:51477][0m
2024-07-15 02:48:05,977 Internal Server Error: /transactions
Traceback (most recent call last):
  File "C:\Users\atulg\AppData\Roaming\Python\Python310\site-packages\asgiref\sync.py", line 534, in thread_handler
    raise exc_info[1]
  File "C:\Users\atulg\AppData\Roaming\Python\Python310\site-packages\django\core\handlers\exception.py", line 42, in inner
    response = await get_response(request)
  File "C:\Users\atulg\AppData\Roaming\Python\Python310\site-packages\django\core\handlers\base.py", line 253, in _get_response_async
    response = await wrapped_callback(
  File "C:\Users\atulg\AppData\Roaming\Python\Python310\site-packages\asgiref\sync.py", line 479, in __call__
    ret: _R = await loop.run_in_executor(
  File "C:\Program Files\Python310\lib\concurrent\futures\thread.py", line 58, in run
    result = self.fn(*self.args, **self.kwargs)
  File "C:\Users\atulg\AppData\Roaming\Python\Python310\site-packages\asgiref\sync.py", line 538, in thread_handler
    return func(*args, **kwargs)
  File "C:\Users\atulg\AppData\Roaming\Python\Python310\site-packages\django\contrib\auth\decorators.py", line 23, in _wrapper_view
    return view_func(request, *args, **kwargs)
  File "D:\stox\app\views.py", line 429, in transactions
    return render(request,'transactions.html',context)
  File "C:\Users\atulg\AppData\Roaming\Python\Python310\site-packages\django\shortcuts.py", line 24, in render
    content = loader.render_to_string(template_name, context, request, using=using)
  File "C:\Users\atulg\AppData\Roaming\Python\Python310\site-packages\django\template\loader.py", line 61, in render_to_string
    template = get_template(template_name, using=using)
  File "C:\Users\atulg\AppData\Roaming\Python\Python310\site-packages\django\template\loader.py", line 19, in get_template
    raise TemplateDoesNotExist(template_name, chain=chain)
django.template.exceptions.TemplateDoesNotExist: transactions.html
2024-07-15 02:48:05,983 [35;1mHTTP GET /transactions 500 [0.10, 127.0.0.1:51526][0m
2024-07-15 02:48:07,037 Internal Server Error: /transactions
Traceback (most recent call last):
  File "C:\Users\atulg\AppData\Roaming\Python\Python310\site-packages\asgiref\sync.py", line 534, in thread_handler
    raise exc_info[1]
  File "C:\Users\atulg\AppData\Roaming\Python\Python310\site-packages\django\core\handlers\exception.py", line 42, in inner
    response = await get_response(request)
  File "C:\Users\atulg\AppData\Roaming\Python\Python310\site-packages\django\core\handlers\base.py", line 253, in _get_response_async
    response = await wrapped_callback(
  File "C:\Users\atulg\AppData\Roaming\Python\Python310\site-packages\asgiref\sync.py", line 479, in __call__
    ret: _R = await loop.run_in_executor(
  File "C:\Program Files\Python310\lib\concurrent\futures\thread.py", line 58, in run
    result = self.fn(*self.args, **self.kwargs)
  File "C:\Users\atulg\AppData\Roaming\Python\Python310\site-packages\asgiref\sync.py", line 538, in thread_handler
    return func(*args, **kwargs)
  File "C:\Users\atulg\AppData\Roaming\Python\Python310\site-packages\django\contrib\auth\decorators.py", line 23, in _wrapper_view
    return view_func(request, *args, **kwargs)
  File "D:\stox\app\views.py", line 429, in transactions
    return render(request,'transactions.html',context)
  File "C:\Users\atulg\AppData\Roaming\Python\Python310\site-packages\django\shortcuts.py", line 24, in render
    content = loader.render_to_string(template_name, context, request, using=using)
  File "C:\Users\atulg\AppData\Roaming\Python\Python310\site-packages\django\template\loader.py", line 61, in render_to_string
    template = get_template(template_name, using=using)
  File "C:\Users\atulg\AppData\Roaming\Python\Python310\site-packages\django\template\loader.py", line 19, in get_template
    raise TemplateDoesNotExist(template_name, chain=chain)
django.template.exceptions.TemplateDoesNotExist: transactions.html
2024-07-15 02:48:07,048 [35;1mHTTP GET /transactions 500 [0.07, 127.0.0.1:51529][0m
2024-07-15 02:48:25,074 D:\stox\app\views.py changed, reloading.
2024-07-15 02:48:33,132 [mHTTP GET /transactions 200 [0.04, 127.0.0.1:51546][0m
2024-07-15 02:48:38,650 [mHTTP GET /admin/ 200 [0.16, 127.0.0.1:51550][0m
2024-07-15 02:48:38,671 [36mHTTP GET /static/vendor/fontawesome-free/css/all.min.css 304 [0.00, 127.0.0.1:51550][0m
2024-07-15 02:48:38,678 [36mHTTP GET /static/jazzmin/css/main.css 304 [0.01, 127.0.0.1:51551][0m
2024-07-15 02:48:38,680 [36mHTTP GET /static/vendor/adminlte/css/adminlte.min.css 304 [0.01, 127.0.0.1:51553][0m
2024-07-15 02:48:38,681 [36mHTTP GET /static/vendor/adminlte/img/AdminLTELogo.png 304 [0.01, 127.0.0.1:51554][0m
2024-07-15 02:48:38,692 [36mHTTP GET /static/vendor/bootstrap/js/bootstrap.min.js 304 [0.00, 127.0.0.1:51553][0m
2024-07-15 02:48:38,695 [36mHTTP GET /static/vendor/adminlte/js/adminlte.min.js 304 [0.01, 127.0.0.1:51554][0m
2024-07-15 02:48:38,696 [36mHTTP GET /static/jazzmin/js/main.js 304 [0.01, 127.0.0.1:51551][0m
2024-07-15 02:48:38,829 [36mHTTP GET /static/vendor/fontawesome-free/webfonts/fa-solid-900.woff2 304 [0.00, 127.0.0.1:51551][0m
2024-07-15 02:48:38,830 [36mHTTP GET /static/vendor/fontawesome-free/webfonts/fa-regular-400.woff2 304 [0.00, 127.0.0.1:51554][0m
2024-07-15 02:48:41,052 [mHTTP GET /admin/app/transaction/ 200 [0.17, 127.0.0.1:51554][0m
2024-07-15 02:48:41,076 [36mHTTP GET /static/vendor/select2/css/select2.min.css 304 [0.01, 127.0.0.1:51554][0m
2024-07-15 02:48:41,079 [36mHTTP GET /static/vendor/select2/js/select2.min.js 304 [0.01, 127.0.0.1:51553][0m
2024-07-15 02:48:41,080 [36mHTTP GET /static/jazzmin/js/change_list.js 304 [0.01, 127.0.0.1:51550][0m
2024-07-15 02:48:41,090 [mHTTP GET /admin/jsi18n/ 200 [0.02, 127.0.0.1:51551][0m
2024-07-15 02:49:02,668 [mHTTP GET /transactions 200 [0.03, 127.0.0.1:51573][0m
2024-07-15 02:50:40,016 Internal Server Error: /transactions
Traceback (most recent call last):
  File "C:\Users\atulg\AppData\Roaming\Python\Python310\site-packages\django\template\base.py", line 505, in parse
    compile_func = self.tags[command]
KeyError: 'else'

During handling of the above exception, another exception occurred:

Traceback (most recent call last):
  File "C:\Users\atulg\AppData\Roaming\Python\Python310\site-packages\asgiref\sync.py", line 534, in thread_handler
    raise exc_info[1]
  File "C:\Users\atulg\AppData\Roaming\Python\Python310\site-packages\django\core\handlers\exception.py", line 42, in inner
    response = await get_response(request)
  File "C:\Users\atulg\AppData\Roaming\Python\Python310\site-packages\django\core\handlers\base.py", line 253, in _get_response_async
    response = await wrapped_callback(
  File "C:\Users\atulg\AppData\Roaming\Python\Python310\site-packages\asgiref\sync.py", line 479, in __call__
    ret: _R = await loop.run_in_executor(
  File "C:\Program Files\Python310\lib\concurrent\futures\thread.py", line 58, in run
    result = self.fn(*self.args, **self.kwargs)
  File "C:\Users\atulg\AppData\Roaming\Python\Python310\site-packages\asgiref\sync.py", line 538, in thread_handler
    return func(*args, **kwargs)
  File "C:\Users\atulg\AppData\Roaming\Python\Python310\site-packages\django\contrib\auth\decorators.py", line 23, in _wrapper_view
    return view_func(request, *args, **kwargs)
  File "D:\stox\app\views.py", line 429, in transactions
    return render(request,'dashboard/transactions.html',context)
  File "C:\Users\atulg\AppData\Roaming\Python\Python310\site-packages\django\shortcuts.py", line 24, in render
    content = loader.render_to_string(template_name, context, request, using=using)
  File "C:\Users\atulg\AppData\Roaming\Python\Python310\site-packages\django\template\loader.py", line 61, in render_to_string
    template = get_template(template_name, using=using)
  File "C:\Users\atulg\AppData\Roaming\Python\Python310\site-packages\django\template\loader.py", line 15, in get_template
    return engine.get_template(template_name)
  File "C:\Users\atulg\AppData\Roaming\Python\Python310\site-packages\django\template\backends\django.py", line 33, in get_template
    return Template(self.engine.get_template(template_name), self)
  File "C:\Users\atulg\AppData\Roaming\Python\Python310\site-packages\django\template\engine.py", line 175, in get_template
    template, origin = self.find_template(template_name)
  File "C:\Users\atulg\AppData\Roaming\Python\Python310\site-packages\django\template\engine.py", line 157, in find_template
    template = loader.get_template(name, skip=skip)
  File "C:\Users\atulg\AppData\Roaming\Python\Python310\site-packages\django\template\loaders\cached.py", line 57, in get_template
    template = super().get_template(template_name, skip)
  File "C:\Users\atulg\AppData\Roaming\Python\Python310\site-packages\django\template\loaders\base.py", line 28, in get_template
    return Template(
  File "C:\Users\atulg\AppData\Roaming\Python\Python310\site-packages\django\template\base.py", line 154, in __init__
    self.nodelist = self.compile_nodelist()
  File "C:\Users\atulg\AppData\Roaming\Python\Python310\site-packages\django\template\base.py", line 200, in compile_nodelist
    return parser.parse()
  File "C:\Users\atulg\AppData\Roaming\Python\Python310\site-packages\django\template\base.py", line 513, in parse
    raise self.error(token, e)
  File "C:\Users\atulg\AppData\Roaming\Python\Python310\site-packages\django\template\base.py", line 511, in parse
    compiled_result = compile_func(self, token)
  File "C:\Users\atulg\AppData\Roaming\Python\Python310\site-packages\django\template\loader_tags.py", line 293, in do_extends
    nodelist = parser.parse()
  File "C:\Users\atulg\AppData\Roaming\Python\Python310\site-packages\django\template\base.py", line 513, in parse
    raise self.error(token, e)
  File "C:\Users\atulg\AppData\Roaming\Python\Python310\site-packages\django\template\base.py", line 511, in parse
    compiled_result = compile_func(self, token)
  File "C:\Users\atulg\AppData\Roaming\Python\Python310\site-packages\django\template\loader_tags.py", line 232, in do_block
    nodelist = parser.parse(("endblock",))
  File "C:\Users\atulg\AppData\Roaming\Python\Python310\site-packages\django\template\base.py", line 513, in parse
    raise self.error(token, e)
  File "C:\Users\atulg\AppData\Roaming\Python\Python310\site-packages\django\template\base.py", line 511, in parse
    compiled_result = compile_func(self, token)
  File "C:\Users\atulg\AppData\Roaming\Python\Python310\site-packages\django\template\defaulttags.py", line 953, in do_if
    nodelist = parser.parse(("elif", "else", "endif"))
  File "C:\Users\atulg\AppData\Roaming\Python\Python310\site-packages\django\template\base.py", line 513, in parse
    raise self.error(token, e)
  File "C:\Users\atulg\AppData\Roaming\Python\Python310\site-packages\django\template\base.py", line 511, in parse
    compiled_result = compile_func(self, token)
  File "C:\Users\atulg\AppData\Roaming\Python\Python310\site-packages\django\template\defaulttags.py", line 853, in do_for
    nodelist_loop = parser.parse(
  File "C:\Users\atulg\AppData\Roaming\Python\Python310\site-packages\django\template\base.py", line 507, in parse
    self.invalid_block_tag(token, command, parse_until)
  File "C:\Users\atulg\AppData\Roaming\Python\Python310\site-packages\django\template\base.py", line 558, in invalid_block_tag
    raise self.error(
django.template.exceptions.TemplateSyntaxError: Invalid block tag on line 37: 'else', expected 'empty' or 'endfor'. Did you forget to register or load this tag?
2024-07-15 02:50:40,034 [35;1mHTTP GET /transactions 500 [0.24, 127.0.0.1:51598][0m
2024-07-15 02:51:40,012 [mHTTP GET /transactions 200 [0.02, 127.0.0.1:51607][0m
2024-07-15 02:52:25,717 [mHTTP GET /transactions 200 [0.03, 127.0.0.1:51618][0m
2024-07-15 02:53:27,952 [mHTTP GET /transactions 200 [0.04, 127.0.0.1:51632][0m
2024-07-15 02:54:02,025 [mHTTP GET /transactions 200 [0.03, 127.0.0.1:51643][0m
2024-07-15 02:54:30,786 [mHTTP GET /transactions 200 [0.04, 127.0.0.1:51655][0m
2024-07-15 02:54:43,274 [mHTTP GET /transactions 200 [0.03, 127.0.0.1:51661][0m
2024-07-15 02:54:48,784 [33mHTTP GET /static/libs/feather-icons/dist/feather.min.js.map 404 [0.05, 127.0.0.1:51665][0m
2024-07-15 02:54:48,787 [33mHTTP GET /static/libs/bootstrap/dist/js/bootstrap.bundle.min.js.map 404 [0.05, 127.0.0.1:51666][0m
2024-07-15 02:55:10,097 [mHTTP GET /admin/app/transaction/2/change/ 200 [0.23, 127.0.0.1:51687][0m
2024-07-15 02:55:10,140 [36mHTTP GET /static/vendor/fontawesome-free/css/all.min.css 304 [0.02, 127.0.0.1:51687][0m
2024-07-15 02:55:10,144 [36mHTTP GET /static/vendor/adminlte/css/adminlte.min.css 304 [0.02, 127.0.0.1:51688][0m
2024-07-15 02:55:10,148 [36mHTTP GET /static/jazzmin/css/main.css 304 [0.03, 127.0.0.1:51689][0m
2024-07-15 02:55:10,149 [36mHTTP GET /static/vendor/select2/css/select2.min.css 304 [0.01, 127.0.0.1:51690][0m
2024-07-15 02:55:10,152 [36mHTTP GET /static/vendor/adminlte/img/AdminLTELogo.png 304 [0.01, 127.0.0.1:51692][0m
2024-07-15 02:55:10,165 [mHTTP GET /admin/jsi18n/ 200 [0.02, 127.0.0.1:51691][0m
2024-07-15 02:55:10,184 [36mHTTP GET /static/vendor/bootstrap/js/bootstrap.min.js 304 [0.00, 127.0.0.1:51691][0m
2024-07-15 02:55:10,185 [36mHTTP GET /static/vendor/adminlte/js/adminlte.min.js 304 [0.00, 127.0.0.1:51692][0m
2024-07-15 02:55:10,196 [36mHTTP GET /static/jazzmin/js/main.js 304 [0.01, 127.0.0.1:51692][0m
2024-07-15 02:55:10,197 [36mHTTP GET /static/vendor/select2/js/select2.min.js 304 [0.01, 127.0.0.1:51691][0m
2024-07-15 02:55:10,206 [36mHTTP GET /static/vendor/fontawesome-free/webfonts/fa-solid-900.woff2 304 [0.00, 127.0.0.1:51692][0m
2024-07-15 02:55:10,207 [36mHTTP GET /static/vendor/fontawesome-free/webfonts/fa-regular-400.woff2 304 [0.00, 127.0.0.1:51691][0m
2024-07-15 02:55:10,292 [mHTTP GET /static/jazzmin/js/change_form.js 200 [0.10, 127.0.0.1:51690][0m
2024-07-15 02:55:16,417 [32mHTTP POST /admin/app/transaction/2/change/ 302 [0.04, 127.0.0.1:51697][0m
2024-07-15 02:55:16,505 [mHTTP GET /admin/app/transaction/ 200 [0.08, 127.0.0.1:51697][0m
2024-07-15 02:55:16,528 [36mHTTP GET /static/jazzmin/js/change_list.js 304 [0.00, 127.0.0.1:51698][0m
2024-07-15 02:55:16,534 [mHTTP GET /admin/jsi18n/ 200 [0.01, 127.0.0.1:51697][0m
2024-07-15 02:55:19,131 [mHTTP GET /transactions 200 [0.02, 127.0.0.1:51697][0m
2024-07-15 02:55:19,635 [33mHTTP GET /static/libs/feather-icons/dist/feather.min.js.map 404 [0.02, 127.0.0.1:51697][0m
2024-07-15 02:55:19,637 [33mHTTP GET /static/libs/bootstrap/dist/js/bootstrap.bundle.min.js.map 404 [0.02, 127.0.0.1:51698][0m
2024-07-15 02:58:55,217 [mHTTP GET /transactions 200 [0.06, 127.0.0.1:51842][0m
2024-07-15 02:58:55,867 [33mHTTP GET /static/libs/feather-icons/dist/feather.min.js.map 404 [0.03, 127.0.0.1:51842][0m
2024-07-15 02:58:55,869 [33mHTTP GET /static/libs/bootstrap/dist/js/bootstrap.bundle.min.js.map 404 [0.03, 127.0.0.1:51843][0m
2024-07-15 02:59:56,664 [mHTTP GET /transactions 200 [0.04, 127.0.0.1:51885][0m
2024-07-15 02:59:57,208 [33mHTTP GET /static/libs/bootstrap/dist/js/bootstrap.bundle.min.js.map 404 [0.02, 127.0.0.1:51886][0m
2024-07-15 02:59:57,208 [33mHTTP GET /static/libs/feather-icons/dist/feather.min.js.map 404 [0.02, 127.0.0.1:51885][0m
2024-07-15 03:00:11,296 [mHTTP GET /transactions 200 [0.03, 127.0.0.1:51898][0m
2024-07-15 03:00:11,877 [33mHTTP GET /static/libs/feather-icons/dist/feather.min.js.map 404 [0.02, 127.0.0.1:51898][0m
2024-07-15 03:00:11,894 [33mHTTP GET /static/libs/bootstrap/dist/js/bootstrap.bundle.min.js.map 404 [0.03, 127.0.0.1:51899][0m
2024-07-15 03:00:32,624 [mHTTP GET /transactions 200 [0.03, 127.0.0.1:51913][0m
2024-07-15 03:00:33,027 [33mHTTP GET /static/libs/bootstrap/dist/js/bootstrap.bundle.min.js.map 404 [0.04, 127.0.0.1:51914][0m
2024-07-15 03:00:33,029 [33mHTTP GET /static/libs/feather-icons/dist/feather.min.js.map 404 [0.04, 127.0.0.1:51913][0m
2024-07-15 03:01:04,329 [mHTTP GET /watchlist 200 [0.02, 127.0.0.1:51924][0m
2024-07-15 03:01:14,222 [32mHTTP POST /place_order 302 [0.21, 127.0.0.1:51924][0m
2024-07-15 03:01:14,476 [mHTTP GET /orders 200 [0.25, 127.0.0.1:51924][0m
2024-07-15 03:01:17,826 [mHTTP GET /portfolio 200 [0.07, 127.0.0.1:51924][0m
2024-07-15 03:01:49,979 [mHTTP GET /watchlist 200 [0.03, 127.0.0.1:51924][0m
2024-07-15 03:07:08,679 [mHTTP GET /profile 200 [0.03, 127.0.0.1:52001][0m
2024-07-15 03:07:12,479 [mHTTP GET /transactions 200 [0.04, 127.0.0.1:52004][0m
2024-07-15 03:07:18,020 [33mHTTP GET /static/libs/bootstrap/dist/js/bootstrap.bundle.min.js.map 404 [0.03, 127.0.0.1:52004][0m
2024-07-15 03:07:18,024 [33mHTTP GET /static/libs/feather-icons/dist/feather.min.js.map 404 [0.03, 127.0.0.1:52005][0m
