2024-09-05 06:48:14,673 [mHTTP GET / 200 [0.05, 127.0.0.1:61446][0m
2024-09-05 06:48:17,124 [mHTTP GET /login/ 200 [0.07, 127.0.0.1:61446][0m
2024-09-05 06:48:24,551 [32mHTTP POST /login/ 302 [1.18, 127.0.0.1:61450][0m
2024-09-05 06:48:24,705 [mHTTP GET /watchlist?greeting=True 200 [0.14, 127.0.0.1:61450][0m
2024-09-05 06:49:44,272 D:\stox\stock\settings.py changed, reloading.
2024-09-05 06:49:52,409 [mHTTP GET /watchlist?greeting=True 200 [0.05, 127.0.0.1:61494][0m
2024-09-05 06:49:59,099 [mHTTP GET / 200 [0.01, 127.0.0.1:61494][0m
2024-09-05 06:50:01,490 [32mHTTP GET /login/ 302 [0.02, 127.0.0.1:61500][0m
2024-09-05 06:50:01,523 [32mHTTP GET /market 302 [0.02, 127.0.0.1:61500][0m
2024-09-05 06:50:01,556 [mHTTP GET /watchlist 200 [0.02, 127.0.0.1:61500][0m
2024-09-05 06:50:12,582 [mHTTP GET /profile 200 [0.05, 127.0.0.1:61513][0m
2024-09-05 06:50:49,011 [mHTTP GET /contact 200 [0.18, 127.0.0.1:61524][0m
2024-09-05 06:50:49,073 Not Found: /static/landingasset/img/blog/4.jpg
2024-09-05 06:50:49,073 [33mHTTP GET /static/landingasset/img/blog/4.jpg 404 [0.01, 127.0.0.1:61524][0m
2024-09-05 06:50:49,073 Not Found: /static/landingasset/img/page-info-bg.png
2024-09-05 06:50:49,078 [33mHTTP GET /static/landingasset/img/page-info-bg.png 404 [0.02, 127.0.0.1:61525][0m
2024-09-05 06:50:53,118 [mHTTP GET /performance 200 [0.07, 127.0.0.1:61528][0m
2024-09-05 06:50:55,114 [mHTTP GET /watchlist 200 [0.03, 127.0.0.1:61528][0m
2024-09-05 06:50:57,413 [mHTTP GET /performance 200 [0.02, 127.0.0.1:61528][0m
2024-09-05 06:51:01,115 [mHTTP GET /transactions 200 [0.04, 127.0.0.1:61532][0m
2024-09-05 06:51:10,544 [mHTTP GET /trade_charges 200 [0.13, 127.0.0.1:61536][0m
2024-09-05 06:51:13,386 [mHTTP GET /portfolio 200 [0.15, 127.0.0.1:61536][0m
2024-09-05 06:51:15,063 [mHTTP GET /watchlist 200 [0.02, 127.0.0.1:61536][0m
2024-09-05 06:51:39,627 [mHTTP GET /profile 200 [0.08, 127.0.0.1:61554][0m
2024-09-05 06:51:42,769 [32mHTTP GET /logout 301 [0.02, 127.0.0.1:61554][0m
2024-09-05 06:51:42,804 [32mHTTP GET /logout/ 302 [0.03, 127.0.0.1:61554][0m
2024-09-05 06:51:42,829 [mHTTP GET /login/ 200 [0.01, 127.0.0.1:61554][0m
2024-09-05 06:51:49,983 [32mHTTP POST /login/ 302 [1.03, 127.0.0.1:61559][0m
2024-09-05 06:51:50,019 [mHTTP GET /watchlist?greeting=True 200 [0.03, 127.0.0.1:61559][0m
2024-09-05 06:51:57,946 [mHTTP GET /trade_charges 200 [0.11, 127.0.0.1:61564][0m
2024-09-05 06:52:00,003 [mHTTP GET /orders 200 [0.19, 127.0.0.1:61564][0m
2024-09-05 06:52:39,788 [mHTTP GET /performance 200 [0.02, 127.0.0.1:61577][0m
2024-09-05 06:52:41,593 [mHTTP GET /transactions 200 [0.03, 127.0.0.1:61577][0m
2024-09-05 06:53:04,412 [32mHTTP GET /trade_charges 302 [0.02, 127.0.0.1:61577][0m
2024-09-05 06:53:04,437 [mHTTP GET /login/?next=/trade_charges 200 [0.01, 127.0.0.1:61577][0m
2024-09-05 06:53:14,319 [32mHTTP POST /login/?next=/trade_charges 302 [1.07, 127.0.0.1:61577][0m
2024-09-05 06:53:14,354 [mHTTP GET /watchlist?greeting=True 200 [0.03, 127.0.0.1:61577][0m
2024-09-05 06:53:46,629 D:\stox\stock\settings.py changed, reloading.
2024-09-05 06:54:00,551 [mHTTP GET / 200 [0.02, 127.0.0.1:61606][0m
2024-09-05 06:54:02,991 [mHTTP GET /login/ 200 [0.02, 127.0.0.1:61606][0m
2024-09-05 06:54:08,225 [32mHTTP GET /watchlist 302 [0.02, 127.0.0.1:61606][0m
2024-09-05 06:54:08,241 [mHTTP GET /login/?next=/watchlist 200 [0.00, 127.0.0.1:61606][0m
2024-09-05 06:54:17,922 [32mHTTP GET /admin/ 302 [0.02, 127.0.0.1:61606][0m
2024-09-05 06:54:17,963 [mHTTP GET /admin/login/?next=/admin/ 200 [0.03, 127.0.0.1:61606][0m
2024-09-05 06:54:19,635 [32mHTTP GET /watchlist 302 [0.01, 127.0.0.1:61606][0m
2024-09-05 06:54:19,649 [mHTTP GET /login/?next=/watchlist 200 [0.01, 127.0.0.1:61606][0m
2024-09-05 06:54:27,671 [32mHTTP POST /login/?next=/watchlist 302 [1.10, 127.0.0.1:61606][0m
2024-09-05 06:54:27,728 [mHTTP GET /watchlist?greeting=True 200 [0.05, 127.0.0.1:61606][0m
2024-09-05 06:54:38,436 [32mHTTP GET /admin/ 302 [0.01, 127.0.0.1:61606][0m
2024-09-05 06:54:38,443 [mHTTP GET /admin/login/?next=/admin/ 200 [0.00, 127.0.0.1:61606][0m
2024-09-05 06:54:40,814 [32mHTTP GET /watchlist 302 [0.01, 127.0.0.1:61606][0m
2024-09-05 06:54:40,827 [mHTTP GET /login/?next=/watchlist 200 [0.01, 127.0.0.1:61606][0m
2024-09-05 07:38:16,893 D:\stox\settings\admin.py changed, reloading.
2024-09-05 07:38:21,634 [32mHTTP GET /admin/ 302 [0.05, 127.0.0.1:61874][0m
2024-09-05 07:38:21,667 [mHTTP GET /admin/login/?next=/admin/ 200 [0.03, 127.0.0.1:61874][0m
2024-09-05 07:38:32,570 [32mHTTP POST /admin/login/?next=/admin/ 302 [1.06, 127.0.0.1:61874][0m
2024-09-05 07:38:32,742 [mHTTP GET /admin/ 200 [0.17, 127.0.0.1:61874][0m
2024-09-05 07:38:42,356 Internal Server Error: /admin/settings/charges/
Traceback (most recent call last):
  File "C:\Users\atulg\AppData\Roaming\Python\Python310\site-packages\django\db\backends\utils.py", line 105, in _execute
    return self.cursor.execute(sql, params)
  File "C:\Users\atulg\AppData\Roaming\Python\Python310\site-packages\django\db\backends\sqlite3\base.py", line 329, in execute
    return super().execute(query, params)
sqlite3.OperationalError: no such column: settings_charges.manipulate_5_to_25

The above exception was the direct cause of the following exception:

Traceback (most recent call last):
  File "C:\Users\atulg\AppData\Roaming\Python\Python310\site-packages\asgiref\sync.py", line 518, in thread_handler
    raise exc_info[1]
  File "C:\Users\atulg\AppData\Roaming\Python\Python310\site-packages\django\core\handlers\exception.py", line 42, in inner
    response = await get_response(request)
  File "C:\Users\atulg\AppData\Roaming\Python\Python310\site-packages\django\core\handlers\base.py", line 253, in _get_response_async
    response = await wrapped_callback(
  File "C:\Users\atulg\AppData\Roaming\Python\Python310\site-packages\asgiref\sync.py", line 468, in __call__
    ret = await asyncio.shield(exec_coro)
  File "C:\Program Files\Python310\lib\concurrent\futures\thread.py", line 58, in run
    result = self.fn(*self.args, **self.kwargs)
  File "C:\Users\atulg\AppData\Roaming\Python\Python310\site-packages\asgiref\sync.py", line 522, in thread_handler
    return func(*args, **kwargs)
  File "C:\Users\atulg\AppData\Roaming\Python\Python310\site-packages\django\contrib\admin\options.py", line 716, in wrapper
    return self.admin_site.admin_view(view)(*args, **kwargs)
  File "C:\Users\atulg\AppData\Roaming\Python\Python310\site-packages\django\utils\decorators.py", line 188, in _view_wrapper
    result = _process_exception(request, e)
  File "C:\Users\atulg\AppData\Roaming\Python\Python310\site-packages\django\utils\decorators.py", line 186, in _view_wrapper
    response = view_func(request, *args, **kwargs)
  File "C:\Users\atulg\AppData\Roaming\Python\Python310\site-packages\django\views\decorators\cache.py", line 80, in _view_wrapper
    response = view_func(request, *args, **kwargs)
  File "C:\Users\atulg\AppData\Roaming\Python\Python310\site-packages\django\contrib\admin\sites.py", line 240, in inner
    return view(request, *args, **kwargs)
  File "C:\Users\atulg\AppData\Roaming\Python\Python310\site-packages\django\utils\decorators.py", line 48, in _wrapper
    return bound_method(*args, **kwargs)
  File "C:\Users\atulg\AppData\Roaming\Python\Python310\site-packages\django\utils\decorators.py", line 188, in _view_wrapper
    result = _process_exception(request, e)
  File "C:\Users\atulg\AppData\Roaming\Python\Python310\site-packages\django\utils\decorators.py", line 186, in _view_wrapper
    response = view_func(request, *args, **kwargs)
  File "C:\Users\atulg\AppData\Roaming\Python\Python310\site-packages\django\contrib\admin\options.py", line 2124, in changelist_view
    "selection_note": _("0 of %(cnt)s selected") % {"cnt": len(cl.result_list)},
  File "C:\Users\atulg\AppData\Roaming\Python\Python310\site-packages\django\db\models\query.py", line 382, in __len__
    self._fetch_all()
  File "C:\Users\atulg\AppData\Roaming\Python\Python310\site-packages\django\db\models\query.py", line 1928, in _fetch_all
    self._result_cache = list(self._iterable_class(self))
  File "C:\Users\atulg\AppData\Roaming\Python\Python310\site-packages\django\db\models\query.py", line 91, in __iter__
    results = compiler.execute_sql(
  File "C:\Users\atulg\AppData\Roaming\Python\Python310\site-packages\django\db\models\sql\compiler.py", line 1562, in execute_sql
    cursor.execute(sql, params)
  File "C:\Users\atulg\AppData\Roaming\Python\Python310\site-packages\django\db\backends\utils.py", line 79, in execute
    return self._execute_with_wrappers(
  File "C:\Users\atulg\AppData\Roaming\Python\Python310\site-packages\django\db\backends\utils.py", line 92, in _execute_with_wrappers
    return executor(sql, params, many, context)
  File "C:\Users\atulg\AppData\Roaming\Python\Python310\site-packages\django\db\backends\utils.py", line 100, in _execute
    with self.db.wrap_database_errors:
  File "C:\Users\atulg\AppData\Roaming\Python\Python310\site-packages\django\db\utils.py", line 91, in __exit__
    raise dj_exc_value.with_traceback(traceback) from exc_value
  File "C:\Users\atulg\AppData\Roaming\Python\Python310\site-packages\django\db\backends\utils.py", line 105, in _execute
    return self.cursor.execute(sql, params)
  File "C:\Users\atulg\AppData\Roaming\Python\Python310\site-packages\django\db\backends\sqlite3\base.py", line 329, in execute
    return super().execute(query, params)
django.db.utils.OperationalError: no such column: settings_charges.manipulate_5_to_25
2024-09-05 07:38:42,770 [35;1mHTTP GET /admin/settings/charges/ 500 [0.45, 127.0.0.1:61874][0m
2024-09-05 07:38:57,261 D:\stox\stock\settings.py changed, reloading.
2024-09-05 07:39:00,513 Internal Server Error: /admin/settings/charges/
Traceback (most recent call last):
  File "C:\Users\atulg\AppData\Roaming\Python\Python310\site-packages\django\db\backends\utils.py", line 105, in _execute
    return self.cursor.execute(sql, params)
  File "C:\Users\atulg\AppData\Roaming\Python\Python310\site-packages\django\db\backends\sqlite3\base.py", line 329, in execute
    return super().execute(query, params)
sqlite3.OperationalError: no such column: settings_charges.manipulate_5_to_25

The above exception was the direct cause of the following exception:

Traceback (most recent call last):
  File "C:\Users\atulg\AppData\Roaming\Python\Python310\site-packages\asgiref\sync.py", line 518, in thread_handler
    raise exc_info[1]
  File "C:\Users\atulg\AppData\Roaming\Python\Python310\site-packages\django\core\handlers\exception.py", line 42, in inner
    response = await get_response(request)
  File "C:\Users\atulg\AppData\Roaming\Python\Python310\site-packages\django\core\handlers\base.py", line 253, in _get_response_async
    response = await wrapped_callback(
  File "C:\Users\atulg\AppData\Roaming\Python\Python310\site-packages\asgiref\sync.py", line 468, in __call__
    ret = await asyncio.shield(exec_coro)
  File "C:\Program Files\Python310\lib\concurrent\futures\thread.py", line 58, in run
    result = self.fn(*self.args, **self.kwargs)
  File "C:\Users\atulg\AppData\Roaming\Python\Python310\site-packages\asgiref\sync.py", line 522, in thread_handler
    return func(*args, **kwargs)
  File "C:\Users\atulg\AppData\Roaming\Python\Python310\site-packages\django\contrib\admin\options.py", line 716, in wrapper
    return self.admin_site.admin_view(view)(*args, **kwargs)
  File "C:\Users\atulg\AppData\Roaming\Python\Python310\site-packages\django\utils\decorators.py", line 188, in _view_wrapper
    result = _process_exception(request, e)
  File "C:\Users\atulg\AppData\Roaming\Python\Python310\site-packages\django\utils\decorators.py", line 186, in _view_wrapper
    response = view_func(request, *args, **kwargs)
  File "C:\Users\atulg\AppData\Roaming\Python\Python310\site-packages\django\views\decorators\cache.py", line 80, in _view_wrapper
    response = view_func(request, *args, **kwargs)
  File "C:\Users\atulg\AppData\Roaming\Python\Python310\site-packages\django\contrib\admin\sites.py", line 240, in inner
    return view(request, *args, **kwargs)
  File "C:\Users\atulg\AppData\Roaming\Python\Python310\site-packages\django\utils\decorators.py", line 48, in _wrapper
    return bound_method(*args, **kwargs)
  File "C:\Users\atulg\AppData\Roaming\Python\Python310\site-packages\django\utils\decorators.py", line 188, in _view_wrapper
    result = _process_exception(request, e)
  File "C:\Users\atulg\AppData\Roaming\Python\Python310\site-packages\django\utils\decorators.py", line 186, in _view_wrapper
    response = view_func(request, *args, **kwargs)
  File "C:\Users\atulg\AppData\Roaming\Python\Python310\site-packages\django\contrib\admin\options.py", line 2124, in changelist_view
    "selection_note": _("0 of %(cnt)s selected") % {"cnt": len(cl.result_list)},
  File "C:\Users\atulg\AppData\Roaming\Python\Python310\site-packages\django\db\models\query.py", line 382, in __len__
    self._fetch_all()
  File "C:\Users\atulg\AppData\Roaming\Python\Python310\site-packages\django\db\models\query.py", line 1928, in _fetch_all
    self._result_cache = list(self._iterable_class(self))
  File "C:\Users\atulg\AppData\Roaming\Python\Python310\site-packages\django\db\models\query.py", line 91, in __iter__
    results = compiler.execute_sql(
  File "C:\Users\atulg\AppData\Roaming\Python\Python310\site-packages\django\db\models\sql\compiler.py", line 1562, in execute_sql
    cursor.execute(sql, params)
  File "C:\Users\atulg\AppData\Roaming\Python\Python310\site-packages\django\db\backends\utils.py", line 122, in execute
    return super().execute(sql, params)
  File "C:\Users\atulg\AppData\Roaming\Python\Python310\site-packages\django\db\backends\utils.py", line 79, in execute
    return self._execute_with_wrappers(
  File "C:\Users\atulg\AppData\Roaming\Python\Python310\site-packages\django\db\backends\utils.py", line 92, in _execute_with_wrappers
    return executor(sql, params, many, context)
  File "C:\Users\atulg\AppData\Roaming\Python\Python310\site-packages\django\db\backends\utils.py", line 100, in _execute
    with self.db.wrap_database_errors:
  File "C:\Users\atulg\AppData\Roaming\Python\Python310\site-packages\django\db\utils.py", line 91, in __exit__
    raise dj_exc_value.with_traceback(traceback) from exc_value
  File "C:\Users\atulg\AppData\Roaming\Python\Python310\site-packages\django\db\backends\utils.py", line 105, in _execute
    return self.cursor.execute(sql, params)
  File "C:\Users\atulg\AppData\Roaming\Python\Python310\site-packages\django\db\backends\sqlite3\base.py", line 329, in execute
    return super().execute(query, params)
django.db.utils.OperationalError: no such column: settings_charges.manipulate_5_to_25
2024-09-05 07:39:00,528 [35;1mHTTP GET /admin/settings/charges/ 500 [0.15, 127.0.0.1:61884][0m
2024-09-05 07:39:25,090 [mHTTP GET /admin/settings/charges/ 200 [0.17, 127.0.0.1:61906][0m
2024-09-05 07:39:25,144 [mHTTP GET /admin/jsi18n/ 200 [0.01, 127.0.0.1:61906][0m
2024-09-05 07:40:09,637 [mHTTP GET /admin/settings/charges/1/change/ 200 [0.14, 127.0.0.1:61906][0m
2024-09-05 07:40:09,691 [mHTTP GET /admin/jsi18n/ 200 [0.02, 127.0.0.1:61906][0m
2024-09-05 07:40:20,216 D:\stox\stock\settings.py changed, reloading.
2024-09-05 07:40:27,998 D:\stox\settings\admin.py changed, reloading.
2024-09-05 07:40:31,436 [mHTTP GET /admin/settings/charges/1/change/ 200 [0.14, 127.0.0.1:61925][0m
2024-09-05 07:40:31,479 Not Found: /static/admin/js/vendor/jquery/jquery.min.js
2024-09-05 07:40:31,479 [33mHTTP GET /static/admin/js/vendor/jquery/jquery.min.js 404 [0.02, 127.0.0.1:61925][0m
2024-09-05 07:40:31,485 [mHTTP GET /admin/jsi18n/ 200 [0.02, 127.0.0.1:61927][0m
2024-09-05 07:40:31,491 Not Found: /static/admin/js/vendor/xregexp/xregexp.min.js
2024-09-05 07:40:31,491 [33mHTTP GET /static/admin/js/vendor/xregexp/xregexp.min.js 404 [0.01, 127.0.0.1:61925][0m
2024-09-05 07:43:25,531 D:\stox\settings\admin.py changed, reloading.
2024-09-05 07:44:32,666 [mHTTP GET /admin/settings/charges/1/change/ 200 [0.35, 127.0.0.1:61984][0m
2024-09-05 07:44:32,731 Not Found: /static/admin/js/vendor/jquery/jquery.min.js
2024-09-05 07:44:32,731 [33mHTTP GET /static/admin/js/vendor/jquery/jquery.min.js 404 [0.02, 127.0.0.1:61985][0m
2024-09-05 07:44:32,745 Not Found: /static/admin/js/vendor/xregexp/xregexp.min.js
2024-09-05 07:44:32,747 [33mHTTP GET /static/admin/js/vendor/xregexp/xregexp.min.js 404 [0.04, 127.0.0.1:61986][0m
2024-09-05 07:44:32,747 [mHTTP GET /admin/jsi18n/ 200 [0.04, 127.0.0.1:61984][0m
2024-09-05 07:44:43,732 [mHTTP GET /admin/settings/charges/ 200 [0.12, 127.0.0.1:61984][0m
2024-09-05 07:44:43,781 Not Found: /static/admin/js/vendor/xregexp/xregexp.min.js
2024-09-05 07:44:43,781 [33mHTTP GET /static/admin/js/vendor/xregexp/xregexp.min.js 404 [0.02, 127.0.0.1:61985][0m
2024-09-05 07:44:43,781 Not Found: /static/admin/js/vendor/jquery/jquery.min.js
2024-09-05 07:44:43,790 [33mHTTP GET /static/admin/js/vendor/jquery/jquery.min.js 404 [0.03, 127.0.0.1:61986][0m
2024-09-05 07:44:43,795 [mHTTP GET /admin/jsi18n/ 200 [0.04, 127.0.0.1:61984][0m
2024-09-05 07:46:31,071 [mHTTP GET /admin/ 200 [0.04, 127.0.0.1:62003][0m
2024-09-05 07:47:11,642 [mHTTP GET /admin/app/onstockbalancehistory/ 200 [0.11, 127.0.0.1:62003][0m
2024-09-05 07:47:11,723 Not Found: /static/admin/js/vendor/jquery/jquery.min.js
2024-09-05 07:47:11,723 Not Found: /static/admin/js/vendor/xregexp/xregexp.min.js
2024-09-05 07:47:11,726 [33mHTTP GET /static/admin/js/vendor/jquery/jquery.min.js 404 [0.04, 127.0.0.1:62004][0m
2024-09-05 07:47:11,727 [33mHTTP GET /static/admin/js/vendor/xregexp/xregexp.min.js 404 [0.03, 127.0.0.1:62009][0m
2024-09-05 07:47:11,733 [mHTTP GET /admin/jsi18n/ 200 [0.05, 127.0.0.1:62003][0m
2024-09-05 07:48:06,076 [mHTTP GET /admin/ 200 [0.08, 127.0.0.1:62003][0m
2024-09-05 07:49:09,606 [mHTTP GET /admin/app/watchlist/ 200 [0.11, 127.0.0.1:62017][0m
2024-09-05 07:49:09,735 Not Found: /static/admin/js/vendor/jquery/jquery.min.js
2024-09-05 07:49:09,741 [33mHTTP GET /static/admin/js/vendor/jquery/jquery.min.js 404 [0.02, 127.0.0.1:62018][0m
2024-09-05 07:49:09,745 [mHTTP GET /admin/jsi18n/ 200 [0.03, 127.0.0.1:62017][0m
2024-09-05 07:49:09,799 Not Found: /static/admin/js/vendor/xregexp/xregexp.min.js
2024-09-05 07:49:09,799 Not Found: /static/admin/img/icon-no.svg
2024-09-05 07:49:09,799 [33mHTTP GET /static/admin/js/vendor/xregexp/xregexp.min.js 404 [0.02, 127.0.0.1:62017][0m
2024-09-05 07:49:09,799 [33mHTTP GET /static/admin/img/icon-no.svg 404 [0.02, 127.0.0.1:62018][0m
2024-09-05 07:49:09,810 Not Found: /static/admin/img/icon-yes.svg
2024-09-05 07:49:09,812 [33mHTTP GET /static/admin/img/icon-yes.svg 404 [0.03, 127.0.0.1:62019][0m
2024-09-05 07:56:40,692 D:\stox\app\orders\market.py changed, reloading.
2024-09-05 08:01:57,433 [mHTTP GET /watchlist 200 [0.16, 127.0.0.1:62140][0m
2024-09-05 08:03:17,838 [mHTTP GET /watchlist 200 [0.12, 127.0.0.1:62147][0m
2024-09-05 08:03:20,934 [mHTTP GET /profile 200 [0.03, 127.0.0.1:62147][0m
2024-09-05 08:03:24,199 [32mHTTP GET /logout/ 302 [0.04, 127.0.0.1:62147][0m
2024-09-05 08:03:24,215 [mHTTP GET /login/ 200 [0.01, 127.0.0.1:62147][0m
2024-09-05 08:03:31,561 [32mHTTP POST /login/ 302 [1.14, 127.0.0.1:62147][0m
2024-09-05 08:03:31,602 [mHTTP GET /watchlist?greeting=True 200 [0.03, 127.0.0.1:62147][0m
2024-09-05 08:03:35,755 [mHTTP GET /watchlist 200 [0.03, 127.0.0.1:62147][0m
2024-09-05 08:09:04,396 [mHTTP GET /watchlist 200 [0.15, 127.0.0.1:62173][0m
2024-09-05 08:09:08,072 Not Found: /static/libs/feather-icons/dist/feather.min.js.map
2024-09-05 08:09:08,077 [33mHTTP GET /static/libs/feather-icons/dist/feather.min.js.map 404 [0.02, 127.0.0.1:62173][0m
2024-09-05 08:09:08,080 Not Found: /static/libs/bootstrap/dist/js/bootstrap.bundle.min.js.map
2024-09-05 08:09:08,080 [33mHTTP GET /static/libs/bootstrap/dist/js/bootstrap.bundle.min.js.map 404 [0.01, 127.0.0.1:62174][0m
2024-09-05 08:09:29,365 [mHTTP GET /watchlist 200 [0.12, 127.0.0.1:62195][0m
2024-09-05 08:09:30,207 Not Found: /static/libs/feather-icons/dist/feather.min.js.map
2024-09-05 08:09:30,207 [33mHTTP GET /static/libs/feather-icons/dist/feather.min.js.map 404 [0.02, 127.0.0.1:62195][0m
2024-09-05 08:09:30,223 Not Found: /static/libs/bootstrap/dist/js/bootstrap.bundle.min.js.map
2024-09-05 08:09:30,223 [33mHTTP GET /static/libs/bootstrap/dist/js/bootstrap.bundle.min.js.map 404 [0.01, 127.0.0.1:62195][0m
2024-09-05 08:10:24,688 [mHTTP GET /watchlist 200 [0.03, 127.0.0.1:62339][0m
2024-09-05 08:10:25,489 Not Found: /static/libs/feather-icons/dist/feather.min.js.map
2024-09-05 08:10:25,496 Not Found: /static/libs/bootstrap/dist/js/bootstrap.bundle.min.js.map
2024-09-05 08:10:25,496 [33mHTTP GET /static/libs/feather-icons/dist/feather.min.js.map 404 [0.03, 127.0.0.1:62339][0m
2024-09-05 08:10:25,498 [33mHTTP GET /static/libs/bootstrap/dist/js/bootstrap.bundle.min.js.map 404 [0.03, 127.0.0.1:62340][0m
2024-09-05 08:10:30,581 [mHTTP GET /watchlist 200 [0.01, 127.0.0.1:62361][0m
2024-09-05 08:10:30,968 Not Found: /static/libs/feather-icons/dist/feather.min.js.map
2024-09-05 08:10:30,968 Not Found: /static/libs/bootstrap/dist/js/bootstrap.bundle.min.js.map
2024-09-05 08:10:30,968 [33mHTTP GET /static/libs/feather-icons/dist/feather.min.js.map 404 [0.02, 127.0.0.1:62361][0m
2024-09-05 08:10:30,968 [33mHTTP GET /static/libs/bootstrap/dist/js/bootstrap.bundle.min.js.map 404 [0.02, 127.0.0.1:62362][0m
2024-09-05 08:15:07,004 [mHTTP GET /watchlist 200 [0.15, 127.0.0.1:62555][0m
2024-09-05 08:15:07,665 Not Found: /static/libs/feather-icons/dist/feather.min.js.map
2024-09-05 08:15:07,665 Not Found: /static/libs/bootstrap/dist/js/bootstrap.bundle.min.js.map
2024-09-05 08:15:07,666 [33mHTTP GET /static/libs/feather-icons/dist/feather.min.js.map 404 [0.03, 127.0.0.1:62555][0m
2024-09-05 08:15:07,667 [33mHTTP GET /static/libs/bootstrap/dist/js/bootstrap.bundle.min.js.map 404 [0.02, 127.0.0.1:62556][0m
2024-09-05 08:15:12,233 [mHTTP GET /orders 200 [0.15, 127.0.0.1:62566][0m
2024-09-05 08:15:12,779 Not Found: /static/libs/feather-icons/dist/feather.min.js.map
2024-09-05 08:15:12,779 [33mHTTP GET /static/libs/feather-icons/dist/feather.min.js.map 404 [0.01, 127.0.0.1:62566][0m
2024-09-05 08:15:12,794 Not Found: /static/libs/bootstrap/dist/js/bootstrap.bundle.min.js.map
2024-09-05 08:15:12,794 [33mHTTP GET /static/libs/bootstrap/dist/js/bootstrap.bundle.min.js.map 404 [0.00, 127.0.0.1:62566][0m
2024-09-05 08:16:11,313 [mHTTP GET /orders 200 [0.30, 127.0.0.1:62609][0m
2024-09-05 08:16:12,294 Not Found: /static/libs/feather-icons/dist/feather.min.js.map
2024-09-05 08:16:12,294 Not Found: /static/libs/bootstrap/dist/js/bootstrap.bundle.min.js.map
2024-09-05 08:16:12,308 [33mHTTP GET /static/libs/feather-icons/dist/feather.min.js.map 404 [0.02, 127.0.0.1:62609][0m
2024-09-05 08:16:12,308 [33mHTTP GET /static/libs/bootstrap/dist/js/bootstrap.bundle.min.js.map 404 [0.02, 127.0.0.1:62610][0m
2024-09-05 08:16:12,909 [mHTTP GET /orders 200 [0.15, 127.0.0.1:62610][0m
2024-09-05 08:16:13,686 Not Found: /static/libs/feather-icons/dist/feather.min.js.map
2024-09-05 08:16:13,686 Not Found: /static/libs/bootstrap/dist/js/bootstrap.bundle.min.js.map
2024-09-05 08:16:13,686 [33mHTTP GET /static/libs/feather-icons/dist/feather.min.js.map 404 [0.02, 127.0.0.1:62610][0m
2024-09-05 08:16:13,686 [33mHTTP GET /static/libs/bootstrap/dist/js/bootstrap.bundle.min.js.map 404 [0.02, 127.0.0.1:62609][0m
2024-09-05 08:16:14,962 [32mHTTP GET /market 302 [0.03, 127.0.0.1:62609][0m
2024-09-05 08:16:15,034 [mHTTP GET /watchlist 200 [0.07, 127.0.0.1:62609][0m
2024-09-05 08:16:15,738 Not Found: /static/libs/feather-icons/dist/feather.min.js.map
2024-09-05 08:16:15,738 Not Found: /static/libs/bootstrap/dist/js/bootstrap.bundle.min.js.map
2024-09-05 08:16:15,738 [33mHTTP GET /static/libs/feather-icons/dist/feather.min.js.map 404 [0.04, 127.0.0.1:62609][0m
2024-09-05 08:16:15,738 [33mHTTP GET /static/libs/bootstrap/dist/js/bootstrap.bundle.min.js.map 404 [0.04, 127.0.0.1:62610][0m
2024-09-05 08:16:18,688 [mHTTP GET /search/?q=sbin 200 [0.09, 127.0.0.1:62610][0m
2024-09-05 08:29:26,615 [mHTTP GET /watchlist 200 [0.14, 127.0.0.1:63123][0m
2024-09-05 08:29:27,356 Not Found: /static/libs/feather-icons/dist/feather.min.js.map
2024-09-05 08:29:27,356 [33mHTTP GET /static/libs/feather-icons/dist/feather.min.js.map 404 [0.02, 127.0.0.1:63123][0m
2024-09-05 08:29:27,382 Not Found: /static/libs/bootstrap/dist/js/bootstrap.bundle.min.js.map
2024-09-05 08:29:27,388 [33mHTTP GET /static/libs/bootstrap/dist/js/bootstrap.bundle.min.js.map 404 [0.02, 127.0.0.1:63124][0m
2024-09-05 08:29:31,528 [mHTTP GET /watchlist 200 [0.03, 127.0.0.1:63130][0m
2024-09-05 08:29:31,883 Not Found: /static/libs/feather-icons/dist/feather.min.js.map
2024-09-05 08:29:31,883 [33mHTTP GET /static/libs/feather-icons/dist/feather.min.js.map 404 [0.01, 127.0.0.1:63130][0m
2024-09-05 08:29:31,900 Not Found: /static/libs/bootstrap/dist/js/bootstrap.bundle.min.js.map
2024-09-05 08:29:31,900 [33mHTTP GET /static/libs/bootstrap/dist/js/bootstrap.bundle.min.js.map 404 [0.00, 127.0.0.1:63130][0m
2024-09-05 08:31:13,229 [mHTTP GET /watchlist 200 [0.05, 127.0.0.1:63198][0m
2024-09-05 08:31:13,874 Not Found: /static/libs/feather-icons/dist/feather.min.js.map
2024-09-05 08:31:13,874 Not Found: /static/libs/bootstrap/dist/js/bootstrap.bundle.min.js.map
2024-09-05 08:31:13,877 [33mHTTP GET /static/libs/feather-icons/dist/feather.min.js.map 404 [0.03, 127.0.0.1:63198][0m
2024-09-05 08:31:13,878 [33mHTTP GET /static/libs/bootstrap/dist/js/bootstrap.bundle.min.js.map 404 [0.03, 127.0.0.1:63199][0m
2024-09-05 08:32:17,620 [mHTTP GET /watchlist 200 [0.10, 127.0.0.1:63289][0m
2024-09-05 08:32:18,291 Not Found: /static/libs/feather-icons/dist/feather.min.js.map
2024-09-05 08:32:18,295 Not Found: /static/libs/bootstrap/dist/js/bootstrap.bundle.min.js.map
2024-09-05 08:32:18,295 [33mHTTP GET /static/libs/feather-icons/dist/feather.min.js.map 404 [0.02, 127.0.0.1:63289][0m
2024-09-05 08:32:18,296 [33mHTTP GET /static/libs/bootstrap/dist/js/bootstrap.bundle.min.js.map 404 [0.02, 127.0.0.1:63290][0m
2024-09-05 08:33:26,733 [mHTTP GET /watchlist 200 [0.04, 127.0.0.1:63357][0m
2024-09-05 08:33:27,220 Not Found: /static/libs/feather-icons/dist/feather.min.js.map
2024-09-05 08:33:27,221 [33mHTTP GET /static/libs/feather-icons/dist/feather.min.js.map 404 [0.01, 127.0.0.1:63357][0m
2024-09-05 08:33:27,269 Not Found: /static/libs/bootstrap/dist/js/bootstrap.bundle.min.js.map
2024-09-05 08:33:27,270 [33mHTTP GET /static/libs/bootstrap/dist/js/bootstrap.bundle.min.js.map 404 [0.01, 127.0.0.1:63357][0m
2024-09-05 08:34:56,542 [mHTTP GET /watchlist 200 [0.09, 127.0.0.1:63421][0m
2024-09-05 08:34:57,036 Not Found: /static/libs/bootstrap/dist/js/bootstrap.bundle.min.js.map
2024-09-05 08:34:57,036 Not Found: /static/libs/feather-icons/dist/feather.min.js.map
2024-09-05 08:34:57,036 [33mHTTP GET /static/libs/bootstrap/dist/js/bootstrap.bundle.min.js.map 404 [0.03, 127.0.0.1:63422][0m
2024-09-05 08:34:57,036 [33mHTTP GET /static/libs/feather-icons/dist/feather.min.js.map 404 [0.04, 127.0.0.1:63421][0m
2024-09-05 08:35:54,405 [mHTTP GET /watchlist 200 [0.05, 127.0.0.1:63464][0m
2024-09-05 08:35:55,000 Not Found: /static/libs/feather-icons/dist/feather.min.js.map
2024-09-05 08:35:55,000 Not Found: /static/libs/bootstrap/dist/js/bootstrap.bundle.min.js.map
2024-09-05 08:35:55,003 [33mHTTP GET /static/libs/feather-icons/dist/feather.min.js.map 404 [0.02, 127.0.0.1:63464][0m
2024-09-05 08:35:55,004 [33mHTTP GET /static/libs/bootstrap/dist/js/bootstrap.bundle.min.js.map 404 [0.02, 127.0.0.1:63465][0m
2024-09-05 08:36:00,838 [mHTTP GET /search/?q=silver 200 [0.14, 127.0.0.1:63465][0m
2024-09-05 08:36:02,582 [32mHTTP POST /add_watchlist 302 [0.01, 127.0.0.1:63474][0m
2024-09-05 08:36:02,607 [mHTTP GET /watchlist 200 [0.02, 127.0.0.1:63474][0m
2024-09-05 08:36:03,025 Not Found: /static/libs/bootstrap/dist/js/bootstrap.bundle.min.js.map
2024-09-05 08:36:03,025 Not Found: /static/libs/feather-icons/dist/feather.min.js.map
2024-09-05 08:36:03,025 [33mHTTP GET /static/libs/bootstrap/dist/js/bootstrap.bundle.min.js.map 404 [0.02, 127.0.0.1:63475][0m
2024-09-05 08:36:03,028 [33mHTTP GET /static/libs/feather-icons/dist/feather.min.js.map 404 [0.02, 127.0.0.1:63474][0m
2024-09-05 08:36:44,140 [mHTTP GET /watchlist 200 [0.08, 127.0.0.1:63504][0m
2024-09-05 08:36:44,957 Not Found: /static/libs/feather-icons/dist/feather.min.js.map
2024-09-05 08:36:44,957 Not Found: /static/libs/bootstrap/dist/js/bootstrap.bundle.min.js.map
2024-09-05 08:36:44,960 [33mHTTP GET /static/libs/feather-icons/dist/feather.min.js.map 404 [0.03, 127.0.0.1:63504][0m
2024-09-05 08:36:44,962 [33mHTTP GET /static/libs/bootstrap/dist/js/bootstrap.bundle.min.js.map 404 [0.03, 127.0.0.1:63505][0m
2024-09-05 08:36:46,397 [mHTTP GET /search/?q=si 200 [0.11, 127.0.0.1:63505][0m
2024-09-05 08:36:46,633 [mHTTP GET /search/?q=sil 200 [0.12, 127.0.0.1:63505][0m
2024-09-05 08:36:47,089 [mHTTP GET /search/?q=silv 200 [0.17, 127.0.0.1:63505][0m
2024-09-05 08:36:47,296 [mHTTP GET /search/?q=silve 200 [0.10, 127.0.0.1:63505][0m
2024-09-05 08:36:47,531 [mHTTP GET /search/?q=silver 200 [0.12, 127.0.0.1:63505][0m
2024-09-05 08:36:49,359 [32mHTTP POST /add_watchlist 302 [0.12, 127.0.0.1:63505][0m
2024-09-05 08:36:49,402 [mHTTP GET /watchlist 200 [0.03, 127.0.0.1:63505][0m
2024-09-05 08:36:50,124 Not Found: /static/libs/feather-icons/dist/feather.min.js.map
2024-09-05 08:36:50,132 [33mHTTP GET /static/libs/feather-icons/dist/feather.min.js.map 404 [0.02, 127.0.0.1:63505][0m
2024-09-05 08:36:50,182 Not Found: /static/libs/bootstrap/dist/js/bootstrap.bundle.min.js.map
2024-09-05 08:36:50,182 [33mHTTP GET /static/libs/bootstrap/dist/js/bootstrap.bundle.min.js.map 404 [0.01, 127.0.0.1:63505][0m
2024-09-05 08:44:37,907 D:\stox\app\views.py changed, reloading.
2024-09-05 08:44:41,833 [mHTTP GET /watchlist 200 [0.07, 127.0.0.1:63853][0m
2024-09-05 08:44:42,562 Not Found: /static/libs/feather-icons/dist/feather.min.js.map
2024-09-05 08:44:42,562 [33mHTTP GET /static/libs/feather-icons/dist/feather.min.js.map 404 [0.01, 127.0.0.1:63853][0m
2024-09-05 08:44:42,628 Not Found: /static/libs/bootstrap/dist/js/bootstrap.bundle.min.js.map
2024-09-05 08:44:42,630 [33mHTTP GET /static/libs/bootstrap/dist/js/bootstrap.bundle.min.js.map 404 [0.01, 127.0.0.1:63853][0m
2024-09-05 08:44:45,868 [mHTTP GET /search/?q=ba 200 [0.06, 127.0.0.1:63853][0m
2024-09-05 08:44:46,045 [mHTTP GET /search/?q=ban 200 [0.03, 127.0.0.1:63853][0m
2024-09-05 08:44:46,271 [mHTTP GET /search/?q=bank 200 [0.06, 127.0.0.1:63853][0m
2024-09-05 08:44:46,446 [mHTTP GET /search/?q=bankn 200 [0.06, 127.0.0.1:63853][0m
2024-09-05 08:44:46,777 [mHTTP GET /search/?q=bankni 200 [0.13, 127.0.0.1:63853][0m
2024-09-05 08:44:54,148 [mHTTP GET /search/?q=BANKNIFTY24 200 [0.03, 127.0.0.1:63864][0m
2024-09-05 08:44:56,567 [32mHTTP POST /add_watchlist 302 [0.09, 127.0.0.1:63864][0m
2024-09-05 08:44:56,601 [mHTTP GET /watchlist 200 [0.02, 127.0.0.1:63864][0m
2024-09-05 08:44:57,071 Not Found: /static/libs/feather-icons/dist/feather.min.js.map
2024-09-05 08:44:57,071 [33mHTTP GET /static/libs/feather-icons/dist/feather.min.js.map 404 [0.01, 127.0.0.1:63864][0m
2024-09-05 08:44:57,085 Not Found: /static/libs/bootstrap/dist/js/bootstrap.bundle.min.js.map
2024-09-05 08:44:57,085 [33mHTTP GET /static/libs/bootstrap/dist/js/bootstrap.bundle.min.js.map 404 [0.01, 127.0.0.1:63864][0m
2024-09-05 08:46:40,919 [mHTTP GET /watchlist 200 [0.07, 127.0.0.1:63947][0m
2024-09-05 08:46:41,430 Not Found: /static/libs/bootstrap/dist/js/bootstrap.bundle.min.js.map
2024-09-05 08:46:41,431 Not Found: /static/libs/feather-icons/dist/feather.min.js.map
2024-09-05 08:46:41,432 [33mHTTP GET /static/libs/bootstrap/dist/js/bootstrap.bundle.min.js.map 404 [0.09, 127.0.0.1:63948][0m
2024-09-05 08:46:41,433 [33mHTTP GET /static/libs/feather-icons/dist/feather.min.js.map 404 [0.10, 127.0.0.1:63947][0m
2024-09-05 08:49:04,535 [mHTTP GET /watchlist 200 [0.14, 127.0.0.1:64040][0m
2024-09-05 08:49:05,201 Not Found: /static/libs/bootstrap/dist/js/bootstrap.bundle.min.js.map
2024-09-05 08:49:05,201 Not Found: /static/libs/feather-icons/dist/feather.min.js.map
2024-09-05 08:49:05,201 [33mHTTP GET /static/libs/bootstrap/dist/js/bootstrap.bundle.min.js.map 404 [0.03, 127.0.0.1:64041][0m
2024-09-05 08:49:05,208 [33mHTTP GET /static/libs/feather-icons/dist/feather.min.js.map 404 [0.04, 127.0.0.1:64040][0m
2024-09-05 08:49:09,310 [mHTTP GET /search/?q=sbin 200 [0.02, 127.0.0.1:64040][0m
2024-09-05 08:49:49,573 [mHTTP GET /watchlist 200 [0.08, 127.0.0.1:64084][0m
2024-09-05 08:49:49,983 Not Found: /static/libs/feather-icons/dist/feather.min.js.map
2024-09-05 08:49:49,983 Not Found: /static/libs/bootstrap/dist/js/bootstrap.bundle.min.js.map
2024-09-05 08:49:49,983 [33mHTTP GET /static/libs/feather-icons/dist/feather.min.js.map 404 [0.02, 127.0.0.1:64084][0m
2024-09-05 08:49:49,983 [33mHTTP GET /static/libs/bootstrap/dist/js/bootstrap.bundle.min.js.map 404 [0.02, 127.0.0.1:64085][0m
2024-09-05 08:49:52,839 [mHTTP GET /search/?q=silver 200 [0.06, 127.0.0.1:64085][0m
2024-09-05 08:49:54,035 [32mHTTP POST /add_watchlist 302 [0.05, 127.0.0.1:64091][0m
2024-09-05 08:49:54,078 [mHTTP GET /watchlist 200 [0.03, 127.0.0.1:64091][0m
2024-09-05 08:49:54,457 Not Found: /static/libs/feather-icons/dist/feather.min.js.map
2024-09-05 08:49:54,457 [33mHTTP GET /static/libs/feather-icons/dist/feather.min.js.map 404 [0.01, 127.0.0.1:64091][0m
2024-09-05 08:49:54,493 Not Found: /static/libs/bootstrap/dist/js/bootstrap.bundle.min.js.map
2024-09-05 08:49:54,493 [33mHTTP GET /static/libs/bootstrap/dist/js/bootstrap.bundle.min.js.map 404 [0.01, 127.0.0.1:64091][0m
2024-09-05 08:50:00,687 [mHTTP GET /admin/app/watchlist/ 200 [0.29, 127.0.0.1:64091][0m
2024-09-05 08:50:00,763 Not Found: /static/admin/js/vendor/jquery/jquery.min.js
2024-09-05 08:50:00,763 [33mHTTP GET /static/admin/js/vendor/jquery/jquery.min.js 404 [0.02, 127.0.0.1:64092][0m
2024-09-05 08:50:00,770 Not Found: /static/admin/js/vendor/xregexp/xregexp.min.js
2024-09-05 08:50:00,770 Not Found: /static/admin/img/icon-no.svg
2024-09-05 08:50:00,770 [33mHTTP GET /static/admin/js/vendor/xregexp/xregexp.min.js 404 [0.03, 127.0.0.1:64099][0m
2024-09-05 08:50:00,770 [33mHTTP GET /static/admin/img/icon-no.svg 404 [0.02, 127.0.0.1:64100][0m
2024-09-05 08:50:00,775 [mHTTP GET /admin/jsi18n/ 200 [0.04, 127.0.0.1:64091][0m
2024-09-05 08:50:00,799 Not Found: /static/admin/img/icon-yes.svg
2024-09-05 08:50:00,799 Not Found: /static/admin/img/icon-no.svg
2024-09-05 08:50:00,799 [33mHTTP GET /static/admin/img/icon-yes.svg 404 [0.01, 127.0.0.1:64091][0m
2024-09-05 08:50:00,799 [33mHTTP GET /static/admin/img/icon-no.svg 404 [0.01, 127.0.0.1:64100][0m
2024-09-05 17:47:56,300 [mHTTP GET / 200 [0.07, 127.0.0.1:53329][0m
2024-09-05 17:48:03,689 [mHTTP GET /login/ 200 [0.04, 127.0.0.1:53329][0m
2024-09-05 17:48:08,654 [32mHTTP GET /admin/ 302 [0.03, 127.0.0.1:53329][0m
2024-09-05 17:48:08,676 [mHTTP GET /admin/login/?next=/admin/ 200 [0.02, 127.0.0.1:53329][0m
2024-09-05 17:48:19,392 [32mHTTP POST /admin/login/?next=/admin/ 302 [0.51, 127.0.0.1:53329][0m
2024-09-05 17:48:19,544 [mHTTP GET /admin/ 200 [0.15, 127.0.0.1:53329][0m
2024-09-05 17:48:27,897 Internal Server Error: /admin/settings/mcx_market_time/
Traceback (most recent call last):
  File "C:\Users\atulg\AppData\Roaming\Python\Python310\site-packages\django\db\backends\utils.py", line 105, in _execute
    return self.cursor.execute(sql, params)
  File "C:\Users\atulg\AppData\Roaming\Python\Python310\site-packages\django\db\backends\sqlite3\base.py", line 329, in execute
    return super().execute(query, params)
sqlite3.OperationalError: no such column: settings_mcx_market_time.position_close_time

The above exception was the direct cause of the following exception:

Traceback (most recent call last):
  File "C:\Users\atulg\AppData\Roaming\Python\Python310\site-packages\asgiref\sync.py", line 518, in thread_handler
    raise exc_info[1]
  File "C:\Users\atulg\AppData\Roaming\Python\Python310\site-packages\django\core\handlers\exception.py", line 42, in inner
    response = await get_response(request)
  File "C:\Users\atulg\AppData\Roaming\Python\Python310\site-packages\django\core\handlers\base.py", line 253, in _get_response_async
    response = await wrapped_callback(
  File "C:\Users\atulg\AppData\Roaming\Python\Python310\site-packages\asgiref\sync.py", line 468, in __call__
    ret = await asyncio.shield(exec_coro)
  File "C:\Program Files\Python310\lib\concurrent\futures\thread.py", line 58, in run
    result = self.fn(*self.args, **self.kwargs)
  File "C:\Users\atulg\AppData\Roaming\Python\Python310\site-packages\asgiref\sync.py", line 522, in thread_handler
    return func(*args, **kwargs)
  File "C:\Users\atulg\AppData\Roaming\Python\Python310\site-packages\django\contrib\admin\options.py", line 716, in wrapper
    return self.admin_site.admin_view(view)(*args, **kwargs)
  File "C:\Users\atulg\AppData\Roaming\Python\Python310\site-packages\django\utils\decorators.py", line 188, in _view_wrapper
    result = _process_exception(request, e)
  File "C:\Users\atulg\AppData\Roaming\Python\Python310\site-packages\django\utils\decorators.py", line 186, in _view_wrapper
    response = view_func(request, *args, **kwargs)
  File "C:\Users\atulg\AppData\Roaming\Python\Python310\site-packages\django\views\decorators\cache.py", line 80, in _view_wrapper
    response = view_func(request, *args, **kwargs)
  File "C:\Users\atulg\AppData\Roaming\Python\Python310\site-packages\django\contrib\admin\sites.py", line 240, in inner
    return view(request, *args, **kwargs)
  File "C:\Users\atulg\AppData\Roaming\Python\Python310\site-packages\django\utils\decorators.py", line 48, in _wrapper
    return bound_method(*args, **kwargs)
  File "C:\Users\atulg\AppData\Roaming\Python\Python310\site-packages\django\utils\decorators.py", line 188, in _view_wrapper
    result = _process_exception(request, e)
  File "C:\Users\atulg\AppData\Roaming\Python\Python310\site-packages\django\utils\decorators.py", line 186, in _view_wrapper
    response = view_func(request, *args, **kwargs)
  File "C:\Users\atulg\AppData\Roaming\Python\Python310\site-packages\django\contrib\admin\options.py", line 2124, in changelist_view
    "selection_note": _("0 of %(cnt)s selected") % {"cnt": len(cl.result_list)},
  File "C:\Users\atulg\AppData\Roaming\Python\Python310\site-packages\django\db\models\query.py", line 382, in __len__
    self._fetch_all()
  File "C:\Users\atulg\AppData\Roaming\Python\Python310\site-packages\django\db\models\query.py", line 1928, in _fetch_all
    self._result_cache = list(self._iterable_class(self))
  File "C:\Users\atulg\AppData\Roaming\Python\Python310\site-packages\django\db\models\query.py", line 91, in __iter__
    results = compiler.execute_sql(
  File "C:\Users\atulg\AppData\Roaming\Python\Python310\site-packages\django\db\models\sql\compiler.py", line 1562, in execute_sql
    cursor.execute(sql, params)
  File "C:\Users\atulg\AppData\Roaming\Python\Python310\site-packages\django\db\backends\utils.py", line 79, in execute
    return self._execute_with_wrappers(
  File "C:\Users\atulg\AppData\Roaming\Python\Python310\site-packages\django\db\backends\utils.py", line 92, in _execute_with_wrappers
    return executor(sql, params, many, context)
  File "C:\Users\atulg\AppData\Roaming\Python\Python310\site-packages\django\db\backends\utils.py", line 100, in _execute
    with self.db.wrap_database_errors:
  File "C:\Users\atulg\AppData\Roaming\Python\Python310\site-packages\django\db\utils.py", line 91, in __exit__
    raise dj_exc_value.with_traceback(traceback) from exc_value
  File "C:\Users\atulg\AppData\Roaming\Python\Python310\site-packages\django\db\backends\utils.py", line 105, in _execute
    return self.cursor.execute(sql, params)
  File "C:\Users\atulg\AppData\Roaming\Python\Python310\site-packages\django\db\backends\sqlite3\base.py", line 329, in execute
    return super().execute(query, params)
django.db.utils.OperationalError: no such column: settings_mcx_market_time.position_close_time
2024-09-05 17:48:28,181 [35;1mHTTP GET /admin/settings/mcx_market_time/ 500 [0.31, 127.0.0.1:53329][0m
2024-09-05 17:48:28,311 Not Found: /favicon.ico
2024-09-05 17:48:28,311 [33mHTTP GET /favicon.ico 404 [0.01, 127.0.0.1:53329][0m
2024-09-05 17:51:23,277 [mHTTP GET /admin/settings/mcx_market_time/ 200 [0.15, 127.0.0.1:53390][0m
2024-09-05 17:51:23,315 Not Found: /static/admin/js/vendor/jquery/jquery.min.js
2024-09-05 17:51:23,315 Not Found: /static/admin/js/vendor/xregexp/xregexp.min.js
2024-09-05 17:51:23,315 [33mHTTP GET /static/admin/js/vendor/jquery/jquery.min.js 404 [0.01, 127.0.0.1:53390][0m
2024-09-05 17:51:23,317 [33mHTTP GET /static/admin/js/vendor/xregexp/xregexp.min.js 404 [0.01, 127.0.0.1:53392][0m
2024-09-05 17:51:23,321 [mHTTP GET /admin/jsi18n/ 200 [0.02, 127.0.0.1:53391][0m
2024-09-05 17:51:33,179 [mHTTP GET /admin/settings/charges/ 200 [0.06, 127.0.0.1:53391][0m
2024-09-05 17:51:33,213 Not Found: /static/admin/js/vendor/jquery/jquery.min.js
2024-09-05 17:51:33,213 Not Found: /static/admin/js/vendor/xregexp/xregexp.min.js
2024-09-05 17:51:33,214 [33mHTTP GET /static/admin/js/vendor/jquery/jquery.min.js 404 [0.01, 127.0.0.1:53392][0m
2024-09-05 17:51:33,215 [33mHTTP GET /static/admin/js/vendor/xregexp/xregexp.min.js 404 [0.01, 127.0.0.1:53390][0m
2024-09-05 17:51:33,217 [mHTTP GET /admin/jsi18n/ 200 [0.02, 127.0.0.1:53391][0m
2024-09-05 17:51:35,394 [mHTTP GET /admin/settings/charges/1/change/ 200 [0.08, 127.0.0.1:53391][0m
2024-09-05 17:51:35,429 Not Found: /static/admin/js/vendor/xregexp/xregexp.min.js
2024-09-05 17:51:35,429 Not Found: /static/admin/js/vendor/jquery/jquery.min.js
2024-09-05 17:51:35,430 [33mHTTP GET /static/admin/js/vendor/xregexp/xregexp.min.js 404 [0.01, 127.0.0.1:53392][0m
2024-09-05 17:51:35,431 [33mHTTP GET /static/admin/js/vendor/jquery/jquery.min.js 404 [0.01, 127.0.0.1:53390][0m
2024-09-05 17:51:35,433 [mHTTP GET /admin/jsi18n/ 200 [0.02, 127.0.0.1:53391][0m
2024-09-05 17:54:57,531 D:\stox\app\orders\market.py changed, reloading.
2024-09-05 17:59:03,120 D:\stox\app\models.py changed, reloading.
2024-09-05 17:59:27,844 D:\stox\app\orders\market.py changed, reloading.
2024-09-05 18:00:08,150 D:\stox\app\orders\market.py changed, reloading.
2024-09-05 18:01:40,114 D:\stox\app\orders\market.py changed, reloading.
2024-09-05 18:04:31,491 D:\stox\app\models.py changed, reloading.
2024-09-06 16:01:57,586 [mHTTP GET / 200 [0.06, 127.0.0.1:58193][0m
2024-09-06 16:02:00,732 [mHTTP GET /login/ 200 [0.05, 127.0.0.1:58193][0m
2024-09-06 16:02:15,324 [32mHTTP GET /reset_password 301 [0.01, 127.0.0.1:58193][0m
2024-09-06 16:02:15,490 [mHTTP GET /reset_password/ 200 [0.16, 127.0.0.1:58193][0m
2024-09-06 16:02:23,386 [32mHTTP POST /reset_password/ 302 [4.96, 127.0.0.1:58193][0m
2024-09-06 16:02:23,450 [mHTTP GET /password_reset/done/ 200 [0.05, 127.0.0.1:58193][0m
2024-09-06 16:58:13,772 [mHTTP GET /login/?next=/ 200 [0.02, 127.0.0.1:59207][0m
2024-09-06 16:58:14,333 Not Found: /static/libs/simplebar/dist/simplebar.min.css
2024-09-06 16:58:14,334 [33mHTTP GET /static/libs/simplebar/dist/simplebar.min.css 404 [0.02, 127.0.0.1:59207][0m
2024-09-06 16:58:14,334 Not Found: /static/css/theme.min.css
2024-09-06 16:58:14,336 [33mHTTP GET /static/css/theme.min.css 404 [0.02, 127.0.0.1:59220][0m
2024-09-06 16:58:14,388 Not Found: /static/libs/feather-icons/dist/feather.min.js
2024-09-06 16:58:14,388 Not Found: /static/libs/simplebar/dist/simplebar.min.js
2024-09-06 16:58:14,388 Not Found: /static/libs/bootstrap/dist/js/bootstrap.bundle.min.js
2024-09-06 16:58:14,389 Not Found: /static/js/theme.min.js
2024-09-06 16:58:14,390 [33mHTTP GET /static/libs/feather-icons/dist/feather.min.js 404 [0.03, 127.0.0.1:59220][0m
2024-09-06 16:58:14,390 [33mHTTP GET /static/libs/simplebar/dist/simplebar.min.js 404 [0.02, 127.0.0.1:59222][0m
2024-09-06 16:58:14,390 [33mHTTP GET /static/libs/bootstrap/dist/js/bootstrap.bundle.min.js 404 [0.03, 127.0.0.1:59207][0m
2024-09-06 16:58:14,391 [33mHTTP GET /static/js/theme.min.js 404 [0.02, 127.0.0.1:59223][0m
2024-09-06 16:58:15,172 Not Found: /static/images/brand/logo/brand.png
2024-09-06 16:58:15,172 [33mHTTP GET /static/images/brand/logo/brand.png 404 [0.01, 127.0.0.1:59223][0m
2024-09-07 05:36:30,828 D:\stox\app\models.py changed, reloading.
2024-09-07 05:37:47,794 D:\stox\app\models.py changed, reloading.
2024-09-07 05:38:00,862 D:\stox\app\models.py changed, reloading.
2024-09-07 05:38:06,370 [mHTTP GET / 200 [0.05, 127.0.0.1:54125][0m
2024-09-07 05:38:09,829 [32mHTTP GET /admin/ 302 [0.04, 127.0.0.1:54131][0m
2024-09-07 05:38:09,856 [mHTTP GET /admin/login/?next=/admin/ 200 [0.02, 127.0.0.1:54131][0m
2024-09-07 05:38:16,986 [32mHTTP POST /admin/login/?next=/admin/ 302 [0.53, 127.0.0.1:54131][0m
2024-09-07 05:38:17,087 [mHTTP GET /admin/ 200 [0.10, 127.0.0.1:54131][0m
2024-09-07 05:38:38,325 [mHTTP GET /admin/app/onstockbalancehistory/ 200 [0.10, 127.0.0.1:54142][0m
2024-09-07 05:38:38,374 Not Found: /static/admin/js/vendor/jquery/jquery.min.js
2024-09-07 05:38:38,375 [33mHTTP GET /static/admin/js/vendor/jquery/jquery.min.js 404 [0.02, 127.0.0.1:54143][0m
2024-09-07 05:38:38,376 Not Found: /static/admin/js/vendor/xregexp/xregexp.min.js
2024-09-07 05:38:38,377 [33mHTTP GET /static/admin/js/vendor/xregexp/xregexp.min.js 404 [0.02, 127.0.0.1:54148][0m
2024-09-07 05:38:38,382 [mHTTP GET /admin/jsi18n/ 200 [0.03, 127.0.0.1:54142][0m
2024-09-07 05:38:40,254 [mHTTP GET /admin/app/onstockbalancehistory/add/ 200 [0.08, 127.0.0.1:54142][0m
2024-09-07 05:38:40,297 Not Found: /static/admin/js/admin/DateTimeShortcuts.js
2024-09-07 05:38:40,297 Not Found: /static/admin/js/calendar.js
2024-09-07 05:38:40,298 [33mHTTP GET /static/admin/js/admin/DateTimeShortcuts.js 404 [0.02, 127.0.0.1:54143][0m
2024-09-07 05:38:40,298 Not Found: /static/admin/js/vendor/jquery/jquery.min.js
2024-09-07 05:38:40,299 Not Found: /static/admin/js/vendor/xregexp/xregexp.min.js
2024-09-07 05:38:40,300 [33mHTTP GET /static/admin/js/calendar.js 404 [0.02, 127.0.0.1:54142][0m
2024-09-07 05:38:40,302 [33mHTTP GET /static/admin/js/vendor/jquery/jquery.min.js 404 [0.03, 127.0.0.1:54149][0m
2024-09-07 05:38:40,302 [33mHTTP GET /static/admin/js/vendor/xregexp/xregexp.min.js 404 [0.02, 127.0.0.1:54150][0m
2024-09-07 05:38:40,305 [mHTTP GET /admin/jsi18n/ 200 [0.03, 127.0.0.1:54148][0m
2024-09-07 05:38:41,858 Internal Server Error: /admin/app/onstockbalancehistory/add/
Traceback (most recent call last):
  File "C:\Users\atulg\AppData\Roaming\Python\Python310\site-packages\asgiref\sync.py", line 518, in thread_handler
    raise exc_info[1]
  File "C:\Users\atulg\AppData\Roaming\Python\Python310\site-packages\django\core\handlers\exception.py", line 42, in inner
    response = await get_response(request)
  File "C:\Users\atulg\AppData\Roaming\Python\Python310\site-packages\django\core\handlers\base.py", line 253, in _get_response_async
    response = await wrapped_callback(
  File "C:\Users\atulg\AppData\Roaming\Python\Python310\site-packages\asgiref\sync.py", line 468, in __call__
    ret = await asyncio.shield(exec_coro)
  File "C:\Program Files\Python310\lib\concurrent\futures\thread.py", line 58, in run
    result = self.fn(*self.args, **self.kwargs)
  File "C:\Users\atulg\AppData\Roaming\Python\Python310\site-packages\asgiref\sync.py", line 522, in thread_handler
    return func(*args, **kwargs)
  File "C:\Users\atulg\AppData\Roaming\Python\Python310\site-packages\django\contrib\admin\options.py", line 716, in wrapper
    return self.admin_site.admin_view(view)(*args, **kwargs)
  File "C:\Users\atulg\AppData\Roaming\Python\Python310\site-packages\django\utils\decorators.py", line 188, in _view_wrapper
    result = _process_exception(request, e)
  File "C:\Users\atulg\AppData\Roaming\Python\Python310\site-packages\django\utils\decorators.py", line 186, in _view_wrapper
    response = view_func(request, *args, **kwargs)
  File "C:\Users\atulg\AppData\Roaming\Python\Python310\site-packages\django\views\decorators\cache.py", line 80, in _view_wrapper
    response = view_func(request, *args, **kwargs)
  File "C:\Users\atulg\AppData\Roaming\Python\Python310\site-packages\django\contrib\admin\sites.py", line 240, in inner
    return view(request, *args, **kwargs)
  File "C:\Users\atulg\AppData\Roaming\Python\Python310\site-packages\django\contrib\admin\options.py", line 1945, in add_view
    return self.changeform_view(request, None, form_url, extra_context)
  File "C:\Users\atulg\AppData\Roaming\Python\Python310\site-packages\django\utils\decorators.py", line 48, in _wrapper
    return bound_method(*args, **kwargs)
  File "C:\Users\atulg\AppData\Roaming\Python\Python310\site-packages\django\utils\decorators.py", line 188, in _view_wrapper
    result = _process_exception(request, e)
  File "C:\Users\atulg\AppData\Roaming\Python\Python310\site-packages\django\utils\decorators.py", line 186, in _view_wrapper
    response = view_func(request, *args, **kwargs)
  File "C:\Users\atulg\AppData\Roaming\Python\Python310\site-packages\django\contrib\admin\options.py", line 1804, in changeform_view
    return self._changeform_view(request, object_id, form_url, extra_context)
  File "C:\Users\atulg\AppData\Roaming\Python\Python310\site-packages\django\contrib\admin\options.py", line 1855, in _changeform_view
    self.save_model(request, new_object, form, not add)
  File "C:\Users\atulg\AppData\Roaming\Python\Python310\site-packages\django\contrib\admin\options.py", line 1259, in save_model
    obj.save()
  File "D:\stox\app\models.py", line 414, in save
    today = timezone.now().date() - 1
TypeError: unsupported operand type(s) for -: 'datetime.date' and 'int'
2024-09-07 05:38:42,072 [35;1mHTTP POST /admin/app/onstockbalancehistory/add/ 500 [0.24, 127.0.0.1:54148][0m
2024-09-07 05:38:42,210 Not Found: /favicon.ico
2024-09-07 05:38:42,210 [33mHTTP GET /favicon.ico 404 [0.01, 127.0.0.1:54148][0m
2024-09-07 05:38:51,952 D:\stox\app\models.py changed, reloading.
2024-09-07 05:39:12,654 D:\stox\stock\settings.py changed, reloading.
2024-09-07 05:39:18,770 [32mHTTP POST /admin/app/onstockbalancehistory/add/ 302 [0.09, 127.0.0.1:54169][0m
2024-09-07 05:39:18,855 [mHTTP GET /admin/app/onstockbalancehistory/ 200 [0.08, 127.0.0.1:54169][0m
2024-09-07 05:39:18,879 [mHTTP GET /admin/jsi18n/ 200 [0.01, 127.0.0.1:54169][0m
2024-09-07 05:39:32,614 D:\stox\app\models.py changed, reloading.
2024-09-07 05:39:40,129 [mHTTP POST /admin/app/onstockbalancehistory/ 200 [0.12, 127.0.0.1:54184][0m
2024-09-07 05:39:41,604 [32mHTTP POST /admin/app/onstockbalancehistory/ 302 [0.03, 127.0.0.1:54184][0m
2024-09-07 05:39:41,724 [mHTTP GET /admin/app/onstockbalancehistory/ 200 [0.11, 127.0.0.1:54184][0m
2024-09-07 05:39:41,763 [mHTTP GET /admin/jsi18n/ 200 [0.01, 127.0.0.1:54184][0m
2024-09-07 05:39:45,411 [mHTTP GET /admin/app/onstockbalancehistory/add/ 200 [0.06, 127.0.0.1:54184][0m
2024-09-07 05:39:45,447 [mHTTP GET /admin/jsi18n/ 200 [0.01, 127.0.0.1:54184][0m
2024-09-07 05:39:45,506 [mHTTP GET /static/admin/js/calendar.js 200 [0.07, 127.0.0.1:54185][0m
2024-09-07 05:39:45,507 [mHTTP GET /static/admin/js/admin/DateTimeShortcuts.js 200 [0.07, 127.0.0.1:54189][0m
2024-09-07 05:39:47,107 Internal Server Error: /admin/app/onstockbalancehistory/add/
Traceback (most recent call last):
  File "C:\Users\atulg\AppData\Roaming\Python\Python310\site-packages\asgiref\sync.py", line 518, in thread_handler
    raise exc_info[1]
  File "C:\Users\atulg\AppData\Roaming\Python\Python310\site-packages\django\core\handlers\exception.py", line 42, in inner
    response = await get_response(request)
  File "C:\Users\atulg\AppData\Roaming\Python\Python310\site-packages\django\core\handlers\base.py", line 253, in _get_response_async
    response = await wrapped_callback(
  File "C:\Users\atulg\AppData\Roaming\Python\Python310\site-packages\asgiref\sync.py", line 468, in __call__
    ret = await asyncio.shield(exec_coro)
  File "C:\Program Files\Python310\lib\concurrent\futures\thread.py", line 58, in run
    result = self.fn(*self.args, **self.kwargs)
  File "C:\Users\atulg\AppData\Roaming\Python\Python310\site-packages\asgiref\sync.py", line 522, in thread_handler
    return func(*args, **kwargs)
  File "C:\Users\atulg\AppData\Roaming\Python\Python310\site-packages\django\contrib\admin\options.py", line 716, in wrapper
    return self.admin_site.admin_view(view)(*args, **kwargs)
  File "C:\Users\atulg\AppData\Roaming\Python\Python310\site-packages\django\utils\decorators.py", line 188, in _view_wrapper
    result = _process_exception(request, e)
  File "C:\Users\atulg\AppData\Roaming\Python\Python310\site-packages\django\utils\decorators.py", line 186, in _view_wrapper
    response = view_func(request, *args, **kwargs)
  File "C:\Users\atulg\AppData\Roaming\Python\Python310\site-packages\django\views\decorators\cache.py", line 80, in _view_wrapper
    response = view_func(request, *args, **kwargs)
  File "C:\Users\atulg\AppData\Roaming\Python\Python310\site-packages\django\contrib\admin\sites.py", line 240, in inner
    return view(request, *args, **kwargs)
  File "C:\Users\atulg\AppData\Roaming\Python\Python310\site-packages\django\contrib\admin\options.py", line 1945, in add_view
    return self.changeform_view(request, None, form_url, extra_context)
  File "C:\Users\atulg\AppData\Roaming\Python\Python310\site-packages\django\utils\decorators.py", line 48, in _wrapper
    return bound_method(*args, **kwargs)
  File "C:\Users\atulg\AppData\Roaming\Python\Python310\site-packages\django\utils\decorators.py", line 188, in _view_wrapper
    result = _process_exception(request, e)
  File "C:\Users\atulg\AppData\Roaming\Python\Python310\site-packages\django\utils\decorators.py", line 186, in _view_wrapper
    response = view_func(request, *args, **kwargs)
  File "C:\Users\atulg\AppData\Roaming\Python\Python310\site-packages\django\contrib\admin\options.py", line 1804, in changeform_view
    return self._changeform_view(request, object_id, form_url, extra_context)
  File "C:\Users\atulg\AppData\Roaming\Python\Python310\site-packages\django\contrib\admin\options.py", line 1855, in _changeform_view
    self.save_model(request, new_object, form, not add)
  File "C:\Users\atulg\AppData\Roaming\Python\Python310\site-packages\django\contrib\admin\options.py", line 1259, in save_model
    obj.save()
  File "D:\stox\app\models.py", line 414, in save
    today = timezone.now().date() - 1
TypeError: unsupported operand type(s) for -: 'datetime.date' and 'int'
2024-09-07 05:39:47,120 [35;1mHTTP POST /admin/app/onstockbalancehistory/add/ 500 [0.20, 127.0.0.1:54189][0m
2024-09-07 05:40:14,096 D:\stox\app\models.py changed, reloading.
2024-09-07 05:40:34,793 D:\stox\app\models.py changed, reloading.
2024-09-07 05:40:45,813 [32mHTTP POST /admin/app/onstockbalancehistory/add/ 302 [0.10, 127.0.0.1:54237][0m
2024-09-07 05:40:45,914 [mHTTP GET /admin/app/onstockbalancehistory/ 200 [0.10, 127.0.0.1:54237][0m
2024-09-07 05:40:45,956 [mHTTP GET /admin/jsi18n/ 200 [0.01, 127.0.0.1:54237][0m
2024-09-07 05:46:35,172 [mHTTP GET /admin/settings/mcx_market_time/ 200 [0.24, 127.0.0.1:54331][0m
2024-09-07 05:46:35,206 [mHTTP GET /admin/jsi18n/ 200 [0.01, 127.0.0.1:54331][0m
2024-09-07 05:46:37,802 [mHTTP GET /admin/settings/mcx_market_time/1/change/ 200 [0.08, 127.0.0.1:54337][0m
2024-09-07 05:46:37,831 [mHTTP GET /admin/jsi18n/ 200 [0.01, 127.0.0.1:54337][0m
2024-09-07 05:46:48,402 [32mHTTP POST /admin/settings/mcx_market_time/1/change/ 302 [0.02, 127.0.0.1:54347][0m
2024-09-07 05:46:48,446 [mHTTP GET /admin/settings/mcx_market_time/ 200 [0.04, 127.0.0.1:54347][0m
2024-09-07 05:46:48,478 [mHTTP GET /admin/jsi18n/ 200 [0.01, 127.0.0.1:54347][0m
2024-09-07 05:46:52,660 [mHTTP GET /admin/settings/nse_market_time/ 200 [0.04, 127.0.0.1:54347][0m
2024-09-07 05:46:52,690 [mHTTP GET /admin/jsi18n/ 200 [0.01, 127.0.0.1:54347][0m
2024-09-07 05:46:54,106 [mHTTP GET /admin/settings/nse_market_time/1/change/ 200 [0.08, 127.0.0.1:54347][0m
2024-09-07 05:46:54,142 [mHTTP GET /admin/jsi18n/ 200 [0.01, 127.0.0.1:54347][0m
2024-09-07 05:46:57,216 [32mHTTP POST /admin/settings/nse_market_time/1/change/ 302 [0.03, 127.0.0.1:54347][0m
2024-09-07 05:46:57,269 [mHTTP GET /admin/settings/nse_market_time/ 200 [0.05, 127.0.0.1:54347][0m
2024-09-07 05:46:57,312 [mHTTP GET /admin/jsi18n/ 200 [0.01, 127.0.0.1:54347][0m
2024-09-07 05:47:04,990 [mHTTP GET /watchlist 200 [0.12, 127.0.0.1:54353][0m
2024-09-07 05:47:10,075 [32mHTTP POST /place_order 302 [0.14, 127.0.0.1:54356][0m
2024-09-07 05:47:10,203 [mHTTP GET /orders 200 [0.12, 127.0.0.1:54356][0m
2024-09-07 05:47:13,944 [mHTTP GET /portfolio 200 [0.05, 127.0.0.1:54356][0m
2024-09-07 05:47:43,332 [32mHTTP GET /close_position 302 [0.10, 127.0.0.1:54378][0m
2024-09-07 05:47:43,425 [mHTTP GET /admin/ 200 [0.09, 127.0.0.1:54378][0m
2024-09-07 05:47:46,928 [mHTTP GET /portfolio 200 [0.03, 127.0.0.1:54378][0m
2024-09-07 05:48:20,814 D:\stox\app\management\commands\close_positions.py changed, reloading.
2024-09-07 05:48:27,705 [mHTTP GET /admin/ 200 [0.09, 127.0.0.1:54404][0m
2024-09-07 05:48:31,250 [32mHTTP GET /close_position 302 [0.09, 127.0.0.1:54409][0m
2024-09-07 05:48:31,335 [mHTTP GET /admin/ 200 [0.08, 127.0.0.1:54409][0m
2024-09-07 05:48:58,017 D:\stox\app\management\commands\close_positions.py changed, reloading.
2024-09-07 05:49:05,483 [mHTTP GET /portfolio 200 [0.04, 127.0.0.1:54426][0m
2024-09-07 05:49:09,718 [32mHTTP POST /place_order 302 [0.07, 127.0.0.1:54431][0m
2024-09-07 05:49:09,807 [mHTTP GET /orders 200 [0.08, 127.0.0.1:54431][0m
2024-09-07 05:49:13,092 [mHTTP GET /portfolio 200 [0.02, 127.0.0.1:54431][0m
2024-09-07 05:49:59,931 [32mHTTP POST /place_order 302 [0.05, 127.0.0.1:54446][0m
2024-09-07 05:50:00,005 [mHTTP GET /orders 200 [0.07, 127.0.0.1:54446][0m
2024-09-07 05:50:03,298 [mHTTP GET /portfolio 200 [0.02, 127.0.0.1:54446][0m
2024-09-07 05:50:30,191 [32mHTTP GET /close_position 302 [0.06, 127.0.0.1:54455][0m
2024-09-07 05:50:30,262 [mHTTP GET /admin/ 200 [0.07, 127.0.0.1:54455][0m
2024-09-07 05:50:51,896 D:\stox\app\management\commands\close_positions.py changed, reloading.
2024-09-07 05:51:01,230 [mHTTP GET /portfolio 200 [0.06, 127.0.0.1:54469][0m
2024-09-07 05:51:01,892 [mHTTP GET /portfolio 200 [0.02, 127.0.0.1:54469][0m
2024-09-07 05:51:10,261 [mHTTP GET /admin/settings/nse_market_time/1/change/ 200 [0.17, 127.0.0.1:54480][0m
2024-09-07 05:51:10,292 [mHTTP GET /admin/jsi18n/ 200 [0.00, 127.0.0.1:54480][0m
2024-09-07 05:51:15,141 [32mHTTP POST /admin/settings/nse_market_time/1/change/ 302 [0.03, 127.0.0.1:54480][0m
2024-09-07 05:51:15,320 [mHTTP GET /admin/settings/nse_market_time/ 200 [0.17, 127.0.0.1:54480][0m
2024-09-07 05:51:15,356 [mHTTP GET /admin/jsi18n/ 200 [0.01, 127.0.0.1:54480][0m
2024-09-07 05:51:19,607 [32mHTTP GET /close_position 302 [0.04, 127.0.0.1:54483][0m
2024-09-07 05:51:19,652 [mHTTP GET /admin/ 200 [0.04, 127.0.0.1:54483][0m
